-- The C compiler identification is GNU 9.4.0
-- The CXX compiler identification is GNU 9.4.0
-- Check for working C compiler: /usr/bin/cc
-- Check for working C compiler: /usr/bin/cc -- works
-- Detecting C compiler ABI info
-- Detecting C compiler ABI info - done
-- Detecting C compile features
-- Detecting C compile features - done
-- Check for working CXX compiler: /usr/bin/c++
-- Check for working CXX compiler: /usr/bin/c++ -- works
-- Detecting CXX compiler ABI info
-- Detecting CXX compiler ABI info - done
-- Detecting CXX compile features
-- Detecting CXX compile features - done
-- Found ament_cmake: 0.9.9 (/opt/ros/foxy/share/ament_cmake/cmake)
-- Found PythonInterp: /usr/bin/python3 (found suitable version "3.8.10", minimum required is "3") 
-- Using PYTHON_EXECUTABLE: /usr/bin/python3
-- Found geometry_msgs: 2.0.5 (/opt/ros/foxy/share/geometry_msgs/cmake)
-- Using all available rosidl_typesupport_c: rosidl_typesupport_fastrtps_c;rosidl_typesupport_introspection_c
-- Found rosidl_adapter: 1.2.1 (/opt/ros/foxy/share/rosidl_adapter/cmake)
-- Found OpenSSL: /usr/lib/x86_64-linux-gnu/libcrypto.so (found version "1.1.1f")  
-- Found FastRTPS: /opt/ros/foxy/include  
-- Using all available rosidl_typesupport_cpp: rosidl_typesupport_fastrtps_cpp;rosidl_typesupport_introspection_cpp
-- Found rosidl_default_generators: 1.0.1 (/opt/ros/foxy/share/rosidl_default_generators/cmake)
-- Found trajectory_msgs: 2.0.5 (/opt/ros/foxy/share/trajectory_msgs/cmake)
-- Found PythonInterp: /usr/bin/python3 (found version "3.8.10") 
-- Found ament_cmake_ros: 0.9.2 (/opt/ros/foxy/share/ament_cmake_ros/cmake)
-- Using all available rosidl_typesupport_c: rosidl_typesupport_fastrtps_c;rosidl_typesupport_introspection_c
-- Using all available rosidl_typesupport_cpp: rosidl_typesupport_fastrtps_cpp;rosidl_typesupport_introspection_cpp
-- Found PythonInterp: /usr/bin/python3 (found suitable version "3.8.10", minimum required is "3.5") 
-- Found python_cmake_module: 0.8.1 (/opt/ros/foxy/share/python_cmake_module/cmake)
-- Found PythonLibs: /usr/lib/x86_64-linux-gnu/libpython3.8.so (found suitable version "3.8.10", minimum required is "3.5") 
-- Using PYTHON_EXECUTABLE: /usr/bin/python3
-- Using PYTHON_INCLUDE_DIRS: /usr/include/python3.8
-- Using PYTHON_LIBRARIES: /usr/lib/x86_64-linux-gnu/libpython3.8.so
-- Found PythonExtra: .so  
-- Found ament_lint_auto: 0.9.6 (/opt/ros/foxy/share/ament_lint_auto/cmake)
-- Configuring done
-- Generating done
-- Build files have been written to: /home/D10.US.SWRI.ORG/dspielman/snp/snp_ws/src/scan_n_plan_workshop/build/snp_msgs
[35m[1mScanning dependencies of target snp_msgs__cpp[0m
[  1%] [34m[1mGenerating C code for ROS interfaces[0m
[  3%] [34m[1mGenerating C++ code for ROS interfaces[0m
[35m[1mScanning dependencies of target snp_msgs__rosidl_generator_c[0m
[  4%] [32mBuilding C object CMakeFiles/snp_msgs__rosidl_generator_c.dir/rosidl_generator_c/snp_msgs/msg/detail/tool_path__functions.c.o[0m
[  6%] [32mBuilding C object CMakeFiles/snp_msgs__rosidl_generator_c.dir/rosidl_generator_c/snp_msgs/msg/detail/tool_paths__functions.c.o[0m
[  7%] [32mBuilding C object CMakeFiles/snp_msgs__rosidl_generator_c.dir/rosidl_generator_c/snp_msgs/srv/detail/generate_motion_plan__functions.c.o[0m
[  9%] [32mBuilding C object CMakeFiles/snp_msgs__rosidl_generator_c.dir/rosidl_generator_c/snp_msgs/srv/detail/execute_motion_plan__functions.c.o[0m
[ 11%] [32mBuilding C object CMakeFiles/snp_msgs__rosidl_generator_c.dir/rosidl_generator_c/snp_msgs/srv/detail/generate_tool_paths__functions.c.o[0m
[ 11%] Built target snp_msgs__cpp
[ 12%] [34m[1mGenerating C++ type support for eProsima Fast-RTPS[0m
[ 14%] [34m[1mGenerating C++ introspection for ROS interfaces[0m
[ 15%] [34m[1mGenerating C++ type support dispatch for ROS interfaces[0m
[ 17%] [32m[1mLinking C shared library libsnp_msgs__rosidl_generator_c.so[0m
[ 17%] Built target snp_msgs__rosidl_generator_c
[ 19%] [34m[1mGenerating C type support dispatch for ROS interfaces[0m
[ 20%] [34m[1mGenerating C introspection for ROS interfaces[0m
[35m[1mScanning dependencies of target snp_msgs__rosidl_typesupport_cpp[0m
[ 22%] [32mBuilding CXX object CMakeFiles/snp_msgs__rosidl_typesupport_cpp.dir/rosidl_typesupport_cpp/snp_msgs/msg/tool_path__type_support.cpp.o[0m
[35m[1mScanning dependencies of target snp_msgs__rosidl_typesupport_fastrtps_cpp[0m
[ 23%] [32mBuilding CXX object CMakeFiles/snp_msgs__rosidl_typesupport_cpp.dir/rosidl_typesupport_cpp/snp_msgs/srv/execute_motion_plan__type_support.cpp.o[0m
[ 25%] [32mBuilding CXX object CMakeFiles/snp_msgs__rosidl_typesupport_cpp.dir/rosidl_typesupport_cpp/snp_msgs/msg/tool_paths__type_support.cpp.o[0m
[ 26%] [32mBuilding CXX object CMakeFiles/snp_msgs__rosidl_typesupport_cpp.dir/rosidl_typesupport_cpp/snp_msgs/srv/generate_motion_plan__type_support.cpp.o[0m
[35m[1mScanning dependencies of target snp_msgs__rosidl_typesupport_introspection_cpp[0m
[ 28%] [32mBuilding CXX object CMakeFiles/snp_msgs__rosidl_typesupport_fastrtps_cpp.dir/rosidl_typesupport_fastrtps_cpp/snp_msgs/msg/detail/dds_fastrtps/tool_path__type_support.cpp.o[0m
[ 30%] [32mBuilding CXX object CMakeFiles/snp_msgs__rosidl_typesupport_introspection_cpp.dir/rosidl_typesupport_introspection_cpp/snp_msgs/msg/detail/tool_path__type_support.cpp.o[0m
[35m[1mScanning dependencies of target snp_msgs__rosidl_typesupport_c[0m
[ 31%] [32mBuilding CXX object CMakeFiles/snp_msgs__rosidl_typesupport_introspection_cpp.dir/rosidl_typesupport_introspection_cpp/snp_msgs/msg/detail/tool_paths__type_support.cpp.o[0m
[ 33%] [32mBuilding CXX object CMakeFiles/snp_msgs__rosidl_typesupport_c.dir/rosidl_typesupport_c/snp_msgs/msg/tool_path__type_support.cpp.o[0m
[ 34%] [32mBuilding CXX object CMakeFiles/snp_msgs__rosidl_typesupport_introspection_cpp.dir/rosidl_typesupport_introspection_cpp/snp_msgs/srv/detail/execute_motion_plan__type_support.cpp.o[0m
[ 36%] [32mBuilding CXX object CMakeFiles/snp_msgs__rosidl_typesupport_c.dir/rosidl_typesupport_c/snp_msgs/msg/tool_paths__type_support.cpp.o[0m
[ 38%] [32mBuilding CXX object CMakeFiles/snp_msgs__rosidl_typesupport_cpp.dir/rosidl_typesupport_cpp/snp_msgs/srv/generate_tool_paths__type_support.cpp.o[0m
[ 39%] [32mBuilding CXX object CMakeFiles/snp_msgs__rosidl_typesupport_introspection_cpp.dir/rosidl_typesupport_introspection_cpp/snp_msgs/srv/detail/generate_motion_plan__type_support.cpp.o[0m
[35m[1mScanning dependencies of target snp_msgs__rosidl_typesupport_introspection_c[0m
[ 41%] [32mBuilding CXX object CMakeFiles/snp_msgs__rosidl_typesupport_c.dir/rosidl_typesupport_c/snp_msgs/srv/execute_motion_plan__type_support.cpp.o[0m
[ 42%] [32mBuilding CXX object CMakeFiles/snp_msgs__rosidl_typesupport_fastrtps_cpp.dir/rosidl_typesupport_fastrtps_cpp/snp_msgs/msg/detail/dds_fastrtps/tool_paths__type_support.cpp.o[0m
[ 44%] [32mBuilding CXX object CMakeFiles/snp_msgs__rosidl_typesupport_introspection_cpp.dir/rosidl_typesupport_introspection_cpp/snp_msgs/srv/detail/generate_tool_paths__type_support.cpp.o[0m
[ 46%] [32mBuilding C object CMakeFiles/snp_msgs__rosidl_typesupport_introspection_c.dir/rosidl_typesupport_introspection_c/snp_msgs/msg/detail/tool_path__type_support.c.o[0m
[ 47%] [32mBuilding CXX object CMakeFiles/snp_msgs__rosidl_typesupport_c.dir/rosidl_typesupport_c/snp_msgs/srv/generate_motion_plan__type_support.cpp.o[0m
[ 49%] [32mBuilding CXX object CMakeFiles/snp_msgs__rosidl_typesupport_fastrtps_cpp.dir/rosidl_typesupport_fastrtps_cpp/snp_msgs/srv/detail/dds_fastrtps/execute_motion_plan__type_support.cpp.o[0m
[ 50%] [32mBuilding CXX object CMakeFiles/snp_msgs__rosidl_typesupport_c.dir/rosidl_typesupport_c/snp_msgs/srv/generate_tool_paths__type_support.cpp.o[0m
[ 52%] [32mBuilding C object CMakeFiles/snp_msgs__rosidl_typesupport_introspection_c.dir/rosidl_typesupport_introspection_c/snp_msgs/msg/detail/tool_paths__type_support.c.o[0m
[ 53%] [32mBuilding CXX object CMakeFiles/snp_msgs__rosidl_typesupport_fastrtps_cpp.dir/rosidl_typesupport_fastrtps_cpp/snp_msgs/srv/detail/dds_fastrtps/generate_motion_plan__type_support.cpp.o[0m
[ 55%] [32m[1mLinking CXX shared library libsnp_msgs__rosidl_typesupport_c.so[0m
[ 57%] [32mBuilding C object CMakeFiles/snp_msgs__rosidl_typesupport_introspection_c.dir/rosidl_typesupport_introspection_c/snp_msgs/srv/detail/execute_motion_plan__type_support.c.o[0m
[ 58%] [32m[1mLinking CXX shared library libsnp_msgs__rosidl_typesupport_cpp.so[0m
[ 60%] [32mBuilding C object CMakeFiles/snp_msgs__rosidl_typesupport_introspection_c.dir/rosidl_typesupport_introspection_c/snp_msgs/srv/detail/generate_motion_plan__type_support.c.o[0m
[ 61%] [32mBuilding CXX object CMakeFiles/snp_msgs__rosidl_typesupport_fastrtps_cpp.dir/rosidl_typesupport_fastrtps_cpp/snp_msgs/srv/detail/dds_fastrtps/generate_tool_paths__type_support.cpp.o[0m
[ 61%] Built target snp_msgs__rosidl_typesupport_c
[ 63%] [32m[1mLinking CXX shared library libsnp_msgs__rosidl_typesupport_introspection_cpp.so[0m
[ 65%] [32mBuilding C object CMakeFiles/snp_msgs__rosidl_typesupport_introspection_c.dir/rosidl_typesupport_introspection_c/snp_msgs/srv/detail/generate_tool_paths__type_support.c.o[0m
[ 65%] Built target snp_msgs__rosidl_typesupport_cpp
[ 66%] [32m[1mLinking C shared library libsnp_msgs__rosidl_typesupport_introspection_c.so[0m
[ 66%] Built target snp_msgs__rosidl_typesupport_introspection_cpp
[ 66%] Built target snp_msgs__rosidl_typesupport_introspection_c
[ 68%] [32m[1mLinking CXX shared library libsnp_msgs__rosidl_typesupport_fastrtps_cpp.so[0m
[ 68%] Built target snp_msgs__rosidl_typesupport_fastrtps_cpp
[ 69%] [34m[1mGenerating C type support for eProsima Fast-RTPS[0m
[35m[1mScanning dependencies of target snp_msgs__rosidl_typesupport_fastrtps_c[0m
[ 71%] [32mBuilding CXX object CMakeFiles/snp_msgs__rosidl_typesupport_fastrtps_c.dir/rosidl_typesupport_fastrtps_c/snp_msgs/srv/detail/execute_motion_plan__type_support_c.cpp.o[0m
[ 73%] [32mBuilding CXX object CMakeFiles/snp_msgs__rosidl_typesupport_fastrtps_c.dir/rosidl_typesupport_fastrtps_c/snp_msgs/msg/detail/tool_path__type_support_c.cpp.o[0m
[ 76%] [32mBuilding CXX object CMakeFiles/snp_msgs__rosidl_typesupport_fastrtps_c.dir/rosidl_typesupport_fastrtps_c/snp_msgs/msg/detail/tool_paths__type_support_c.cpp.o[0m
[ 76%] [32mBuilding CXX object CMakeFiles/snp_msgs__rosidl_typesupport_fastrtps_c.dir/rosidl_typesupport_fastrtps_c/snp_msgs/srv/detail/generate_tool_paths__type_support_c.cpp.o[0m
[ 77%] [32mBuilding CXX object CMakeFiles/snp_msgs__rosidl_typesupport_fastrtps_c.dir/rosidl_typesupport_fastrtps_c/snp_msgs/srv/detail/generate_motion_plan__type_support_c.cpp.o[0m
[ 79%] [32m[1mLinking CXX shared library libsnp_msgs__rosidl_typesupport_fastrtps_c.so[0m
[ 79%] Built target snp_msgs__rosidl_typesupport_fastrtps_c
[35m[1mScanning dependencies of target snp_msgs[0m
[ 79%] Built target snp_msgs
[35m[1mScanning dependencies of target snp_msgs__py[0m
[ 80%] [34m[1mGenerating Python code for ROS interfaces[0m
[ 80%] Built target snp_msgs__py
[35m[1mScanning dependencies of target snp_msgs__python[0m
[ 84%] [32mBuilding C object CMakeFiles/snp_msgs__python.dir/rosidl_generator_py/snp_msgs/srv/_generate_motion_plan_s.c.o[0m
[ 84%] [32mBuilding C object CMakeFiles/snp_msgs__python.dir/rosidl_generator_py/snp_msgs/srv/_generate_tool_paths_s.c.o[0m
[ 85%] [32mBuilding C object CMakeFiles/snp_msgs__python.dir/rosidl_generator_py/snp_msgs/msg/_tool_paths_s.c.o[0m
[ 88%] [32mBuilding C object CMakeFiles/snp_msgs__python.dir/rosidl_generator_py/snp_msgs/msg/_tool_path_s.c.o[0m
[ 88%] [32mBuilding C object CMakeFiles/snp_msgs__python.dir/rosidl_generator_py/snp_msgs/srv/_execute_motion_plan_s.c.o[0m
[ 90%] [32m[1mLinking C shared library rosidl_generator_py/snp_msgs/libsnp_msgs__python.so[0m
[ 90%] Built target snp_msgs__python
[35m[1mScanning dependencies of target snp_msgs__rosidl_typesupport_introspection_c__pyext[0m
[35m[1mScanning dependencies of target snp_msgs__rosidl_typesupport_fastrtps_c__pyext[0m
[35m[1mScanning dependencies of target snp_msgs__rosidl_typesupport_c__pyext[0m
[ 92%] [32mBuilding C object CMakeFiles/snp_msgs__rosidl_typesupport_introspection_c__pyext.dir/rosidl_generator_py/snp_msgs/_snp_msgs_s.ep.rosidl_typesupport_introspection_c.c.o[0m
[ 95%] [32mBuilding C object CMakeFiles/snp_msgs__rosidl_typesupport_c__pyext.dir/rosidl_generator_py/snp_msgs/_snp_msgs_s.ep.rosidl_typesupport_c.c.o[0m
[ 95%] [32mBuilding C object CMakeFiles/snp_msgs__rosidl_typesupport_fastrtps_c__pyext.dir/rosidl_generator_py/snp_msgs/_snp_msgs_s.ep.rosidl_typesupport_fastrtps_c.c.o[0m
[ 96%] [32m[1mLinking C shared library rosidl_generator_py/snp_msgs/snp_msgs_s__rosidl_typesupport_c.cpython-38-x86_64-linux-gnu.so[0m
[ 98%] [32m[1mLinking C shared library rosidl_generator_py/snp_msgs/snp_msgs_s__rosidl_typesupport_introspection_c.cpython-38-x86_64-linux-gnu.so[0m
[100%] [32m[1mLinking CXX shared library rosidl_generator_py/snp_msgs/snp_msgs_s__rosidl_typesupport_fastrtps_c.cpython-38-x86_64-linux-gnu.so[0m
[100%] Built target snp_msgs__rosidl_typesupport_c__pyext
[100%] Built target snp_msgs__rosidl_typesupport_introspection_c__pyext
[100%] Built target snp_msgs__rosidl_typesupport_fastrtps_c__pyext
-- Install configuration: ""
-- Installing: /home/D10.US.SWRI.ORG/dspielman/snp/snp_ws/src/scan_n_plan_workshop/install/snp_msgs/share/ament_index/resource_index/rosidl_interfaces/snp_msgs
-- Installing: /home/D10.US.SWRI.ORG/dspielman/snp/snp_ws/src/scan_n_plan_workshop/install/snp_msgs/include/snp_msgs
-- Installing: /home/D10.US.SWRI.ORG/dspielman/snp/snp_ws/src/scan_n_plan_workshop/install/snp_msgs/include/snp_msgs/msg
-- Installing: /home/D10.US.SWRI.ORG/dspielman/snp/snp_ws/src/scan_n_plan_workshop/install/snp_msgs/include/snp_msgs/msg/tool_path.h
-- Installing: /home/D10.US.SWRI.ORG/dspielman/snp/snp_ws/src/scan_n_plan_workshop/install/snp_msgs/include/snp_msgs/msg/rosidl_generator_c__visibility_control.h
-- Installing: /home/D10.US.SWRI.ORG/dspielman/snp/snp_ws/src/scan_n_plan_workshop/install/snp_msgs/include/snp_msgs/msg/tool_paths.h
-- Installing: /home/D10.US.SWRI.ORG/dspielman/snp/snp_ws/src/scan_n_plan_workshop/install/snp_msgs/include/snp_msgs/msg/detail
-- Installing: /home/D10.US.SWRI.ORG/dspielman/snp/snp_ws/src/scan_n_plan_workshop/install/snp_msgs/include/snp_msgs/msg/detail/tool_path__type_support.h
-- Installing: /home/D10.US.SWRI.ORG/dspielman/snp/snp_ws/src/scan_n_plan_workshop/install/snp_msgs/include/snp_msgs/msg/detail/tool_paths__struct.h
-- Installing: /home/D10.US.SWRI.ORG/dspielman/snp/snp_ws/src/scan_n_plan_workshop/install/snp_msgs/include/snp_msgs/msg/detail/tool_paths__functions.c
-- Installing: /home/D10.US.SWRI.ORG/dspielman/snp/snp_ws/src/scan_n_plan_workshop/install/snp_msgs/include/snp_msgs/msg/detail/tool_path__struct.h
-- Installing: /home/D10.US.SWRI.ORG/dspielman/snp/snp_ws/src/scan_n_plan_workshop/install/snp_msgs/include/snp_msgs/msg/detail/tool_path__functions.h
-- Installing: /home/D10.US.SWRI.ORG/dspielman/snp/snp_ws/src/scan_n_plan_workshop/install/snp_msgs/include/snp_msgs/msg/detail/tool_path__functions.c
-- Installing: /home/D10.US.SWRI.ORG/dspielman/snp/snp_ws/src/scan_n_plan_workshop/install/snp_msgs/include/snp_msgs/msg/detail/tool_paths__type_support.h
-- Installing: /home/D10.US.SWRI.ORG/dspielman/snp/snp_ws/src/scan_n_plan_workshop/install/snp_msgs/include/snp_msgs/msg/detail/tool_paths__functions.h
-- Installing: /home/D10.US.SWRI.ORG/dspielman/snp/snp_ws/src/scan_n_plan_workshop/install/snp_msgs/include/snp_msgs/srv
-- Installing: /home/D10.US.SWRI.ORG/dspielman/snp/snp_ws/src/scan_n_plan_workshop/install/snp_msgs/include/snp_msgs/srv/generate_motion_plan.h
-- Installing: /home/D10.US.SWRI.ORG/dspielman/snp/snp_ws/src/scan_n_plan_workshop/install/snp_msgs/include/snp_msgs/srv/generate_tool_paths.h
-- Installing: /home/D10.US.SWRI.ORG/dspielman/snp/snp_ws/src/scan_n_plan_workshop/install/snp_msgs/include/snp_msgs/srv/detail
-- Installing: /home/D10.US.SWRI.ORG/dspielman/snp/snp_ws/src/scan_n_plan_workshop/install/snp_msgs/include/snp_msgs/srv/detail/generate_tool_paths__type_support.h
-- Installing: /home/D10.US.SWRI.ORG/dspielman/snp/snp_ws/src/scan_n_plan_workshop/install/snp_msgs/include/snp_msgs/srv/detail/execute_motion_plan__struct.h
-- Installing: /home/D10.US.SWRI.ORG/dspielman/snp/snp_ws/src/scan_n_plan_workshop/install/snp_msgs/include/snp_msgs/srv/detail/execute_motion_plan__functions.c
-- Installing: /home/D10.US.SWRI.ORG/dspielman/snp/snp_ws/src/scan_n_plan_workshop/install/snp_msgs/include/snp_msgs/srv/detail/generate_tool_paths__struct.h
-- Installing: /home/D10.US.SWRI.ORG/dspielman/snp/snp_ws/src/scan_n_plan_workshop/install/snp_msgs/include/snp_msgs/srv/detail/generate_motion_plan__type_support.h
-- Installing: /home/D10.US.SWRI.ORG/dspielman/snp/snp_ws/src/scan_n_plan_workshop/install/snp_msgs/include/snp_msgs/srv/detail/generate_motion_plan__functions.h
-- Installing: /home/D10.US.SWRI.ORG/dspielman/snp/snp_ws/src/scan_n_plan_workshop/install/snp_msgs/include/snp_msgs/srv/detail/generate_motion_plan__struct.h
-- Installing: /home/D10.US.SWRI.ORG/dspielman/snp/snp_ws/src/scan_n_plan_workshop/install/snp_msgs/include/snp_msgs/srv/detail/execute_motion_plan__functions.h
-- Installing: /home/D10.US.SWRI.ORG/dspielman/snp/snp_ws/src/scan_n_plan_workshop/install/snp_msgs/include/snp_msgs/srv/detail/generate_tool_paths__functions.h
-- Installing: /home/D10.US.SWRI.ORG/dspielman/snp/snp_ws/src/scan_n_plan_workshop/install/snp_msgs/include/snp_msgs/srv/detail/generate_tool_paths__functions.c
-- Installing: /home/D10.US.SWRI.ORG/dspielman/snp/snp_ws/src/scan_n_plan_workshop/install/snp_msgs/include/snp_msgs/srv/detail/execute_motion_plan__type_support.h
-- Installing: /home/D10.US.SWRI.ORG/dspielman/snp/snp_ws/src/scan_n_plan_workshop/install/snp_msgs/include/snp_msgs/srv/detail/generate_motion_plan__functions.c
-- Installing: /home/D10.US.SWRI.ORG/dspielman/snp/snp_ws/src/scan_n_plan_workshop/install/snp_msgs/include/snp_msgs/srv/execute_motion_plan.h
-- Installing: /home/D10.US.SWRI.ORG/dspielman/snp/snp_ws/src/scan_n_plan_workshop/install/snp_msgs/share/snp_msgs/environment/library_path.sh
-- Installing: /home/D10.US.SWRI.ORG/dspielman/snp/snp_ws/src/scan_n_plan_workshop/install/snp_msgs/share/snp_msgs/environment/library_path.dsv
-- Installing: /home/D10.US.SWRI.ORG/dspielman/snp/snp_ws/src/scan_n_plan_workshop/install/snp_msgs/lib/libsnp_msgs__rosidl_generator_c.so
-- Set runtime path of "/home/D10.US.SWRI.ORG/dspielman/snp/snp_ws/src/scan_n_plan_workshop/install/snp_msgs/lib/libsnp_msgs__rosidl_generator_c.so" to ""
-- Up-to-date: /home/D10.US.SWRI.ORG/dspielman/snp/snp_ws/src/scan_n_plan_workshop/install/snp_msgs/include/snp_msgs
-- Up-to-date: /home/D10.US.SWRI.ORG/dspielman/snp/snp_ws/src/scan_n_plan_workshop/install/snp_msgs/include/snp_msgs/msg
-- Installing: /home/D10.US.SWRI.ORG/dspielman/snp/snp_ws/src/scan_n_plan_workshop/install/snp_msgs/include/snp_msgs/msg/rosidl_typesupport_fastrtps_c__visibility_control.h
-- Up-to-date: /home/D10.US.SWRI.ORG/dspielman/snp/snp_ws/src/scan_n_plan_workshop/install/snp_msgs/include/snp_msgs/msg/detail
-- Installing: /home/D10.US.SWRI.ORG/dspielman/snp/snp_ws/src/scan_n_plan_workshop/install/snp_msgs/include/snp_msgs/msg/detail/tool_paths__rosidl_typesupport_fastrtps_c.h
-- Installing: /home/D10.US.SWRI.ORG/dspielman/snp/snp_ws/src/scan_n_plan_workshop/install/snp_msgs/include/snp_msgs/msg/detail/tool_path__rosidl_typesupport_fastrtps_c.h
-- Up-to-date: /home/D10.US.SWRI.ORG/dspielman/snp/snp_ws/src/scan_n_plan_workshop/install/snp_msgs/include/snp_msgs/srv
-- Up-to-date: /home/D10.US.SWRI.ORG/dspielman/snp/snp_ws/src/scan_n_plan_workshop/install/snp_msgs/include/snp_msgs/srv/detail
-- Installing: /home/D10.US.SWRI.ORG/dspielman/snp/snp_ws/src/scan_n_plan_workshop/install/snp_msgs/include/snp_msgs/srv/detail/execute_motion_plan__rosidl_typesupport_fastrtps_c.h
-- Installing: /home/D10.US.SWRI.ORG/dspielman/snp/snp_ws/src/scan_n_plan_workshop/install/snp_msgs/include/snp_msgs/srv/detail/generate_tool_paths__rosidl_typesupport_fastrtps_c.h
-- Installing: /home/D10.US.SWRI.ORG/dspielman/snp/snp_ws/src/scan_n_plan_workshop/install/snp_msgs/include/snp_msgs/srv/detail/generate_motion_plan__rosidl_typesupport_fastrtps_c.h
-- Installing: /home/D10.US.SWRI.ORG/dspielman/snp/snp_ws/src/scan_n_plan_workshop/install/snp_msgs/lib/libsnp_msgs__rosidl_typesupport_fastrtps_c.so
-- Set runtime path of "/home/D10.US.SWRI.ORG/dspielman/snp/snp_ws/src/scan_n_plan_workshop/install/snp_msgs/lib/libsnp_msgs__rosidl_typesupport_fastrtps_c.so" to ""
-- Up-to-date: /home/D10.US.SWRI.ORG/dspielman/snp/snp_ws/src/scan_n_plan_workshop/install/snp_msgs/include/snp_msgs
-- Up-to-date: /home/D10.US.SWRI.ORG/dspielman/snp/snp_ws/src/scan_n_plan_workshop/install/snp_msgs/include/snp_msgs/msg
-- Installing: /home/D10.US.SWRI.ORG/dspielman/snp/snp_ws/src/scan_n_plan_workshop/install/snp_msgs/include/snp_msgs/msg/rosidl_typesupport_fastrtps_cpp__visibility_control.h
-- Up-to-date: /home/D10.US.SWRI.ORG/dspielman/snp/snp_ws/src/scan_n_plan_workshop/install/snp_msgs/include/snp_msgs/msg/detail
-- Installing: /home/D10.US.SWRI.ORG/dspielman/snp/snp_ws/src/scan_n_plan_workshop/install/snp_msgs/include/snp_msgs/msg/detail/tool_path__rosidl_typesupport_fastrtps_cpp.hpp
-- Installing: /home/D10.US.SWRI.ORG/dspielman/snp/snp_ws/src/scan_n_plan_workshop/install/snp_msgs/include/snp_msgs/msg/detail/tool_paths__rosidl_typesupport_fastrtps_cpp.hpp
-- Installing: /home/D10.US.SWRI.ORG/dspielman/snp/snp_ws/src/scan_n_plan_workshop/install/snp_msgs/include/snp_msgs/msg/detail/dds_fastrtps
-- Up-to-date: /home/D10.US.SWRI.ORG/dspielman/snp/snp_ws/src/scan_n_plan_workshop/install/snp_msgs/include/snp_msgs/srv
-- Up-to-date: /home/D10.US.SWRI.ORG/dspielman/snp/snp_ws/src/scan_n_plan_workshop/install/snp_msgs/include/snp_msgs/srv/detail
-- Installing: /home/D10.US.SWRI.ORG/dspielman/snp/snp_ws/src/scan_n_plan_workshop/install/snp_msgs/include/snp_msgs/srv/detail/generate_motion_plan__rosidl_typesupport_fastrtps_cpp.hpp
-- Installing: /home/D10.US.SWRI.ORG/dspielman/snp/snp_ws/src/scan_n_plan_workshop/install/snp_msgs/include/snp_msgs/srv/detail/execute_motion_plan__rosidl_typesupport_fastrtps_cpp.hpp
-- Installing: /home/D10.US.SWRI.ORG/dspielman/snp/snp_ws/src/scan_n_plan_workshop/install/snp_msgs/include/snp_msgs/srv/detail/generate_tool_paths__rosidl_typesupport_fastrtps_cpp.hpp
-- Installing: /home/D10.US.SWRI.ORG/dspielman/snp/snp_ws/src/scan_n_plan_workshop/install/snp_msgs/include/snp_msgs/srv/detail/dds_fastrtps
-- Installing: /home/D10.US.SWRI.ORG/dspielman/snp/snp_ws/src/scan_n_plan_workshop/install/snp_msgs/lib/libsnp_msgs__rosidl_typesupport_fastrtps_cpp.so
-- Set runtime path of "/home/D10.US.SWRI.ORG/dspielman/snp/snp_ws/src/scan_n_plan_workshop/install/snp_msgs/lib/libsnp_msgs__rosidl_typesupport_fastrtps_cpp.so" to ""
-- Up-to-date: /home/D10.US.SWRI.ORG/dspielman/snp/snp_ws/src/scan_n_plan_workshop/install/snp_msgs/include/snp_msgs
-- Up-to-date: /home/D10.US.SWRI.ORG/dspielman/snp/snp_ws/src/scan_n_plan_workshop/install/snp_msgs/include/snp_msgs/msg
-- Up-to-date: /home/D10.US.SWRI.ORG/dspielman/snp/snp_ws/src/scan_n_plan_workshop/install/snp_msgs/include/snp_msgs/msg/detail
-- Installing: /home/D10.US.SWRI.ORG/dspielman/snp/snp_ws/src/scan_n_plan_workshop/install/snp_msgs/include/snp_msgs/msg/detail/tool_path__rosidl_typesupport_introspection_c.h
-- Installing: /home/D10.US.SWRI.ORG/dspielman/snp/snp_ws/src/scan_n_plan_workshop/install/snp_msgs/include/snp_msgs/msg/detail/tool_paths__type_support.c
-- Installing: /home/D10.US.SWRI.ORG/dspielman/snp/snp_ws/src/scan_n_plan_workshop/install/snp_msgs/include/snp_msgs/msg/detail/tool_path__type_support.c
-- Installing: /home/D10.US.SWRI.ORG/dspielman/snp/snp_ws/src/scan_n_plan_workshop/install/snp_msgs/include/snp_msgs/msg/detail/tool_paths__rosidl_typesupport_introspection_c.h
-- Installing: /home/D10.US.SWRI.ORG/dspielman/snp/snp_ws/src/scan_n_plan_workshop/install/snp_msgs/include/snp_msgs/msg/rosidl_typesupport_introspection_c__visibility_control.h
-- Up-to-date: /home/D10.US.SWRI.ORG/dspielman/snp/snp_ws/src/scan_n_plan_workshop/install/snp_msgs/include/snp_msgs/srv
-- Up-to-date: /home/D10.US.SWRI.ORG/dspielman/snp/snp_ws/src/scan_n_plan_workshop/install/snp_msgs/include/snp_msgs/srv/detail
-- Installing: /home/D10.US.SWRI.ORG/dspielman/snp/snp_ws/src/scan_n_plan_workshop/install/snp_msgs/include/snp_msgs/srv/detail/execute_motion_plan__rosidl_typesupport_introspection_c.h
-- Installing: /home/D10.US.SWRI.ORG/dspielman/snp/snp_ws/src/scan_n_plan_workshop/install/snp_msgs/include/snp_msgs/srv/detail/execute_motion_plan__type_support.c
-- Installing: /home/D10.US.SWRI.ORG/dspielman/snp/snp_ws/src/scan_n_plan_workshop/install/snp_msgs/include/snp_msgs/srv/detail/generate_motion_plan__rosidl_typesupport_introspection_c.h
-- Installing: /home/D10.US.SWRI.ORG/dspielman/snp/snp_ws/src/scan_n_plan_workshop/install/snp_msgs/include/snp_msgs/srv/detail/generate_tool_paths__rosidl_typesupport_introspection_c.h
-- Installing: /home/D10.US.SWRI.ORG/dspielman/snp/snp_ws/src/scan_n_plan_workshop/install/snp_msgs/include/snp_msgs/srv/detail/generate_tool_paths__type_support.c
-- Installing: /home/D10.US.SWRI.ORG/dspielman/snp/snp_ws/src/scan_n_plan_workshop/install/snp_msgs/include/snp_msgs/srv/detail/generate_motion_plan__type_support.c
-- Installing: /home/D10.US.SWRI.ORG/dspielman/snp/snp_ws/src/scan_n_plan_workshop/install/snp_msgs/lib/libsnp_msgs__rosidl_typesupport_introspection_c.so
-- Set runtime path of "/home/D10.US.SWRI.ORG/dspielman/snp/snp_ws/src/scan_n_plan_workshop/install/snp_msgs/lib/libsnp_msgs__rosidl_typesupport_introspection_c.so" to ""
-- Installing: /home/D10.US.SWRI.ORG/dspielman/snp/snp_ws/src/scan_n_plan_workshop/install/snp_msgs/lib/libsnp_msgs__rosidl_typesupport_c.so
-- Set runtime path of "/home/D10.US.SWRI.ORG/dspielman/snp/snp_ws/src/scan_n_plan_workshop/install/snp_msgs/lib/libsnp_msgs__rosidl_typesupport_c.so" to ""
-- Up-to-date: /home/D10.US.SWRI.ORG/dspielman/snp/snp_ws/src/scan_n_plan_workshop/install/snp_msgs/include/snp_msgs
-- Up-to-date: /home/D10.US.SWRI.ORG/dspielman/snp/snp_ws/src/scan_n_plan_workshop/install/snp_msgs/include/snp_msgs/msg
-- Installing: /home/D10.US.SWRI.ORG/dspielman/snp/snp_ws/src/scan_n_plan_workshop/install/snp_msgs/include/snp_msgs/msg/tool_paths.hpp
-- Up-to-date: /home/D10.US.SWRI.ORG/dspielman/snp/snp_ws/src/scan_n_plan_workshop/install/snp_msgs/include/snp_msgs/msg/detail
-- Installing: /home/D10.US.SWRI.ORG/dspielman/snp/snp_ws/src/scan_n_plan_workshop/install/snp_msgs/include/snp_msgs/msg/detail/tool_path__traits.hpp
-- Installing: /home/D10.US.SWRI.ORG/dspielman/snp/snp_ws/src/scan_n_plan_workshop/install/snp_msgs/include/snp_msgs/msg/detail/tool_paths__builder.hpp
-- Installing: /home/D10.US.SWRI.ORG/dspielman/snp/snp_ws/src/scan_n_plan_workshop/install/snp_msgs/include/snp_msgs/msg/detail/tool_path__struct.hpp
-- Installing: /home/D10.US.SWRI.ORG/dspielman/snp/snp_ws/src/scan_n_plan_workshop/install/snp_msgs/include/snp_msgs/msg/detail/tool_paths__struct.hpp
-- Installing: /home/D10.US.SWRI.ORG/dspielman/snp/snp_ws/src/scan_n_plan_workshop/install/snp_msgs/include/snp_msgs/msg/detail/tool_path__builder.hpp
-- Installing: /home/D10.US.SWRI.ORG/dspielman/snp/snp_ws/src/scan_n_plan_workshop/install/snp_msgs/include/snp_msgs/msg/detail/tool_paths__traits.hpp
-- Installing: /home/D10.US.SWRI.ORG/dspielman/snp/snp_ws/src/scan_n_plan_workshop/install/snp_msgs/include/snp_msgs/msg/tool_path.hpp
-- Up-to-date: /home/D10.US.SWRI.ORG/dspielman/snp/snp_ws/src/scan_n_plan_workshop/install/snp_msgs/include/snp_msgs/srv
-- Installing: /home/D10.US.SWRI.ORG/dspielman/snp/snp_ws/src/scan_n_plan_workshop/install/snp_msgs/include/snp_msgs/srv/execute_motion_plan.hpp
-- Installing: /home/D10.US.SWRI.ORG/dspielman/snp/snp_ws/src/scan_n_plan_workshop/install/snp_msgs/include/snp_msgs/srv/generate_tool_paths.hpp
-- Installing: /home/D10.US.SWRI.ORG/dspielman/snp/snp_ws/src/scan_n_plan_workshop/install/snp_msgs/include/snp_msgs/srv/generate_motion_plan.hpp
-- Up-to-date: /home/D10.US.SWRI.ORG/dspielman/snp/snp_ws/src/scan_n_plan_workshop/install/snp_msgs/include/snp_msgs/srv/detail
-- Installing: /home/D10.US.SWRI.ORG/dspielman/snp/snp_ws/src/scan_n_plan_workshop/install/snp_msgs/include/snp_msgs/srv/detail/execute_motion_plan__builder.hpp
-- Installing: /home/D10.US.SWRI.ORG/dspielman/snp/snp_ws/src/scan_n_plan_workshop/install/snp_msgs/include/snp_msgs/srv/detail/generate_motion_plan__builder.hpp
-- Installing: /home/D10.US.SWRI.ORG/dspielman/snp/snp_ws/src/scan_n_plan_workshop/install/snp_msgs/include/snp_msgs/srv/detail/execute_motion_plan__traits.hpp
-- Installing: /home/D10.US.SWRI.ORG/dspielman/snp/snp_ws/src/scan_n_plan_workshop/install/snp_msgs/include/snp_msgs/srv/detail/execute_motion_plan__struct.hpp
-- Installing: /home/D10.US.SWRI.ORG/dspielman/snp/snp_ws/src/scan_n_plan_workshop/install/snp_msgs/include/snp_msgs/srv/detail/generate_tool_paths__traits.hpp
-- Installing: /home/D10.US.SWRI.ORG/dspielman/snp/snp_ws/src/scan_n_plan_workshop/install/snp_msgs/include/snp_msgs/srv/detail/generate_motion_plan__struct.hpp
-- Installing: /home/D10.US.SWRI.ORG/dspielman/snp/snp_ws/src/scan_n_plan_workshop/install/snp_msgs/include/snp_msgs/srv/detail/generate_tool_paths__builder.hpp
-- Installing: /home/D10.US.SWRI.ORG/dspielman/snp/snp_ws/src/scan_n_plan_workshop/install/snp_msgs/include/snp_msgs/srv/detail/generate_tool_paths__struct.hpp
-- Installing: /home/D10.US.SWRI.ORG/dspielman/snp/snp_ws/src/scan_n_plan_workshop/install/snp_msgs/include/snp_msgs/srv/detail/generate_motion_plan__traits.hpp
-- Up-to-date: /home/D10.US.SWRI.ORG/dspielman/snp/snp_ws/src/scan_n_plan_workshop/install/snp_msgs/include/snp_msgs
-- Up-to-date: /home/D10.US.SWRI.ORG/dspielman/snp/snp_ws/src/scan_n_plan_workshop/install/snp_msgs/include/snp_msgs/msg
-- Up-to-date: /home/D10.US.SWRI.ORG/dspielman/snp/snp_ws/src/scan_n_plan_workshop/install/snp_msgs/include/snp_msgs/msg/detail
-- Installing: /home/D10.US.SWRI.ORG/dspielman/snp/snp_ws/src/scan_n_plan_workshop/install/snp_msgs/include/snp_msgs/msg/detail/tool_path__rosidl_typesupport_introspection_cpp.hpp
-- Installing: /home/D10.US.SWRI.ORG/dspielman/snp/snp_ws/src/scan_n_plan_workshop/install/snp_msgs/include/snp_msgs/msg/detail/tool_paths__type_support.cpp
-- Installing: /home/D10.US.SWRI.ORG/dspielman/snp/snp_ws/src/scan_n_plan_workshop/install/snp_msgs/include/snp_msgs/msg/detail/tool_path__type_support.cpp
-- Installing: /home/D10.US.SWRI.ORG/dspielman/snp/snp_ws/src/scan_n_plan_workshop/install/snp_msgs/include/snp_msgs/msg/detail/tool_paths__rosidl_typesupport_introspection_cpp.hpp
-- Up-to-date: /home/D10.US.SWRI.ORG/dspielman/snp/snp_ws/src/scan_n_plan_workshop/install/snp_msgs/include/snp_msgs/srv
-- Up-to-date: /home/D10.US.SWRI.ORG/dspielman/snp/snp_ws/src/scan_n_plan_workshop/install/snp_msgs/include/snp_msgs/srv/detail
-- Installing: /home/D10.US.SWRI.ORG/dspielman/snp/snp_ws/src/scan_n_plan_workshop/install/snp_msgs/include/snp_msgs/srv/detail/generate_tool_paths__type_support.cpp
-- Installing: /home/D10.US.SWRI.ORG/dspielman/snp/snp_ws/src/scan_n_plan_workshop/install/snp_msgs/include/snp_msgs/srv/detail/generate_motion_plan__rosidl_typesupport_introspection_cpp.hpp
-- Installing: /home/D10.US.SWRI.ORG/dspielman/snp/snp_ws/src/scan_n_plan_workshop/install/snp_msgs/include/snp_msgs/srv/detail/execute_motion_plan__type_support.cpp
-- Installing: /home/D10.US.SWRI.ORG/dspielman/snp/snp_ws/src/scan_n_plan_workshop/install/snp_msgs/include/snp_msgs/srv/detail/execute_motion_plan__rosidl_typesupport_introspection_cpp.hpp
-- Installing: /home/D10.US.SWRI.ORG/dspielman/snp/snp_ws/src/scan_n_plan_workshop/install/snp_msgs/include/snp_msgs/srv/detail/generate_tool_paths__rosidl_typesupport_introspection_cpp.hpp
-- Installing: /home/D10.US.SWRI.ORG/dspielman/snp/snp_ws/src/scan_n_plan_workshop/install/snp_msgs/include/snp_msgs/srv/detail/generate_motion_plan__type_support.cpp
-- Installing: /home/D10.US.SWRI.ORG/dspielman/snp/snp_ws/src/scan_n_plan_workshop/install/snp_msgs/lib/libsnp_msgs__rosidl_typesupport_introspection_cpp.so
-- Set runtime path of "/home/D10.US.SWRI.ORG/dspielman/snp/snp_ws/src/scan_n_plan_workshop/install/snp_msgs/lib/libsnp_msgs__rosidl_typesupport_introspection_cpp.so" to ""
-- Installing: /home/D10.US.SWRI.ORG/dspielman/snp/snp_ws/src/scan_n_plan_workshop/install/snp_msgs/lib/libsnp_msgs__rosidl_typesupport_cpp.so
-- Set runtime path of "/home/D10.US.SWRI.ORG/dspielman/snp/snp_ws/src/scan_n_plan_workshop/install/snp_msgs/lib/libsnp_msgs__rosidl_typesupport_cpp.so" to ""
-- Installing: /home/D10.US.SWRI.ORG/dspielman/snp/snp_ws/src/scan_n_plan_workshop/install/snp_msgs/share/snp_msgs/environment/pythonpath.sh
-- Installing: /home/D10.US.SWRI.ORG/dspielman/snp/snp_ws/src/scan_n_plan_workshop/install/snp_msgs/share/snp_msgs/environment/pythonpath.dsv
-- Installing: /home/D10.US.SWRI.ORG/dspielman/snp/snp_ws/src/scan_n_plan_workshop/install/snp_msgs/lib/python3.8/site-packages/snp_msgs/__init__.py
Compiling '/home/D10.US.SWRI.ORG/dspielman/snp/snp_ws/src/scan_n_plan_workshop/install/snp_msgs/lib/python3.8/site-packages/snp_msgs/__init__.py'...
-- Installing: /home/D10.US.SWRI.ORG/dspielman/snp/snp_ws/src/scan_n_plan_workshop/install/snp_msgs/lib/python3.8/site-packages/snp_msgs/msg
-- Installing: /home/D10.US.SWRI.ORG/dspielman/snp/snp_ws/src/scan_n_plan_workshop/install/snp_msgs/lib/python3.8/site-packages/snp_msgs/msg/_tool_paths.py
-- Installing: /home/D10.US.SWRI.ORG/dspielman/snp/snp_ws/src/scan_n_plan_workshop/install/snp_msgs/lib/python3.8/site-packages/snp_msgs/msg/_tool_path_s.c
-- Installing: /home/D10.US.SWRI.ORG/dspielman/snp/snp_ws/src/scan_n_plan_workshop/install/snp_msgs/lib/python3.8/site-packages/snp_msgs/msg/_tool_path.py
-- Installing: /home/D10.US.SWRI.ORG/dspielman/snp/snp_ws/src/scan_n_plan_workshop/install/snp_msgs/lib/python3.8/site-packages/snp_msgs/msg/_tool_paths_s.c
-- Installing: /home/D10.US.SWRI.ORG/dspielman/snp/snp_ws/src/scan_n_plan_workshop/install/snp_msgs/lib/python3.8/site-packages/snp_msgs/msg/__init__.py
-- Installing: /home/D10.US.SWRI.ORG/dspielman/snp/snp_ws/src/scan_n_plan_workshop/install/snp_msgs/lib/python3.8/site-packages/snp_msgs/srv
-- Installing: /home/D10.US.SWRI.ORG/dspielman/snp/snp_ws/src/scan_n_plan_workshop/install/snp_msgs/lib/python3.8/site-packages/snp_msgs/srv/_generate_motion_plan_s.c
-- Installing: /home/D10.US.SWRI.ORG/dspielman/snp/snp_ws/src/scan_n_plan_workshop/install/snp_msgs/lib/python3.8/site-packages/snp_msgs/srv/_execute_motion_plan_s.c
-- Installing: /home/D10.US.SWRI.ORG/dspielman/snp/snp_ws/src/scan_n_plan_workshop/install/snp_msgs/lib/python3.8/site-packages/snp_msgs/srv/_generate_tool_paths_s.c
-- Installing: /home/D10.US.SWRI.ORG/dspielman/snp/snp_ws/src/scan_n_plan_workshop/install/snp_msgs/lib/python3.8/site-packages/snp_msgs/srv/_execute_motion_plan.py
-- Installing: /home/D10.US.SWRI.ORG/dspielman/snp/snp_ws/src/scan_n_plan_workshop/install/snp_msgs/lib/python3.8/site-packages/snp_msgs/srv/_generate_tool_paths.py
-- Installing: /home/D10.US.SWRI.ORG/dspielman/snp/snp_ws/src/scan_n_plan_workshop/install/snp_msgs/lib/python3.8/site-packages/snp_msgs/srv/_generate_motion_plan.py
-- Installing: /home/D10.US.SWRI.ORG/dspielman/snp/snp_ws/src/scan_n_plan_workshop/install/snp_msgs/lib/python3.8/site-packages/snp_msgs/srv/__init__.py
-- Installing: /home/D10.US.SWRI.ORG/dspielman/snp/snp_ws/src/scan_n_plan_workshop/install/snp_msgs/lib/python3.8/site-packages/snp_msgs/snp_msgs_s__rosidl_typesupport_fastrtps_c.cpython-38-x86_64-linux-gnu.so
-- Set runtime path of "/home/D10.US.SWRI.ORG/dspielman/snp/snp_ws/src/scan_n_plan_workshop/install/snp_msgs/lib/python3.8/site-packages/snp_msgs/snp_msgs_s__rosidl_typesupport_fastrtps_c.cpython-38-x86_64-linux-gnu.so" to ""
-- Installing: /home/D10.US.SWRI.ORG/dspielman/snp/snp_ws/src/scan_n_plan_workshop/install/snp_msgs/lib/python3.8/site-packages/snp_msgs/snp_msgs_s__rosidl_typesupport_introspection_c.cpython-38-x86_64-linux-gnu.so
-- Set runtime path of "/home/D10.US.SWRI.ORG/dspielman/snp/snp_ws/src/scan_n_plan_workshop/install/snp_msgs/lib/python3.8/site-packages/snp_msgs/snp_msgs_s__rosidl_typesupport_introspection_c.cpython-38-x86_64-linux-gnu.so" to ""
-- Installing: /home/D10.US.SWRI.ORG/dspielman/snp/snp_ws/src/scan_n_plan_workshop/install/snp_msgs/lib/python3.8/site-packages/snp_msgs/snp_msgs_s__rosidl_typesupport_c.cpython-38-x86_64-linux-gnu.so
-- Set runtime path of "/home/D10.US.SWRI.ORG/dspielman/snp/snp_ws/src/scan_n_plan_workshop/install/snp_msgs/lib/python3.8/site-packages/snp_msgs/snp_msgs_s__rosidl_typesupport_c.cpython-38-x86_64-linux-gnu.so" to ""
-- Installing: /home/D10.US.SWRI.ORG/dspielman/snp/snp_ws/src/scan_n_plan_workshop/install/snp_msgs/lib/libsnp_msgs__python.so
-- Set runtime path of "/home/D10.US.SWRI.ORG/dspielman/snp/snp_ws/src/scan_n_plan_workshop/install/snp_msgs/lib/libsnp_msgs__python.so" to ""
-- Installing: /home/D10.US.SWRI.ORG/dspielman/snp/snp_ws/src/scan_n_plan_workshop/install/snp_msgs/share/snp_msgs/msg/ToolPath.idl
-- Installing: /home/D10.US.SWRI.ORG/dspielman/snp/snp_ws/src/scan_n_plan_workshop/install/snp_msgs/share/snp_msgs/msg/ToolPaths.idl
-- Installing: /home/D10.US.SWRI.ORG/dspielman/snp/snp_ws/src/scan_n_plan_workshop/install/snp_msgs/share/snp_msgs/srv/ExecuteMotionPlan.idl
-- Installing: /home/D10.US.SWRI.ORG/dspielman/snp/snp_ws/src/scan_n_plan_workshop/install/snp_msgs/share/snp_msgs/srv/GenerateMotionPlan.idl
-- Installing: /home/D10.US.SWRI.ORG/dspielman/snp/snp_ws/src/scan_n_plan_workshop/install/snp_msgs/share/snp_msgs/srv/GenerateToolPaths.idl
-- Installing: /home/D10.US.SWRI.ORG/dspielman/snp/snp_ws/src/scan_n_plan_workshop/install/snp_msgs/share/snp_msgs/msg/ToolPath.msg
-- Installing: /home/D10.US.SWRI.ORG/dspielman/snp/snp_ws/src/scan_n_plan_workshop/install/snp_msgs/share/snp_msgs/msg/ToolPaths.msg
-- Installing: /home/D10.US.SWRI.ORG/dspielman/snp/snp_ws/src/scan_n_plan_workshop/install/snp_msgs/share/snp_msgs/srv/ExecuteMotionPlan.srv
-- Installing: /home/D10.US.SWRI.ORG/dspielman/snp/snp_ws/src/scan_n_plan_workshop/install/snp_msgs/share/snp_msgs/srv/ExecuteMotionPlan_Request.msg
-- Installing: /home/D10.US.SWRI.ORG/dspielman/snp/snp_ws/src/scan_n_plan_workshop/install/snp_msgs/share/snp_msgs/srv/ExecuteMotionPlan_Response.msg
-- Installing: /home/D10.US.SWRI.ORG/dspielman/snp/snp_ws/src/scan_n_plan_workshop/install/snp_msgs/share/snp_msgs/srv/GenerateMotionPlan.srv
-- Installing: /home/D10.US.SWRI.ORG/dspielman/snp/snp_ws/src/scan_n_plan_workshop/install/snp_msgs/share/snp_msgs/srv/GenerateMotionPlan_Request.msg
-- Installing: /home/D10.US.SWRI.ORG/dspielman/snp/snp_ws/src/scan_n_plan_workshop/install/snp_msgs/share/snp_msgs/srv/GenerateMotionPlan_Response.msg
-- Installing: /home/D10.US.SWRI.ORG/dspielman/snp/snp_ws/src/scan_n_plan_workshop/install/snp_msgs/share/snp_msgs/srv/GenerateToolPaths.srv
-- Installing: /home/D10.US.SWRI.ORG/dspielman/snp/snp_ws/src/scan_n_plan_workshop/install/snp_msgs/share/snp_msgs/srv/GenerateToolPaths_Request.msg
-- Installing: /home/D10.US.SWRI.ORG/dspielman/snp/snp_ws/src/scan_n_plan_workshop/install/snp_msgs/share/snp_msgs/srv/GenerateToolPaths_Response.msg
-- Installing: /home/D10.US.SWRI.ORG/dspielman/snp/snp_ws/src/scan_n_plan_workshop/install/snp_msgs/share/ament_index/resource_index/package_run_dependencies/snp_msgs
-- Installing: /home/D10.US.SWRI.ORG/dspielman/snp/snp_ws/src/scan_n_plan_workshop/install/snp_msgs/share/ament_index/resource_index/parent_prefix_path/snp_msgs
-- Installing: /home/D10.US.SWRI.ORG/dspielman/snp/snp_ws/src/scan_n_plan_workshop/install/snp_msgs/share/snp_msgs/environment/ament_prefix_path.sh
-- Installing: /home/D10.US.SWRI.ORG/dspielman/snp/snp_ws/src/scan_n_plan_workshop/install/snp_msgs/share/snp_msgs/environment/ament_prefix_path.dsv
-- Installing: /home/D10.US.SWRI.ORG/dspielman/snp/snp_ws/src/scan_n_plan_workshop/install/snp_msgs/share/snp_msgs/environment/path.sh
-- Installing: /home/D10.US.SWRI.ORG/dspielman/snp/snp_ws/src/scan_n_plan_workshop/install/snp_msgs/share/snp_msgs/environment/path.dsv
-- Installing: /home/D10.US.SWRI.ORG/dspielman/snp/snp_ws/src/scan_n_plan_workshop/install/snp_msgs/share/snp_msgs/local_setup.bash
-- Installing: /home/D10.US.SWRI.ORG/dspielman/snp/snp_ws/src/scan_n_plan_workshop/install/snp_msgs/share/snp_msgs/local_setup.sh
-- Installing: /home/D10.US.SWRI.ORG/dspielman/snp/snp_ws/src/scan_n_plan_workshop/install/snp_msgs/share/snp_msgs/local_setup.zsh
-- Installing: /home/D10.US.SWRI.ORG/dspielman/snp/snp_ws/src/scan_n_plan_workshop/install/snp_msgs/share/snp_msgs/local_setup.dsv
-- Installing: /home/D10.US.SWRI.ORG/dspielman/snp/snp_ws/src/scan_n_plan_workshop/install/snp_msgs/share/snp_msgs/package.dsv
-- Installing: /home/D10.US.SWRI.ORG/dspielman/snp/snp_ws/src/scan_n_plan_workshop/install/snp_msgs/share/ament_index/resource_index/packages/snp_msgs
-- Installing: /home/D10.US.SWRI.ORG/dspielman/snp/snp_ws/src/scan_n_plan_workshop/install/snp_msgs/share/snp_msgs/cmake/snp_msgs__rosidl_generator_cExport.cmake
-- Installing: /home/D10.US.SWRI.ORG/dspielman/snp/snp_ws/src/scan_n_plan_workshop/install/snp_msgs/share/snp_msgs/cmake/snp_msgs__rosidl_generator_cExport-noconfig.cmake
-- Installing: /home/D10.US.SWRI.ORG/dspielman/snp/snp_ws/src/scan_n_plan_workshop/install/snp_msgs/share/snp_msgs/cmake/snp_msgs__rosidl_typesupport_introspection_cExport.cmake
-- Installing: /home/D10.US.SWRI.ORG/dspielman/snp/snp_ws/src/scan_n_plan_workshop/install/snp_msgs/share/snp_msgs/cmake/snp_msgs__rosidl_typesupport_introspection_cExport-noconfig.cmake
-- Installing: /home/D10.US.SWRI.ORG/dspielman/snp/snp_ws/src/scan_n_plan_workshop/install/snp_msgs/share/snp_msgs/cmake/snp_msgs__rosidl_typesupport_cExport.cmake
-- Installing: /home/D10.US.SWRI.ORG/dspielman/snp/snp_ws/src/scan_n_plan_workshop/install/snp_msgs/share/snp_msgs/cmake/snp_msgs__rosidl_typesupport_cExport-noconfig.cmake
-- Installing: /home/D10.US.SWRI.ORG/dspielman/snp/snp_ws/src/scan_n_plan_workshop/install/snp_msgs/share/snp_msgs/cmake/snp_msgs__rosidl_generator_cppExport.cmake
-- Installing: /home/D10.US.SWRI.ORG/dspielman/snp/snp_ws/src/scan_n_plan_workshop/install/snp_msgs/share/snp_msgs/cmake/snp_msgs__rosidl_typesupport_introspection_cppExport.cmake
-- Installing: /home/D10.US.SWRI.ORG/dspielman/snp/snp_ws/src/scan_n_plan_workshop/install/snp_msgs/share/snp_msgs/cmake/snp_msgs__rosidl_typesupport_introspection_cppExport-noconfig.cmake
-- Installing: /home/D10.US.SWRI.ORG/dspielman/snp/snp_ws/src/scan_n_plan_workshop/install/snp_msgs/share/snp_msgs/cmake/snp_msgs__rosidl_typesupport_cppExport.cmake
-- Installing: /home/D10.US.SWRI.ORG/dspielman/snp/snp_ws/src/scan_n_plan_workshop/install/snp_msgs/share/snp_msgs/cmake/snp_msgs__rosidl_typesupport_cppExport-noconfig.cmake
-- Installing: /home/D10.US.SWRI.ORG/dspielman/snp/snp_ws/src/scan_n_plan_workshop/install/snp_msgs/share/snp_msgs/cmake/rosidl_cmake-extras.cmake
-- Installing: /home/D10.US.SWRI.ORG/dspielman/snp/snp_ws/src/scan_n_plan_workshop/install/snp_msgs/share/snp_msgs/cmake/ament_cmake_export_dependencies-extras.cmake
-- Installing: /home/D10.US.SWRI.ORG/dspielman/snp/snp_ws/src/scan_n_plan_workshop/install/snp_msgs/share/snp_msgs/cmake/ament_cmake_export_libraries-extras.cmake
-- Installing: /home/D10.US.SWRI.ORG/dspielman/snp/snp_ws/src/scan_n_plan_workshop/install/snp_msgs/share/snp_msgs/cmake/ament_cmake_export_targets-extras.cmake
-- Installing: /home/D10.US.SWRI.ORG/dspielman/snp/snp_ws/src/scan_n_plan_workshop/install/snp_msgs/share/snp_msgs/cmake/ament_cmake_export_include_directories-extras.cmake
-- Installing: /home/D10.US.SWRI.ORG/dspielman/snp/snp_ws/src/scan_n_plan_workshop/install/snp_msgs/share/snp_msgs/cmake/rosidl_cmake_export_typesupport_libraries-extras.cmake
-- Installing: /home/D10.US.SWRI.ORG/dspielman/snp/snp_ws/src/scan_n_plan_workshop/install/snp_msgs/share/snp_msgs/cmake/rosidl_cmake_export_typesupport_targets-extras.cmake
-- Installing: /home/D10.US.SWRI.ORG/dspielman/snp/snp_ws/src/scan_n_plan_workshop/install/snp_msgs/share/snp_msgs/cmake/snp_msgsConfig.cmake
-- Installing: /home/D10.US.SWRI.ORG/dspielman/snp/snp_ws/src/scan_n_plan_workshop/install/snp_msgs/share/snp_msgs/cmake/snp_msgsConfig-version.cmake
-- Installing: /home/D10.US.SWRI.ORG/dspielman/snp/snp_ws/src/scan_n_plan_workshop/install/snp_msgs/share/snp_msgs/package.xml
