[0.028s] Invoking command in '/home/D10.US.SWRI.ORG/dspielman/snp/snp_ws/src/scan_n_plan_workshop/build/snp_msgs': CMAKE_PREFIX_PATH=${CMAKE_PREFIX_PATH}:/home/D10.US.SWRI.ORG/dspielman/snp/snptools_ws/install/open3d_interface:/opt/ros/foxy /usr/bin/cmake /home/D10.US.SWRI.ORG/dspielman/snp/snp_ws/src/scan_n_plan_workshop/snp_msgs -DCMAKE_INSTALL_PREFIX=/home/D10.US.SWRI.ORG/dspielman/snp/snp_ws/src/scan_n_plan_workshop/install/snp_msgs
[0.162s] -- The C compiler identification is GNU 9.4.0
[0.246s] -- The CXX compiler identification is GNU 9.4.0
[0.254s] -- Check for working C compiler: /usr/bin/cc
[0.430s] -- Check for working C compiler: /usr/bin/cc -- works
[0.431s] -- Detecting C compiler ABI info
[0.609s] -- Detecting C compiler ABI info - done
[0.617s] -- Detecting C compile features
[0.618s] -- Detecting C compile features - done
[0.620s] -- Check for working CXX compiler: /usr/bin/c++
[0.820s] -- Check for working CXX compiler: /usr/bin/c++ -- works
[0.821s] -- Detecting CXX compiler ABI info
[1.021s] -- Detecting CXX compiler ABI info - done
[1.029s] -- Detecting CXX compile features
[1.029s] -- Detecting CXX compile features - done
[1.042s] -- Found ament_cmake: 0.9.9 (/opt/ros/foxy/share/ament_cmake/cmake)
[1.088s] -- Found PythonInterp: /usr/bin/python3 (found suitable version "3.8.10", minimum required is "3") 
[1.088s] -- Using PYTHON_EXECUTABLE: /usr/bin/python3
[1.445s] -- Found geometry_msgs: 2.0.5 (/opt/ros/foxy/share/geometry_msgs/cmake)
[1.563s] -- Using all available rosidl_typesupport_c: rosidl_typesupport_fastrtps_c;rosidl_typesupport_introspection_c
[1.595s] -- Found rosidl_adapter: 1.2.1 (/opt/ros/foxy/share/rosidl_adapter/cmake)
[1.854s] -- Found OpenSSL: /usr/lib/x86_64-linux-gnu/libcrypto.so (found version "1.1.1f")  
[1.904s] -- Found FastRTPS: /opt/ros/foxy/include  
[2.074s] -- Using all available rosidl_typesupport_cpp: rosidl_typesupport_fastrtps_cpp;rosidl_typesupport_introspection_cpp
[2.176s] -- Found rosidl_default_generators: 1.0.1 (/opt/ros/foxy/share/rosidl_default_generators/cmake)
[2.223s] -- Found trajectory_msgs: 2.0.5 (/opt/ros/foxy/share/trajectory_msgs/cmake)
[2.316s] -- Found PythonInterp: /usr/bin/python3 (found version "3.8.10") 
[2.532s] -- Found ament_cmake_ros: 0.9.2 (/opt/ros/foxy/share/ament_cmake_ros/cmake)
[2.943s] -- Using all available rosidl_typesupport_c: rosidl_typesupport_fastrtps_c;rosidl_typesupport_introspection_c
[3.075s] -- Using all available rosidl_typesupport_cpp: rosidl_typesupport_fastrtps_cpp;rosidl_typesupport_introspection_cpp
[3.113s] -- Found PythonInterp: /usr/bin/python3 (found suitable version "3.8.10", minimum required is "3.5") 
[3.125s] -- Found python_cmake_module: 0.8.1 (/opt/ros/foxy/share/python_cmake_module/cmake)
[3.165s] -- Found PythonLibs: /usr/lib/x86_64-linux-gnu/libpython3.8.so (found suitable version "3.8.10", minimum required is "3.5") 
[3.166s] -- Using PYTHON_EXECUTABLE: /usr/bin/python3
[3.166s] -- Using PYTHON_INCLUDE_DIRS: /usr/include/python3.8
[3.166s] -- Using PYTHON_LIBRARIES: /usr/lib/x86_64-linux-gnu/libpython3.8.so
[3.200s] -- Found PythonExtra: .so  
[3.335s] -- Found ament_lint_auto: 0.9.6 (/opt/ros/foxy/share/ament_lint_auto/cmake)
[3.349s] -- Configuring done
[3.428s] -- Generating done
[3.432s] -- Build files have been written to: /home/D10.US.SWRI.ORG/dspielman/snp/snp_ws/src/scan_n_plan_workshop/build/snp_msgs
[3.439s] Invoked command in '/home/D10.US.SWRI.ORG/dspielman/snp/snp_ws/src/scan_n_plan_workshop/build/snp_msgs' returned '0': CMAKE_PREFIX_PATH=${CMAKE_PREFIX_PATH}:/home/D10.US.SWRI.ORG/dspielman/snp/snptools_ws/install/open3d_interface:/opt/ros/foxy /usr/bin/cmake /home/D10.US.SWRI.ORG/dspielman/snp/snp_ws/src/scan_n_plan_workshop/snp_msgs -DCMAKE_INSTALL_PREFIX=/home/D10.US.SWRI.ORG/dspielman/snp/snp_ws/src/scan_n_plan_workshop/install/snp_msgs
[3.442s] Invoking command in '/home/D10.US.SWRI.ORG/dspielman/snp/snp_ws/src/scan_n_plan_workshop/build/snp_msgs': CMAKE_PREFIX_PATH=${CMAKE_PREFIX_PATH}:/home/D10.US.SWRI.ORG/dspielman/snp/snptools_ws/install/open3d_interface:/opt/ros/foxy /usr/bin/cmake --build /home/D10.US.SWRI.ORG/dspielman/snp/snp_ws/src/scan_n_plan_workshop/build/snp_msgs -- -j8 -l8
[3.606s] [35m[1mScanning dependencies of target snp_msgs__cpp[0m
[3.606s] [  1%] [34m[1mGenerating C code for ROS interfaces[0m
[3.656s] [  3%] [34m[1mGenerating C++ code for ROS interfaces[0m
[4.601s] [35m[1mScanning dependencies of target snp_msgs__rosidl_generator_c[0m
[4.665s] [  4%] [32mBuilding C object CMakeFiles/snp_msgs__rosidl_generator_c.dir/rosidl_generator_c/snp_msgs/msg/detail/tool_path__functions.c.o[0m
[4.685s] [  6%] [32mBuilding C object CMakeFiles/snp_msgs__rosidl_generator_c.dir/rosidl_generator_c/snp_msgs/msg/detail/tool_paths__functions.c.o[0m
[4.692s] [  7%] [32mBuilding C object CMakeFiles/snp_msgs__rosidl_generator_c.dir/rosidl_generator_c/snp_msgs/srv/detail/generate_motion_plan__functions.c.o[0m
[4.692s] [  9%] [32mBuilding C object CMakeFiles/snp_msgs__rosidl_generator_c.dir/rosidl_generator_c/snp_msgs/srv/detail/execute_motion_plan__functions.c.o[0m
[4.705s] [ 11%] [32mBuilding C object CMakeFiles/snp_msgs__rosidl_generator_c.dir/rosidl_generator_c/snp_msgs/srv/detail/generate_tool_paths__functions.c.o[0m
[4.729s] [ 11%] Built target snp_msgs__cpp
[4.790s] [ 12%] [34m[1mGenerating C++ type support for eProsima Fast-RTPS[0m
[4.791s] [ 14%] [34m[1mGenerating C++ introspection for ROS interfaces[0m
[4.805s] [ 15%] [34m[1mGenerating C++ type support dispatch for ROS interfaces[0m
[4.823s] [ 17%] [32m[1mLinking C shared library libsnp_msgs__rosidl_generator_c.so[0m
[4.945s] [ 17%] Built target snp_msgs__rosidl_generator_c
[4.987s] [ 19%] [34m[1mGenerating C type support dispatch for ROS interfaces[0m
[5.003s] [ 20%] [34m[1mGenerating C introspection for ROS interfaces[0m
[5.554s] [35m[1mScanning dependencies of target snp_msgs__rosidl_typesupport_cpp[0m
[5.653s] [ 22%] [32mBuilding CXX object CMakeFiles/snp_msgs__rosidl_typesupport_cpp.dir/rosidl_typesupport_cpp/snp_msgs/msg/tool_path__type_support.cpp.o[0m
[5.673s] [35m[1mScanning dependencies of target snp_msgs__rosidl_typesupport_fastrtps_cpp[0m
[5.698s] [ 23%] [32mBuilding CXX object CMakeFiles/snp_msgs__rosidl_typesupport_cpp.dir/rosidl_typesupport_cpp/snp_msgs/srv/execute_motion_plan__type_support.cpp.o[0m
[5.732s] [ 25%] [32mBuilding CXX object CMakeFiles/snp_msgs__rosidl_typesupport_cpp.dir/rosidl_typesupport_cpp/snp_msgs/msg/tool_paths__type_support.cpp.o[0m
[5.746s] [ 26%] [32mBuilding CXX object CMakeFiles/snp_msgs__rosidl_typesupport_cpp.dir/rosidl_typesupport_cpp/snp_msgs/srv/generate_motion_plan__type_support.cpp.o[0m
[5.766s] [35m[1mScanning dependencies of target snp_msgs__rosidl_typesupport_introspection_cpp[0m
[5.784s] [ 28%] [32mBuilding CXX object CMakeFiles/snp_msgs__rosidl_typesupport_fastrtps_cpp.dir/rosidl_typesupport_fastrtps_cpp/snp_msgs/msg/detail/dds_fastrtps/tool_path__type_support.cpp.o[0m
[5.915s] [ 30%] [32mBuilding CXX object CMakeFiles/snp_msgs__rosidl_typesupport_introspection_cpp.dir/rosidl_typesupport_introspection_cpp/snp_msgs/msg/detail/tool_path__type_support.cpp.o[0m
[5.998s] [35m[1mScanning dependencies of target snp_msgs__rosidl_typesupport_c[0m
[6.070s] [ 31%] [32mBuilding CXX object CMakeFiles/snp_msgs__rosidl_typesupport_introspection_cpp.dir/rosidl_typesupport_introspection_cpp/snp_msgs/msg/detail/tool_paths__type_support.cpp.o[0m
[6.117s] [ 33%] [32mBuilding CXX object CMakeFiles/snp_msgs__rosidl_typesupport_c.dir/rosidl_typesupport_c/snp_msgs/msg/tool_path__type_support.cpp.o[0m
[6.188s] [ 34%] [32mBuilding CXX object CMakeFiles/snp_msgs__rosidl_typesupport_introspection_cpp.dir/rosidl_typesupport_introspection_cpp/snp_msgs/srv/detail/execute_motion_plan__type_support.cpp.o[0m
[6.189s] [ 36%] [32mBuilding CXX object CMakeFiles/snp_msgs__rosidl_typesupport_c.dir/rosidl_typesupport_c/snp_msgs/msg/tool_paths__type_support.cpp.o[0m
[6.264s] [ 38%] [32mBuilding CXX object CMakeFiles/snp_msgs__rosidl_typesupport_cpp.dir/rosidl_typesupport_cpp/snp_msgs/srv/generate_tool_paths__type_support.cpp.o[0m
[6.297s] [ 39%] [32mBuilding CXX object CMakeFiles/snp_msgs__rosidl_typesupport_introspection_cpp.dir/rosidl_typesupport_introspection_cpp/snp_msgs/srv/detail/generate_motion_plan__type_support.cpp.o[0m
[6.326s] [35m[1mScanning dependencies of target snp_msgs__rosidl_typesupport_introspection_c[0m
[6.337s] [ 41%] [32mBuilding CXX object CMakeFiles/snp_msgs__rosidl_typesupport_c.dir/rosidl_typesupport_c/snp_msgs/srv/execute_motion_plan__type_support.cpp.o[0m
[6.408s] [ 42%] [32mBuilding CXX object CMakeFiles/snp_msgs__rosidl_typesupport_fastrtps_cpp.dir/rosidl_typesupport_fastrtps_cpp/snp_msgs/msg/detail/dds_fastrtps/tool_paths__type_support.cpp.o[0m
[6.439s] [ 44%] [32mBuilding CXX object CMakeFiles/snp_msgs__rosidl_typesupport_introspection_cpp.dir/rosidl_typesupport_introspection_cpp/snp_msgs/srv/detail/generate_tool_paths__type_support.cpp.o[0m
[6.449s] [ 46%] [32mBuilding C object CMakeFiles/snp_msgs__rosidl_typesupport_introspection_c.dir/rosidl_typesupport_introspection_c/snp_msgs/msg/detail/tool_path__type_support.c.o[0m
[6.484s] [ 47%] [32mBuilding CXX object CMakeFiles/snp_msgs__rosidl_typesupport_c.dir/rosidl_typesupport_c/snp_msgs/srv/generate_motion_plan__type_support.cpp.o[0m
[6.598s] [ 49%] [32mBuilding CXX object CMakeFiles/snp_msgs__rosidl_typesupport_fastrtps_cpp.dir/rosidl_typesupport_fastrtps_cpp/snp_msgs/srv/detail/dds_fastrtps/execute_motion_plan__type_support.cpp.o[0m
[6.613s] [ 50%] [32mBuilding CXX object CMakeFiles/snp_msgs__rosidl_typesupport_c.dir/rosidl_typesupport_c/snp_msgs/srv/generate_tool_paths__type_support.cpp.o[0m
[6.640s] [ 52%] [32mBuilding C object CMakeFiles/snp_msgs__rosidl_typesupport_introspection_c.dir/rosidl_typesupport_introspection_c/snp_msgs/msg/detail/tool_paths__type_support.c.o[0m
[6.719s] [ 53%] [32mBuilding CXX object CMakeFiles/snp_msgs__rosidl_typesupport_fastrtps_cpp.dir/rosidl_typesupport_fastrtps_cpp/snp_msgs/srv/detail/dds_fastrtps/generate_motion_plan__type_support.cpp.o[0m
[6.729s] [ 55%] [32m[1mLinking CXX shared library libsnp_msgs__rosidl_typesupport_c.so[0m
[6.750s] [ 57%] [32mBuilding C object CMakeFiles/snp_msgs__rosidl_typesupport_introspection_c.dir/rosidl_typesupport_introspection_c/snp_msgs/srv/detail/execute_motion_plan__type_support.c.o[0m
[6.780s] [ 58%] [32m[1mLinking CXX shared library libsnp_msgs__rosidl_typesupport_cpp.so[0m
[6.814s] [ 60%] [32mBuilding C object CMakeFiles/snp_msgs__rosidl_typesupport_introspection_c.dir/rosidl_typesupport_introspection_c/snp_msgs/srv/detail/generate_motion_plan__type_support.c.o[0m
[6.930s] [ 61%] [32mBuilding CXX object CMakeFiles/snp_msgs__rosidl_typesupport_fastrtps_cpp.dir/rosidl_typesupport_fastrtps_cpp/snp_msgs/srv/detail/dds_fastrtps/generate_tool_paths__type_support.cpp.o[0m
[6.930s] [ 61%] Built target snp_msgs__rosidl_typesupport_c
[6.937s] [ 63%] [32m[1mLinking CXX shared library libsnp_msgs__rosidl_typesupport_introspection_cpp.so[0m
[6.964s] [ 65%] [32mBuilding C object CMakeFiles/snp_msgs__rosidl_typesupport_introspection_c.dir/rosidl_typesupport_introspection_c/snp_msgs/srv/detail/generate_tool_paths__type_support.c.o[0m
[6.975s] [ 65%] Built target snp_msgs__rosidl_typesupport_cpp
[7.073s] [ 66%] [32m[1mLinking C shared library libsnp_msgs__rosidl_typesupport_introspection_c.so[0m
[7.115s] [ 66%] Built target snp_msgs__rosidl_typesupport_introspection_cpp
[7.192s] [ 66%] Built target snp_msgs__rosidl_typesupport_introspection_c
[7.363s] [ 68%] [32m[1mLinking CXX shared library libsnp_msgs__rosidl_typesupport_fastrtps_cpp.so[0m
[7.499s] [ 68%] Built target snp_msgs__rosidl_typesupport_fastrtps_cpp
[7.536s] [ 69%] [34m[1mGenerating C type support for eProsima Fast-RTPS[0m
[8.037s] [35m[1mScanning dependencies of target snp_msgs__rosidl_typesupport_fastrtps_c[0m
[8.094s] [ 71%] [32mBuilding CXX object CMakeFiles/snp_msgs__rosidl_typesupport_fastrtps_c.dir/rosidl_typesupport_fastrtps_c/snp_msgs/srv/detail/execute_motion_plan__type_support_c.cpp.o[0m
[8.102s] [ 73%] [32mBuilding CXX object CMakeFiles/snp_msgs__rosidl_typesupport_fastrtps_c.dir/rosidl_typesupport_fastrtps_c/snp_msgs/msg/detail/tool_path__type_support_c.cpp.o[0m
[8.103s] [ 76%] [32mBuilding CXX object CMakeFiles/snp_msgs__rosidl_typesupport_fastrtps_c.dir/rosidl_typesupport_fastrtps_c/snp_msgs/msg/detail/tool_paths__type_support_c.cpp.o[0m
[8.103s] [ 76%] [32mBuilding CXX object CMakeFiles/snp_msgs__rosidl_typesupport_fastrtps_c.dir/rosidl_typesupport_fastrtps_c/snp_msgs/srv/detail/generate_tool_paths__type_support_c.cpp.o[0m
[8.106s] [ 77%] [32mBuilding CXX object CMakeFiles/snp_msgs__rosidl_typesupport_fastrtps_c.dir/rosidl_typesupport_fastrtps_c/snp_msgs/srv/detail/generate_motion_plan__type_support_c.cpp.o[0m
[8.517s] [ 79%] [32m[1mLinking CXX shared library libsnp_msgs__rosidl_typesupport_fastrtps_c.so[0m
[8.639s] [ 79%] Built target snp_msgs__rosidl_typesupport_fastrtps_c
[8.676s] [35m[1mScanning dependencies of target snp_msgs[0m
[8.717s] [ 79%] Built target snp_msgs
[8.755s] [35m[1mScanning dependencies of target snp_msgs__py[0m
[8.792s] [ 80%] [34m[1mGenerating Python code for ROS interfaces[0m
[9.728s] [ 80%] Built target snp_msgs__py
[9.766s] [35m[1mScanning dependencies of target snp_msgs__python[0m
[9.827s] [ 84%] [32mBuilding C object CMakeFiles/snp_msgs__python.dir/rosidl_generator_py/snp_msgs/srv/_generate_motion_plan_s.c.o[0m
[9.828s] [ 84%] [32mBuilding C object CMakeFiles/snp_msgs__python.dir/rosidl_generator_py/snp_msgs/srv/_generate_tool_paths_s.c.o[0m
[9.835s] [ 85%] [32mBuilding C object CMakeFiles/snp_msgs__python.dir/rosidl_generator_py/snp_msgs/msg/_tool_paths_s.c.o[0m
[9.836s] [ 88%] [32mBuilding C object CMakeFiles/snp_msgs__python.dir/rosidl_generator_py/snp_msgs/msg/_tool_path_s.c.o[0m
[9.836s] [ 88%] [32mBuilding C object CMakeFiles/snp_msgs__python.dir/rosidl_generator_py/snp_msgs/srv/_execute_motion_plan_s.c.o[0m
[9.984s] [ 90%] [32m[1mLinking C shared library rosidl_generator_py/snp_msgs/libsnp_msgs__python.so[0m
[10.078s] [ 90%] Built target snp_msgs__python
[10.116s] [35m[1mScanning dependencies of target snp_msgs__rosidl_typesupport_introspection_c__pyext[0m
[10.116s] [35m[1mScanning dependencies of target snp_msgs__rosidl_typesupport_fastrtps_c__pyext[0m
[10.118s] [35m[1mScanning dependencies of target snp_msgs__rosidl_typesupport_c__pyext[0m
[10.166s] [ 92%] [32mBuilding C object CMakeFiles/snp_msgs__rosidl_typesupport_introspection_c__pyext.dir/rosidl_generator_py/snp_msgs/_snp_msgs_s.ep.rosidl_typesupport_introspection_c.c.o[0m
[10.167s] [ 95%] [32mBuilding C object CMakeFiles/snp_msgs__rosidl_typesupport_c__pyext.dir/rosidl_generator_py/snp_msgs/_snp_msgs_s.ep.rosidl_typesupport_c.c.o[0m
[10.167s] [ 95%] [32mBuilding C object CMakeFiles/snp_msgs__rosidl_typesupport_fastrtps_c__pyext.dir/rosidl_generator_py/snp_msgs/_snp_msgs_s.ep.rosidl_typesupport_fastrtps_c.c.o[0m
[10.289s] [ 96%] [32m[1mLinking C shared library rosidl_generator_py/snp_msgs/snp_msgs_s__rosidl_typesupport_c.cpython-38-x86_64-linux-gnu.so[0m
[10.290s] [ 98%] [32m[1mLinking C shared library rosidl_generator_py/snp_msgs/snp_msgs_s__rosidl_typesupport_introspection_c.cpython-38-x86_64-linux-gnu.so[0m
[10.295s] [100%] [32m[1mLinking CXX shared library rosidl_generator_py/snp_msgs/snp_msgs_s__rosidl_typesupport_fastrtps_c.cpython-38-x86_64-linux-gnu.so[0m
[10.396s] [100%] Built target snp_msgs__rosidl_typesupport_c__pyext
[10.398s] [100%] Built target snp_msgs__rosidl_typesupport_introspection_c__pyext
[10.420s] [100%] Built target snp_msgs__rosidl_typesupport_fastrtps_c__pyext
[10.449s] Invoked command in '/home/D10.US.SWRI.ORG/dspielman/snp/snp_ws/src/scan_n_plan_workshop/build/snp_msgs' returned '0': CMAKE_PREFIX_PATH=${CMAKE_PREFIX_PATH}:/home/D10.US.SWRI.ORG/dspielman/snp/snptools_ws/install/open3d_interface:/opt/ros/foxy /usr/bin/cmake --build /home/D10.US.SWRI.ORG/dspielman/snp/snp_ws/src/scan_n_plan_workshop/build/snp_msgs -- -j8 -l8
[11.280s] Invoking command in '/home/D10.US.SWRI.ORG/dspielman/snp/snp_ws/src/scan_n_plan_workshop/build/snp_msgs': CMAKE_PREFIX_PATH=${CMAKE_PREFIX_PATH}:/home/D10.US.SWRI.ORG/dspielman/snp/snptools_ws/install/open3d_interface:/opt/ros/foxy /usr/bin/cmake --install /home/D10.US.SWRI.ORG/dspielman/snp/snp_ws/src/scan_n_plan_workshop/build/snp_msgs
[11.306s] -- Install configuration: ""
[11.306s] -- Installing: /home/D10.US.SWRI.ORG/dspielman/snp/snp_ws/src/scan_n_plan_workshop/install/snp_msgs/share/ament_index/resource_index/rosidl_interfaces/snp_msgs
[11.307s] -- Installing: /home/D10.US.SWRI.ORG/dspielman/snp/snp_ws/src/scan_n_plan_workshop/install/snp_msgs/include/snp_msgs
[11.307s] -- Installing: /home/D10.US.SWRI.ORG/dspielman/snp/snp_ws/src/scan_n_plan_workshop/install/snp_msgs/include/snp_msgs/msg
[11.307s] -- Installing: /home/D10.US.SWRI.ORG/dspielman/snp/snp_ws/src/scan_n_plan_workshop/install/snp_msgs/include/snp_msgs/msg/tool_path.h
[11.307s] -- Installing: /home/D10.US.SWRI.ORG/dspielman/snp/snp_ws/src/scan_n_plan_workshop/install/snp_msgs/include/snp_msgs/msg/rosidl_generator_c__visibility_control.h
[11.307s] -- Installing: /home/D10.US.SWRI.ORG/dspielman/snp/snp_ws/src/scan_n_plan_workshop/install/snp_msgs/include/snp_msgs/msg/tool_paths.h
[11.307s] -- Installing: /home/D10.US.SWRI.ORG/dspielman/snp/snp_ws/src/scan_n_plan_workshop/install/snp_msgs/include/snp_msgs/msg/detail
[11.307s] -- Installing: /home/D10.US.SWRI.ORG/dspielman/snp/snp_ws/src/scan_n_plan_workshop/install/snp_msgs/include/snp_msgs/msg/detail/tool_path__type_support.h
[11.307s] -- Installing: /home/D10.US.SWRI.ORG/dspielman/snp/snp_ws/src/scan_n_plan_workshop/install/snp_msgs/include/snp_msgs/msg/detail/tool_paths__struct.h
[11.308s] -- Installing: /home/D10.US.SWRI.ORG/dspielman/snp/snp_ws/src/scan_n_plan_workshop/install/snp_msgs/include/snp_msgs/msg/detail/tool_paths__functions.c
[11.308s] -- Installing: /home/D10.US.SWRI.ORG/dspielman/snp/snp_ws/src/scan_n_plan_workshop/install/snp_msgs/include/snp_msgs/msg/detail/tool_path__struct.h
[11.308s] -- Installing: /home/D10.US.SWRI.ORG/dspielman/snp/snp_ws/src/scan_n_plan_workshop/install/snp_msgs/include/snp_msgs/msg/detail/tool_path__functions.h
[11.308s] -- Installing: /home/D10.US.SWRI.ORG/dspielman/snp/snp_ws/src/scan_n_plan_workshop/install/snp_msgs/include/snp_msgs/msg/detail/tool_path__functions.c
[11.308s] -- Installing: /home/D10.US.SWRI.ORG/dspielman/snp/snp_ws/src/scan_n_plan_workshop/install/snp_msgs/include/snp_msgs/msg/detail/tool_paths__type_support.h
[11.308s] -- Installing: /home/D10.US.SWRI.ORG/dspielman/snp/snp_ws/src/scan_n_plan_workshop/install/snp_msgs/include/snp_msgs/msg/detail/tool_paths__functions.h
[11.309s] -- Installing: /home/D10.US.SWRI.ORG/dspielman/snp/snp_ws/src/scan_n_plan_workshop/install/snp_msgs/include/snp_msgs/srv
[11.309s] -- Installing: /home/D10.US.SWRI.ORG/dspielman/snp/snp_ws/src/scan_n_plan_workshop/install/snp_msgs/include/snp_msgs/srv/generate_motion_plan.h
[11.309s] -- Installing: /home/D10.US.SWRI.ORG/dspielman/snp/snp_ws/src/scan_n_plan_workshop/install/snp_msgs/include/snp_msgs/srv/generate_tool_paths.h
[11.309s] -- Installing: /home/D10.US.SWRI.ORG/dspielman/snp/snp_ws/src/scan_n_plan_workshop/install/snp_msgs/include/snp_msgs/srv/detail
[11.309s] -- Installing: /home/D10.US.SWRI.ORG/dspielman/snp/snp_ws/src/scan_n_plan_workshop/install/snp_msgs/include/snp_msgs/srv/detail/generate_tool_paths__type_support.h
[11.309s] -- Installing: /home/D10.US.SWRI.ORG/dspielman/snp/snp_ws/src/scan_n_plan_workshop/install/snp_msgs/include/snp_msgs/srv/detail/execute_motion_plan__struct.h
[11.309s] -- Installing: /home/D10.US.SWRI.ORG/dspielman/snp/snp_ws/src/scan_n_plan_workshop/install/snp_msgs/include/snp_msgs/srv/detail/execute_motion_plan__functions.c
[11.310s] -- Installing: /home/D10.US.SWRI.ORG/dspielman/snp/snp_ws/src/scan_n_plan_workshop/install/snp_msgs/include/snp_msgs/srv/detail/generate_tool_paths__struct.h
[11.310s] -- Installing: /home/D10.US.SWRI.ORG/dspielman/snp/snp_ws/src/scan_n_plan_workshop/install/snp_msgs/include/snp_msgs/srv/detail/generate_motion_plan__type_support.h
[11.310s] -- Installing: /home/D10.US.SWRI.ORG/dspielman/snp/snp_ws/src/scan_n_plan_workshop/install/snp_msgs/include/snp_msgs/srv/detail/generate_motion_plan__functions.h
[11.310s] -- Installing: /home/D10.US.SWRI.ORG/dspielman/snp/snp_ws/src/scan_n_plan_workshop/install/snp_msgs/include/snp_msgs/srv/detail/generate_motion_plan__struct.h
[11.310s] -- Installing: /home/D10.US.SWRI.ORG/dspielman/snp/snp_ws/src/scan_n_plan_workshop/install/snp_msgs/include/snp_msgs/srv/detail/execute_motion_plan__functions.h
[11.310s] -- Installing: /home/D10.US.SWRI.ORG/dspielman/snp/snp_ws/src/scan_n_plan_workshop/install/snp_msgs/include/snp_msgs/srv/detail/generate_tool_paths__functions.h
[11.311s] -- Installing: /home/D10.US.SWRI.ORG/dspielman/snp/snp_ws/src/scan_n_plan_workshop/install/snp_msgs/include/snp_msgs/srv/detail/generate_tool_paths__functions.c
[11.311s] -- Installing: /home/D10.US.SWRI.ORG/dspielman/snp/snp_ws/src/scan_n_plan_workshop/install/snp_msgs/include/snp_msgs/srv/detail/execute_motion_plan__type_support.h
[11.311s] -- Installing: /home/D10.US.SWRI.ORG/dspielman/snp/snp_ws/src/scan_n_plan_workshop/install/snp_msgs/include/snp_msgs/srv/detail/generate_motion_plan__functions.c
[11.311s] -- Installing: /home/D10.US.SWRI.ORG/dspielman/snp/snp_ws/src/scan_n_plan_workshop/install/snp_msgs/include/snp_msgs/srv/execute_motion_plan.h
[11.311s] -- Installing: /home/D10.US.SWRI.ORG/dspielman/snp/snp_ws/src/scan_n_plan_workshop/install/snp_msgs/share/snp_msgs/environment/library_path.sh
[11.312s] -- Installing: /home/D10.US.SWRI.ORG/dspielman/snp/snp_ws/src/scan_n_plan_workshop/install/snp_msgs/share/snp_msgs/environment/library_path.dsv
[11.312s] -- Installing: /home/D10.US.SWRI.ORG/dspielman/snp/snp_ws/src/scan_n_plan_workshop/install/snp_msgs/lib/libsnp_msgs__rosidl_generator_c.so
[11.312s] -- Set runtime path of "/home/D10.US.SWRI.ORG/dspielman/snp/snp_ws/src/scan_n_plan_workshop/install/snp_msgs/lib/libsnp_msgs__rosidl_generator_c.so" to ""
[11.312s] -- Up-to-date: /home/D10.US.SWRI.ORG/dspielman/snp/snp_ws/src/scan_n_plan_workshop/install/snp_msgs/include/snp_msgs
[11.313s] -- Up-to-date: /home/D10.US.SWRI.ORG/dspielman/snp/snp_ws/src/scan_n_plan_workshop/install/snp_msgs/include/snp_msgs/msg
[11.313s] -- Installing: /home/D10.US.SWRI.ORG/dspielman/snp/snp_ws/src/scan_n_plan_workshop/install/snp_msgs/include/snp_msgs/msg/rosidl_typesupport_fastrtps_c__visibility_control.h
[11.313s] -- Up-to-date: /home/D10.US.SWRI.ORG/dspielman/snp/snp_ws/src/scan_n_plan_workshop/install/snp_msgs/include/snp_msgs/msg/detail
[11.313s] -- Installing: /home/D10.US.SWRI.ORG/dspielman/snp/snp_ws/src/scan_n_plan_workshop/install/snp_msgs/include/snp_msgs/msg/detail/tool_paths__rosidl_typesupport_fastrtps_c.h
[11.313s] -- Installing: /home/D10.US.SWRI.ORG/dspielman/snp/snp_ws/src/scan_n_plan_workshop/install/snp_msgs/include/snp_msgs/msg/detail/tool_path__rosidl_typesupport_fastrtps_c.h
[11.313s] -- Up-to-date: /home/D10.US.SWRI.ORG/dspielman/snp/snp_ws/src/scan_n_plan_workshop/install/snp_msgs/include/snp_msgs/srv
[11.313s] -- Up-to-date: /home/D10.US.SWRI.ORG/dspielman/snp/snp_ws/src/scan_n_plan_workshop/install/snp_msgs/include/snp_msgs/srv/detail
[11.313s] -- Installing: /home/D10.US.SWRI.ORG/dspielman/snp/snp_ws/src/scan_n_plan_workshop/install/snp_msgs/include/snp_msgs/srv/detail/execute_motion_plan__rosidl_typesupport_fastrtps_c.h
[11.313s] -- Installing: /home/D10.US.SWRI.ORG/dspielman/snp/snp_ws/src/scan_n_plan_workshop/install/snp_msgs/include/snp_msgs/srv/detail/generate_tool_paths__rosidl_typesupport_fastrtps_c.h
[11.314s] -- Installing: /home/D10.US.SWRI.ORG/dspielman/snp/snp_ws/src/scan_n_plan_workshop/install/snp_msgs/include/snp_msgs/srv/detail/generate_motion_plan__rosidl_typesupport_fastrtps_c.h
[11.314s] -- Installing: /home/D10.US.SWRI.ORG/dspielman/snp/snp_ws/src/scan_n_plan_workshop/install/snp_msgs/lib/libsnp_msgs__rosidl_typesupport_fastrtps_c.so
[11.315s] -- Set runtime path of "/home/D10.US.SWRI.ORG/dspielman/snp/snp_ws/src/scan_n_plan_workshop/install/snp_msgs/lib/libsnp_msgs__rosidl_typesupport_fastrtps_c.so" to ""
[11.315s] -- Up-to-date: /home/D10.US.SWRI.ORG/dspielman/snp/snp_ws/src/scan_n_plan_workshop/install/snp_msgs/include/snp_msgs
[11.315s] -- Up-to-date: /home/D10.US.SWRI.ORG/dspielman/snp/snp_ws/src/scan_n_plan_workshop/install/snp_msgs/include/snp_msgs/msg
[11.315s] -- Installing: /home/D10.US.SWRI.ORG/dspielman/snp/snp_ws/src/scan_n_plan_workshop/install/snp_msgs/include/snp_msgs/msg/rosidl_typesupport_fastrtps_cpp__visibility_control.h
[11.315s] -- Up-to-date: /home/D10.US.SWRI.ORG/dspielman/snp/snp_ws/src/scan_n_plan_workshop/install/snp_msgs/include/snp_msgs/msg/detail
[11.315s] -- Installing: /home/D10.US.SWRI.ORG/dspielman/snp/snp_ws/src/scan_n_plan_workshop/install/snp_msgs/include/snp_msgs/msg/detail/tool_path__rosidl_typesupport_fastrtps_cpp.hpp
[11.315s] -- Installing: /home/D10.US.SWRI.ORG/dspielman/snp/snp_ws/src/scan_n_plan_workshop/install/snp_msgs/include/snp_msgs/msg/detail/tool_paths__rosidl_typesupport_fastrtps_cpp.hpp
[11.315s] -- Installing: /home/D10.US.SWRI.ORG/dspielman/snp/snp_ws/src/scan_n_plan_workshop/install/snp_msgs/include/snp_msgs/msg/detail/dds_fastrtps
[11.315s] -- Up-to-date: /home/D10.US.SWRI.ORG/dspielman/snp/snp_ws/src/scan_n_plan_workshop/install/snp_msgs/include/snp_msgs/srv
[11.315s] -- Up-to-date: /home/D10.US.SWRI.ORG/dspielman/snp/snp_ws/src/scan_n_plan_workshop/install/snp_msgs/include/snp_msgs/srv/detail
[11.315s] -- Installing: /home/D10.US.SWRI.ORG/dspielman/snp/snp_ws/src/scan_n_plan_workshop/install/snp_msgs/include/snp_msgs/srv/detail/generate_motion_plan__rosidl_typesupport_fastrtps_cpp.hpp
[11.316s] -- Installing: /home/D10.US.SWRI.ORG/dspielman/snp/snp_ws/src/scan_n_plan_workshop/install/snp_msgs/include/snp_msgs/srv/detail/execute_motion_plan__rosidl_typesupport_fastrtps_cpp.hpp
[11.316s] -- Installing: /home/D10.US.SWRI.ORG/dspielman/snp/snp_ws/src/scan_n_plan_workshop/install/snp_msgs/include/snp_msgs/srv/detail/generate_tool_paths__rosidl_typesupport_fastrtps_cpp.hpp
[11.316s] -- Installing: /home/D10.US.SWRI.ORG/dspielman/snp/snp_ws/src/scan_n_plan_workshop/install/snp_msgs/include/snp_msgs/srv/detail/dds_fastrtps
[11.316s] -- Installing: /home/D10.US.SWRI.ORG/dspielman/snp/snp_ws/src/scan_n_plan_workshop/install/snp_msgs/lib/libsnp_msgs__rosidl_typesupport_fastrtps_cpp.so
[11.317s] -- Set runtime path of "/home/D10.US.SWRI.ORG/dspielman/snp/snp_ws/src/scan_n_plan_workshop/install/snp_msgs/lib/libsnp_msgs__rosidl_typesupport_fastrtps_cpp.so" to ""
[11.317s] -- Up-to-date: /home/D10.US.SWRI.ORG/dspielman/snp/snp_ws/src/scan_n_plan_workshop/install/snp_msgs/include/snp_msgs
[11.317s] -- Up-to-date: /home/D10.US.SWRI.ORG/dspielman/snp/snp_ws/src/scan_n_plan_workshop/install/snp_msgs/include/snp_msgs/msg
[11.317s] -- Up-to-date: /home/D10.US.SWRI.ORG/dspielman/snp/snp_ws/src/scan_n_plan_workshop/install/snp_msgs/include/snp_msgs/msg/detail
[11.317s] -- Installing: /home/D10.US.SWRI.ORG/dspielman/snp/snp_ws/src/scan_n_plan_workshop/install/snp_msgs/include/snp_msgs/msg/detail/tool_path__rosidl_typesupport_introspection_c.h
[11.317s] -- Installing: /home/D10.US.SWRI.ORG/dspielman/snp/snp_ws/src/scan_n_plan_workshop/install/snp_msgs/include/snp_msgs/msg/detail/tool_paths__type_support.c
[11.318s] -- Installing: /home/D10.US.SWRI.ORG/dspielman/snp/snp_ws/src/scan_n_plan_workshop/install/snp_msgs/include/snp_msgs/msg/detail/tool_path__type_support.c
[11.318s] -- Installing: /home/D10.US.SWRI.ORG/dspielman/snp/snp_ws/src/scan_n_plan_workshop/install/snp_msgs/include/snp_msgs/msg/detail/tool_paths__rosidl_typesupport_introspection_c.h
[11.318s] -- Installing: /home/D10.US.SWRI.ORG/dspielman/snp/snp_ws/src/scan_n_plan_workshop/install/snp_msgs/include/snp_msgs/msg/rosidl_typesupport_introspection_c__visibility_control.h
[11.318s] -- Up-to-date: /home/D10.US.SWRI.ORG/dspielman/snp/snp_ws/src/scan_n_plan_workshop/install/snp_msgs/include/snp_msgs/srv
[11.318s] -- Up-to-date: /home/D10.US.SWRI.ORG/dspielman/snp/snp_ws/src/scan_n_plan_workshop/install/snp_msgs/include/snp_msgs/srv/detail
[11.318s] -- Installing: /home/D10.US.SWRI.ORG/dspielman/snp/snp_ws/src/scan_n_plan_workshop/install/snp_msgs/include/snp_msgs/srv/detail/execute_motion_plan__rosidl_typesupport_introspection_c.h
[11.318s] -- Installing: /home/D10.US.SWRI.ORG/dspielman/snp/snp_ws/src/scan_n_plan_workshop/install/snp_msgs/include/snp_msgs/srv/detail/execute_motion_plan__type_support.c
[11.319s] -- Installing: /home/D10.US.SWRI.ORG/dspielman/snp/snp_ws/src/scan_n_plan_workshop/install/snp_msgs/include/snp_msgs/srv/detail/generate_motion_plan__rosidl_typesupport_introspection_c.h
[11.319s] -- Installing: /home/D10.US.SWRI.ORG/dspielman/snp/snp_ws/src/scan_n_plan_workshop/install/snp_msgs/include/snp_msgs/srv/detail/generate_tool_paths__rosidl_typesupport_introspection_c.h
[11.319s] -- Installing: /home/D10.US.SWRI.ORG/dspielman/snp/snp_ws/src/scan_n_plan_workshop/install/snp_msgs/include/snp_msgs/srv/detail/generate_tool_paths__type_support.c
[11.319s] -- Installing: /home/D10.US.SWRI.ORG/dspielman/snp/snp_ws/src/scan_n_plan_workshop/install/snp_msgs/include/snp_msgs/srv/detail/generate_motion_plan__type_support.c
[11.319s] -- Installing: /home/D10.US.SWRI.ORG/dspielman/snp/snp_ws/src/scan_n_plan_workshop/install/snp_msgs/lib/libsnp_msgs__rosidl_typesupport_introspection_c.so
[11.320s] -- Set runtime path of "/home/D10.US.SWRI.ORG/dspielman/snp/snp_ws/src/scan_n_plan_workshop/install/snp_msgs/lib/libsnp_msgs__rosidl_typesupport_introspection_c.so" to ""
[11.320s] -- Installing: /home/D10.US.SWRI.ORG/dspielman/snp/snp_ws/src/scan_n_plan_workshop/install/snp_msgs/lib/libsnp_msgs__rosidl_typesupport_c.so
[11.321s] -- Set runtime path of "/home/D10.US.SWRI.ORG/dspielman/snp/snp_ws/src/scan_n_plan_workshop/install/snp_msgs/lib/libsnp_msgs__rosidl_typesupport_c.so" to ""
[11.321s] -- Up-to-date: /home/D10.US.SWRI.ORG/dspielman/snp/snp_ws/src/scan_n_plan_workshop/install/snp_msgs/include/snp_msgs
[11.321s] -- Up-to-date: /home/D10.US.SWRI.ORG/dspielman/snp/snp_ws/src/scan_n_plan_workshop/install/snp_msgs/include/snp_msgs/msg
[11.321s] -- Installing: /home/D10.US.SWRI.ORG/dspielman/snp/snp_ws/src/scan_n_plan_workshop/install/snp_msgs/include/snp_msgs/msg/tool_paths.hpp
[11.321s] -- Up-to-date: /home/D10.US.SWRI.ORG/dspielman/snp/snp_ws/src/scan_n_plan_workshop/install/snp_msgs/include/snp_msgs/msg/detail
[11.321s] -- Installing: /home/D10.US.SWRI.ORG/dspielman/snp/snp_ws/src/scan_n_plan_workshop/install/snp_msgs/include/snp_msgs/msg/detail/tool_path__traits.hpp
[11.321s] -- Installing: /home/D10.US.SWRI.ORG/dspielman/snp/snp_ws/src/scan_n_plan_workshop/install/snp_msgs/include/snp_msgs/msg/detail/tool_paths__builder.hpp
[11.322s] -- Installing: /home/D10.US.SWRI.ORG/dspielman/snp/snp_ws/src/scan_n_plan_workshop/install/snp_msgs/include/snp_msgs/msg/detail/tool_path__struct.hpp
[11.322s] -- Installing: /home/D10.US.SWRI.ORG/dspielman/snp/snp_ws/src/scan_n_plan_workshop/install/snp_msgs/include/snp_msgs/msg/detail/tool_paths__struct.hpp
[11.322s] -- Installing: /home/D10.US.SWRI.ORG/dspielman/snp/snp_ws/src/scan_n_plan_workshop/install/snp_msgs/include/snp_msgs/msg/detail/tool_path__builder.hpp
[11.322s] -- Installing: /home/D10.US.SWRI.ORG/dspielman/snp/snp_ws/src/scan_n_plan_workshop/install/snp_msgs/include/snp_msgs/msg/detail/tool_paths__traits.hpp
[11.322s] -- Installing: /home/D10.US.SWRI.ORG/dspielman/snp/snp_ws/src/scan_n_plan_workshop/install/snp_msgs/include/snp_msgs/msg/tool_path.hpp
[11.323s] -- Up-to-date: /home/D10.US.SWRI.ORG/dspielman/snp/snp_ws/src/scan_n_plan_workshop/install/snp_msgs/include/snp_msgs/srv
[11.323s] -- Installing: /home/D10.US.SWRI.ORG/dspielman/snp/snp_ws/src/scan_n_plan_workshop/install/snp_msgs/include/snp_msgs/srv/execute_motion_plan.hpp
[11.323s] -- Installing: /home/D10.US.SWRI.ORG/dspielman/snp/snp_ws/src/scan_n_plan_workshop/install/snp_msgs/include/snp_msgs/srv/generate_tool_paths.hpp
[11.323s] -- Installing: /home/D10.US.SWRI.ORG/dspielman/snp/snp_ws/src/scan_n_plan_workshop/install/snp_msgs/include/snp_msgs/srv/generate_motion_plan.hpp
[11.323s] -- Up-to-date: /home/D10.US.SWRI.ORG/dspielman/snp/snp_ws/src/scan_n_plan_workshop/install/snp_msgs/include/snp_msgs/srv/detail
[11.323s] -- Installing: /home/D10.US.SWRI.ORG/dspielman/snp/snp_ws/src/scan_n_plan_workshop/install/snp_msgs/include/snp_msgs/srv/detail/execute_motion_plan__builder.hpp
[11.323s] -- Installing: /home/D10.US.SWRI.ORG/dspielman/snp/snp_ws/src/scan_n_plan_workshop/install/snp_msgs/include/snp_msgs/srv/detail/generate_motion_plan__builder.hpp
[11.324s] -- Installing: /home/D10.US.SWRI.ORG/dspielman/snp/snp_ws/src/scan_n_plan_workshop/install/snp_msgs/include/snp_msgs/srv/detail/execute_motion_plan__traits.hpp
[11.324s] -- Installing: /home/D10.US.SWRI.ORG/dspielman/snp/snp_ws/src/scan_n_plan_workshop/install/snp_msgs/include/snp_msgs/srv/detail/execute_motion_plan__struct.hpp
[11.324s] -- Installing: /home/D10.US.SWRI.ORG/dspielman/snp/snp_ws/src/scan_n_plan_workshop/install/snp_msgs/include/snp_msgs/srv/detail/generate_tool_paths__traits.hpp
[11.324s] -- Installing: /home/D10.US.SWRI.ORG/dspielman/snp/snp_ws/src/scan_n_plan_workshop/install/snp_msgs/include/snp_msgs/srv/detail/generate_motion_plan__struct.hpp
[11.324s] -- Installing: /home/D10.US.SWRI.ORG/dspielman/snp/snp_ws/src/scan_n_plan_workshop/install/snp_msgs/include/snp_msgs/srv/detail/generate_tool_paths__builder.hpp
[11.324s] -- Installing: /home/D10.US.SWRI.ORG/dspielman/snp/snp_ws/src/scan_n_plan_workshop/install/snp_msgs/include/snp_msgs/srv/detail/generate_tool_paths__struct.hpp
[11.325s] -- Installing: /home/D10.US.SWRI.ORG/dspielman/snp/snp_ws/src/scan_n_plan_workshop/install/snp_msgs/include/snp_msgs/srv/detail/generate_motion_plan__traits.hpp
[11.325s] -- Up-to-date: /home/D10.US.SWRI.ORG/dspielman/snp/snp_ws/src/scan_n_plan_workshop/install/snp_msgs/include/snp_msgs
[11.325s] -- Up-to-date: /home/D10.US.SWRI.ORG/dspielman/snp/snp_ws/src/scan_n_plan_workshop/install/snp_msgs/include/snp_msgs/msg
[11.325s] -- Up-to-date: /home/D10.US.SWRI.ORG/dspielman/snp/snp_ws/src/scan_n_plan_workshop/install/snp_msgs/include/snp_msgs/msg/detail
[11.325s] -- Installing: /home/D10.US.SWRI.ORG/dspielman/snp/snp_ws/src/scan_n_plan_workshop/install/snp_msgs/include/snp_msgs/msg/detail/tool_path__rosidl_typesupport_introspection_cpp.hpp
[11.325s] -- Installing: /home/D10.US.SWRI.ORG/dspielman/snp/snp_ws/src/scan_n_plan_workshop/install/snp_msgs/include/snp_msgs/msg/detail/tool_paths__type_support.cpp
[11.325s] -- Installing: /home/D10.US.SWRI.ORG/dspielman/snp/snp_ws/src/scan_n_plan_workshop/install/snp_msgs/include/snp_msgs/msg/detail/tool_path__type_support.cpp
[11.326s] -- Installing: /home/D10.US.SWRI.ORG/dspielman/snp/snp_ws/src/scan_n_plan_workshop/install/snp_msgs/include/snp_msgs/msg/detail/tool_paths__rosidl_typesupport_introspection_cpp.hpp
[11.326s] -- Up-to-date: /home/D10.US.SWRI.ORG/dspielman/snp/snp_ws/src/scan_n_plan_workshop/install/snp_msgs/include/snp_msgs/srv
[11.326s] -- Up-to-date: /home/D10.US.SWRI.ORG/dspielman/snp/snp_ws/src/scan_n_plan_workshop/install/snp_msgs/include/snp_msgs/srv/detail
[11.326s] -- Installing: /home/D10.US.SWRI.ORG/dspielman/snp/snp_ws/src/scan_n_plan_workshop/install/snp_msgs/include/snp_msgs/srv/detail/generate_tool_paths__type_support.cpp
[11.326s] -- Installing: /home/D10.US.SWRI.ORG/dspielman/snp/snp_ws/src/scan_n_plan_workshop/install/snp_msgs/include/snp_msgs/srv/detail/generate_motion_plan__rosidl_typesupport_introspection_cpp.hpp
[11.326s] -- Installing: /home/D10.US.SWRI.ORG/dspielman/snp/snp_ws/src/scan_n_plan_workshop/install/snp_msgs/include/snp_msgs/srv/detail/execute_motion_plan__type_support.cpp
[11.326s] -- Installing: /home/D10.US.SWRI.ORG/dspielman/snp/snp_ws/src/scan_n_plan_workshop/install/snp_msgs/include/snp_msgs/srv/detail/execute_motion_plan__rosidl_typesupport_introspection_cpp.hpp
[11.327s] -- Installing: /home/D10.US.SWRI.ORG/dspielman/snp/snp_ws/src/scan_n_plan_workshop/install/snp_msgs/include/snp_msgs/srv/detail/generate_tool_paths__rosidl_typesupport_introspection_cpp.hpp
[11.327s] -- Installing: /home/D10.US.SWRI.ORG/dspielman/snp/snp_ws/src/scan_n_plan_workshop/install/snp_msgs/include/snp_msgs/srv/detail/generate_motion_plan__type_support.cpp
[11.327s] -- Installing: /home/D10.US.SWRI.ORG/dspielman/snp/snp_ws/src/scan_n_plan_workshop/install/snp_msgs/lib/libsnp_msgs__rosidl_typesupport_introspection_cpp.so
[11.328s] -- Set runtime path of "/home/D10.US.SWRI.ORG/dspielman/snp/snp_ws/src/scan_n_plan_workshop/install/snp_msgs/lib/libsnp_msgs__rosidl_typesupport_introspection_cpp.so" to ""
[11.328s] -- Installing: /home/D10.US.SWRI.ORG/dspielman/snp/snp_ws/src/scan_n_plan_workshop/install/snp_msgs/lib/libsnp_msgs__rosidl_typesupport_cpp.so
[11.328s] -- Set runtime path of "/home/D10.US.SWRI.ORG/dspielman/snp/snp_ws/src/scan_n_plan_workshop/install/snp_msgs/lib/libsnp_msgs__rosidl_typesupport_cpp.so" to ""
[11.329s] -- Installing: /home/D10.US.SWRI.ORG/dspielman/snp/snp_ws/src/scan_n_plan_workshop/install/snp_msgs/share/snp_msgs/environment/pythonpath.sh
[11.329s] -- Installing: /home/D10.US.SWRI.ORG/dspielman/snp/snp_ws/src/scan_n_plan_workshop/install/snp_msgs/share/snp_msgs/environment/pythonpath.dsv
[11.329s] -- Installing: /home/D10.US.SWRI.ORG/dspielman/snp/snp_ws/src/scan_n_plan_workshop/install/snp_msgs/lib/python3.8/site-packages/snp_msgs/__init__.py
[11.359s] Compiling '/home/D10.US.SWRI.ORG/dspielman/snp/snp_ws/src/scan_n_plan_workshop/install/snp_msgs/lib/python3.8/site-packages/snp_msgs/__init__.py'...
[11.362s] -- Installing: /home/D10.US.SWRI.ORG/dspielman/snp/snp_ws/src/scan_n_plan_workshop/install/snp_msgs/lib/python3.8/site-packages/snp_msgs/msg
[11.362s] -- Installing: /home/D10.US.SWRI.ORG/dspielman/snp/snp_ws/src/scan_n_plan_workshop/install/snp_msgs/lib/python3.8/site-packages/snp_msgs/msg/_tool_paths.py
[11.362s] -- Installing: /home/D10.US.SWRI.ORG/dspielman/snp/snp_ws/src/scan_n_plan_workshop/install/snp_msgs/lib/python3.8/site-packages/snp_msgs/msg/_tool_path_s.c
[11.362s] -- Installing: /home/D10.US.SWRI.ORG/dspielman/snp/snp_ws/src/scan_n_plan_workshop/install/snp_msgs/lib/python3.8/site-packages/snp_msgs/msg/_tool_path.py
[11.362s] -- Installing: /home/D10.US.SWRI.ORG/dspielman/snp/snp_ws/src/scan_n_plan_workshop/install/snp_msgs/lib/python3.8/site-packages/snp_msgs/msg/_tool_paths_s.c
[11.362s] -- Installing: /home/D10.US.SWRI.ORG/dspielman/snp/snp_ws/src/scan_n_plan_workshop/install/snp_msgs/lib/python3.8/site-packages/snp_msgs/msg/__init__.py
[11.363s] -- Installing: /home/D10.US.SWRI.ORG/dspielman/snp/snp_ws/src/scan_n_plan_workshop/install/snp_msgs/lib/python3.8/site-packages/snp_msgs/srv
[11.363s] -- Installing: /home/D10.US.SWRI.ORG/dspielman/snp/snp_ws/src/scan_n_plan_workshop/install/snp_msgs/lib/python3.8/site-packages/snp_msgs/srv/_generate_motion_plan_s.c
[11.363s] -- Installing: /home/D10.US.SWRI.ORG/dspielman/snp/snp_ws/src/scan_n_plan_workshop/install/snp_msgs/lib/python3.8/site-packages/snp_msgs/srv/_execute_motion_plan_s.c
[11.363s] -- Installing: /home/D10.US.SWRI.ORG/dspielman/snp/snp_ws/src/scan_n_plan_workshop/install/snp_msgs/lib/python3.8/site-packages/snp_msgs/srv/_generate_tool_paths_s.c
[11.363s] -- Installing: /home/D10.US.SWRI.ORG/dspielman/snp/snp_ws/src/scan_n_plan_workshop/install/snp_msgs/lib/python3.8/site-packages/snp_msgs/srv/_execute_motion_plan.py
[11.363s] -- Installing: /home/D10.US.SWRI.ORG/dspielman/snp/snp_ws/src/scan_n_plan_workshop/install/snp_msgs/lib/python3.8/site-packages/snp_msgs/srv/_generate_tool_paths.py
[11.364s] -- Installing: /home/D10.US.SWRI.ORG/dspielman/snp/snp_ws/src/scan_n_plan_workshop/install/snp_msgs/lib/python3.8/site-packages/snp_msgs/srv/_generate_motion_plan.py
[11.364s] -- Installing: /home/D10.US.SWRI.ORG/dspielman/snp/snp_ws/src/scan_n_plan_workshop/install/snp_msgs/lib/python3.8/site-packages/snp_msgs/srv/__init__.py
[11.364s] -- Installing: /home/D10.US.SWRI.ORG/dspielman/snp/snp_ws/src/scan_n_plan_workshop/install/snp_msgs/lib/python3.8/site-packages/snp_msgs/snp_msgs_s__rosidl_typesupport_fastrtps_c.cpython-38-x86_64-linux-gnu.so
[11.365s] -- Set runtime path of "/home/D10.US.SWRI.ORG/dspielman/snp/snp_ws/src/scan_n_plan_workshop/install/snp_msgs/lib/python3.8/site-packages/snp_msgs/snp_msgs_s__rosidl_typesupport_fastrtps_c.cpython-38-x86_64-linux-gnu.so" to ""
[11.365s] -- Installing: /home/D10.US.SWRI.ORG/dspielman/snp/snp_ws/src/scan_n_plan_workshop/install/snp_msgs/lib/python3.8/site-packages/snp_msgs/snp_msgs_s__rosidl_typesupport_introspection_c.cpython-38-x86_64-linux-gnu.so
[11.366s] -- Set runtime path of "/home/D10.US.SWRI.ORG/dspielman/snp/snp_ws/src/scan_n_plan_workshop/install/snp_msgs/lib/python3.8/site-packages/snp_msgs/snp_msgs_s__rosidl_typesupport_introspection_c.cpython-38-x86_64-linux-gnu.so" to ""
[11.366s] -- Installing: /home/D10.US.SWRI.ORG/dspielman/snp/snp_ws/src/scan_n_plan_workshop/install/snp_msgs/lib/python3.8/site-packages/snp_msgs/snp_msgs_s__rosidl_typesupport_c.cpython-38-x86_64-linux-gnu.so
[11.366s] -- Set runtime path of "/home/D10.US.SWRI.ORG/dspielman/snp/snp_ws/src/scan_n_plan_workshop/install/snp_msgs/lib/python3.8/site-packages/snp_msgs/snp_msgs_s__rosidl_typesupport_c.cpython-38-x86_64-linux-gnu.so" to ""
[11.366s] -- Installing: /home/D10.US.SWRI.ORG/dspielman/snp/snp_ws/src/scan_n_plan_workshop/install/snp_msgs/lib/libsnp_msgs__python.so
[11.367s] -- Set runtime path of "/home/D10.US.SWRI.ORG/dspielman/snp/snp_ws/src/scan_n_plan_workshop/install/snp_msgs/lib/libsnp_msgs__python.so" to ""
[11.367s] -- Installing: /home/D10.US.SWRI.ORG/dspielman/snp/snp_ws/src/scan_n_plan_workshop/install/snp_msgs/share/snp_msgs/msg/ToolPath.idl
[11.367s] -- Installing: /home/D10.US.SWRI.ORG/dspielman/snp/snp_ws/src/scan_n_plan_workshop/install/snp_msgs/share/snp_msgs/msg/ToolPaths.idl
[11.367s] -- Installing: /home/D10.US.SWRI.ORG/dspielman/snp/snp_ws/src/scan_n_plan_workshop/install/snp_msgs/share/snp_msgs/srv/ExecuteMotionPlan.idl
[11.368s] -- Installing: /home/D10.US.SWRI.ORG/dspielman/snp/snp_ws/src/scan_n_plan_workshop/install/snp_msgs/share/snp_msgs/srv/GenerateMotionPlan.idl
[11.368s] -- Installing: /home/D10.US.SWRI.ORG/dspielman/snp/snp_ws/src/scan_n_plan_workshop/install/snp_msgs/share/snp_msgs/srv/GenerateToolPaths.idl
[11.368s] -- Installing: /home/D10.US.SWRI.ORG/dspielman/snp/snp_ws/src/scan_n_plan_workshop/install/snp_msgs/share/snp_msgs/msg/ToolPath.msg
[11.368s] -- Installing: /home/D10.US.SWRI.ORG/dspielman/snp/snp_ws/src/scan_n_plan_workshop/install/snp_msgs/share/snp_msgs/msg/ToolPaths.msg
[11.369s] -- Installing: /home/D10.US.SWRI.ORG/dspielman/snp/snp_ws/src/scan_n_plan_workshop/install/snp_msgs/share/snp_msgs/srv/ExecuteMotionPlan.srv
[11.369s] -- Installing: /home/D10.US.SWRI.ORG/dspielman/snp/snp_ws/src/scan_n_plan_workshop/install/snp_msgs/share/snp_msgs/srv/ExecuteMotionPlan_Request.msg
[11.369s] -- Installing: /home/D10.US.SWRI.ORG/dspielman/snp/snp_ws/src/scan_n_plan_workshop/install/snp_msgs/share/snp_msgs/srv/ExecuteMotionPlan_Response.msg
[11.369s] -- Installing: /home/D10.US.SWRI.ORG/dspielman/snp/snp_ws/src/scan_n_plan_workshop/install/snp_msgs/share/snp_msgs/srv/GenerateMotionPlan.srv
[11.369s] -- Installing: /home/D10.US.SWRI.ORG/dspielman/snp/snp_ws/src/scan_n_plan_workshop/install/snp_msgs/share/snp_msgs/srv/GenerateMotionPlan_Request.msg
[11.370s] -- Installing: /home/D10.US.SWRI.ORG/dspielman/snp/snp_ws/src/scan_n_plan_workshop/install/snp_msgs/share/snp_msgs/srv/GenerateMotionPlan_Response.msg
[11.370s] -- Installing: /home/D10.US.SWRI.ORG/dspielman/snp/snp_ws/src/scan_n_plan_workshop/install/snp_msgs/share/snp_msgs/srv/GenerateToolPaths.srv
[11.370s] -- Installing: /home/D10.US.SWRI.ORG/dspielman/snp/snp_ws/src/scan_n_plan_workshop/install/snp_msgs/share/snp_msgs/srv/GenerateToolPaths_Request.msg
[11.370s] -- Installing: /home/D10.US.SWRI.ORG/dspielman/snp/snp_ws/src/scan_n_plan_workshop/install/snp_msgs/share/snp_msgs/srv/GenerateToolPaths_Response.msg
[11.371s] -- Installing: /home/D10.US.SWRI.ORG/dspielman/snp/snp_ws/src/scan_n_plan_workshop/install/snp_msgs/share/ament_index/resource_index/package_run_dependencies/snp_msgs
[11.371s] -- Installing: /home/D10.US.SWRI.ORG/dspielman/snp/snp_ws/src/scan_n_plan_workshop/install/snp_msgs/share/ament_index/resource_index/parent_prefix_path/snp_msgs
[11.371s] -- Installing: /home/D10.US.SWRI.ORG/dspielman/snp/snp_ws/src/scan_n_plan_workshop/install/snp_msgs/share/snp_msgs/environment/ament_prefix_path.sh
[11.371s] -- Installing: /home/D10.US.SWRI.ORG/dspielman/snp/snp_ws/src/scan_n_plan_workshop/install/snp_msgs/share/snp_msgs/environment/ament_prefix_path.dsv
[11.371s] -- Installing: /home/D10.US.SWRI.ORG/dspielman/snp/snp_ws/src/scan_n_plan_workshop/install/snp_msgs/share/snp_msgs/environment/path.sh
[11.371s] -- Installing: /home/D10.US.SWRI.ORG/dspielman/snp/snp_ws/src/scan_n_plan_workshop/install/snp_msgs/share/snp_msgs/environment/path.dsv
[11.372s] -- Installing: /home/D10.US.SWRI.ORG/dspielman/snp/snp_ws/src/scan_n_plan_workshop/install/snp_msgs/share/snp_msgs/local_setup.bash
[11.372s] -- Installing: /home/D10.US.SWRI.ORG/dspielman/snp/snp_ws/src/scan_n_plan_workshop/install/snp_msgs/share/snp_msgs/local_setup.sh
[11.372s] -- Installing: /home/D10.US.SWRI.ORG/dspielman/snp/snp_ws/src/scan_n_plan_workshop/install/snp_msgs/share/snp_msgs/local_setup.zsh
[11.372s] -- Installing: /home/D10.US.SWRI.ORG/dspielman/snp/snp_ws/src/scan_n_plan_workshop/install/snp_msgs/share/snp_msgs/local_setup.dsv
[11.372s] -- Installing: /home/D10.US.SWRI.ORG/dspielman/snp/snp_ws/src/scan_n_plan_workshop/install/snp_msgs/share/snp_msgs/package.dsv
[11.372s] -- Installing: /home/D10.US.SWRI.ORG/dspielman/snp/snp_ws/src/scan_n_plan_workshop/install/snp_msgs/share/ament_index/resource_index/packages/snp_msgs
[11.372s] -- Installing: /home/D10.US.SWRI.ORG/dspielman/snp/snp_ws/src/scan_n_plan_workshop/install/snp_msgs/share/snp_msgs/cmake/snp_msgs__rosidl_generator_cExport.cmake
[11.373s] -- Installing: /home/D10.US.SWRI.ORG/dspielman/snp/snp_ws/src/scan_n_plan_workshop/install/snp_msgs/share/snp_msgs/cmake/snp_msgs__rosidl_generator_cExport-noconfig.cmake
[11.373s] -- Installing: /home/D10.US.SWRI.ORG/dspielman/snp/snp_ws/src/scan_n_plan_workshop/install/snp_msgs/share/snp_msgs/cmake/snp_msgs__rosidl_typesupport_introspection_cExport.cmake
[11.373s] -- Installing: /home/D10.US.SWRI.ORG/dspielman/snp/snp_ws/src/scan_n_plan_workshop/install/snp_msgs/share/snp_msgs/cmake/snp_msgs__rosidl_typesupport_introspection_cExport-noconfig.cmake
[11.373s] -- Installing: /home/D10.US.SWRI.ORG/dspielman/snp/snp_ws/src/scan_n_plan_workshop/install/snp_msgs/share/snp_msgs/cmake/snp_msgs__rosidl_typesupport_cExport.cmake
[11.373s] -- Installing: /home/D10.US.SWRI.ORG/dspielman/snp/snp_ws/src/scan_n_plan_workshop/install/snp_msgs/share/snp_msgs/cmake/snp_msgs__rosidl_typesupport_cExport-noconfig.cmake
[11.373s] -- Installing: /home/D10.US.SWRI.ORG/dspielman/snp/snp_ws/src/scan_n_plan_workshop/install/snp_msgs/share/snp_msgs/cmake/snp_msgs__rosidl_generator_cppExport.cmake
[11.374s] -- Installing: /home/D10.US.SWRI.ORG/dspielman/snp/snp_ws/src/scan_n_plan_workshop/install/snp_msgs/share/snp_msgs/cmake/snp_msgs__rosidl_typesupport_introspection_cppExport.cmake
[11.374s] -- Installing: /home/D10.US.SWRI.ORG/dspielman/snp/snp_ws/src/scan_n_plan_workshop/install/snp_msgs/share/snp_msgs/cmake/snp_msgs__rosidl_typesupport_introspection_cppExport-noconfig.cmake
[11.374s] -- Installing: /home/D10.US.SWRI.ORG/dspielman/snp/snp_ws/src/scan_n_plan_workshop/install/snp_msgs/share/snp_msgs/cmake/snp_msgs__rosidl_typesupport_cppExport.cmake
[11.374s] -- Installing: /home/D10.US.SWRI.ORG/dspielman/snp/snp_ws/src/scan_n_plan_workshop/install/snp_msgs/share/snp_msgs/cmake/snp_msgs__rosidl_typesupport_cppExport-noconfig.cmake
[11.374s] -- Installing: /home/D10.US.SWRI.ORG/dspielman/snp/snp_ws/src/scan_n_plan_workshop/install/snp_msgs/share/snp_msgs/cmake/rosidl_cmake-extras.cmake
[11.374s] -- Installing: /home/D10.US.SWRI.ORG/dspielman/snp/snp_ws/src/scan_n_plan_workshop/install/snp_msgs/share/snp_msgs/cmake/ament_cmake_export_dependencies-extras.cmake
[11.374s] -- Installing: /home/D10.US.SWRI.ORG/dspielman/snp/snp_ws/src/scan_n_plan_workshop/install/snp_msgs/share/snp_msgs/cmake/ament_cmake_export_libraries-extras.cmake
[11.375s] -- Installing: /home/D10.US.SWRI.ORG/dspielman/snp/snp_ws/src/scan_n_plan_workshop/install/snp_msgs/share/snp_msgs/cmake/ament_cmake_export_targets-extras.cmake
[11.375s] -- Installing: /home/D10.US.SWRI.ORG/dspielman/snp/snp_ws/src/scan_n_plan_workshop/install/snp_msgs/share/snp_msgs/cmake/ament_cmake_export_include_directories-extras.cmake
[11.375s] -- Installing: /home/D10.US.SWRI.ORG/dspielman/snp/snp_ws/src/scan_n_plan_workshop/install/snp_msgs/share/snp_msgs/cmake/rosidl_cmake_export_typesupport_libraries-extras.cmake
[11.375s] -- Installing: /home/D10.US.SWRI.ORG/dspielman/snp/snp_ws/src/scan_n_plan_workshop/install/snp_msgs/share/snp_msgs/cmake/rosidl_cmake_export_typesupport_targets-extras.cmake
[11.375s] -- Installing: /home/D10.US.SWRI.ORG/dspielman/snp/snp_ws/src/scan_n_plan_workshop/install/snp_msgs/share/snp_msgs/cmake/snp_msgsConfig.cmake
[11.375s] -- Installing: /home/D10.US.SWRI.ORG/dspielman/snp/snp_ws/src/scan_n_plan_workshop/install/snp_msgs/share/snp_msgs/cmake/snp_msgsConfig-version.cmake
[11.375s] -- Installing: /home/D10.US.SWRI.ORG/dspielman/snp/snp_ws/src/scan_n_plan_workshop/install/snp_msgs/share/snp_msgs/package.xml
[11.379s] Invoked command in '/home/D10.US.SWRI.ORG/dspielman/snp/snp_ws/src/scan_n_plan_workshop/build/snp_msgs' returned '0': CMAKE_PREFIX_PATH=${CMAKE_PREFIX_PATH}:/home/D10.US.SWRI.ORG/dspielman/snp/snptools_ws/install/open3d_interface:/opt/ros/foxy /usr/bin/cmake --install /home/D10.US.SWRI.ORG/dspielman/snp/snp_ws/src/scan_n_plan_workshop/build/snp_msgs
