[0.039s] Invoking command in '/home/D10.US.SWRI.ORG/dspielman/snp/snp_ws/src/scan_n_plan_workshop/build/snp_tpp': AMENT_PREFIX_PATH=/home/D10.US.SWRI.ORG/dspielman/snp/snp_ws/src/scan_n_plan_workshop/install/snp_msgs:${AMENT_PREFIX_PATH} CMAKE_PREFIX_PATH=/home/D10.US.SWRI.ORG/dspielman/snp/snp_ws/src/scan_n_plan_workshop/install/snp_msgs:/home/D10.US.SWRI.ORG/dspielman/snp/snp_ws/install/snp_bringup_ros2:/home/D10.US.SWRI.ORG/dspielman/snp/snp_ws/install/snp_tpp:/home/D10.US.SWRI.ORG/dspielman/snp/snp_ws/install/snp_support:/home/D10.US.SWRI.ORG/dspielman/snp/snp_ws/install/snp_scanning:/home/D10.US.SWRI.ORG/dspielman/snp/snp_ws/install/snp_motion_planning:/home/D10.US.SWRI.ORG/dspielman/snp/snp_ws/install/snp_motion_execution:/home/D10.US.SWRI.ORG/dspielman/snp/snp_ws/install/snp_application:/home/D10.US.SWRI.ORG/dspielman/snp/snp_ws/install/snp_msgs:/home/D10.US.SWRI.ORG/dspielman/snp/snptools_ws/install/vhacd:/home/D10.US.SWRI.ORG/dspielman/snp/snptools_ws/install/tesseract_ros_examples:/home/D10.US.SWRI.ORG/dspielman/snp/snptools_ws/install/tesseract_rviz:/home/D10.US.SWRI.ORG/dspielman/snp/snptools_ws/install/tesseract_planning_server:/home/D10.US.SWRI.ORG/dspielman/snp/snptools_ws/install/tesseract_monitoring:/home/D10.US.SWRI.ORG/dspielman/snp/snptools_ws/install/tesseract_rosutils:/home/D10.US.SWRI.ORG/dspielman/snp/snptools_ws/install/tesseract_process_managers:/home/D10.US.SWRI.ORG/dspielman/snp/snptools_ws/install/tesseract_motion_planners:/home/D10.US.SWRI.ORG/dspielman/snp/snptools_ws/install/trajopt_sqp:/home/D10.US.SWRI.ORG/dspielman/snp/snptools_ws/install/trajopt:/home/D10.US.SWRI.ORG/dspielman/snp/snptools_ws/install/trajopt_sco:/home/D10.US.SWRI.ORG/dspielman/snp/snptools_ws/install/trajopt_ifopt:/home/D10.US.SWRI.ORG/dspielman/snp/snptools_ws/install/trajopt_utils:/home/D10.US.SWRI.ORG/dspielman/snp/snptools_ws/install/tesseract_visualization:/home/D10.US.SWRI.ORG/dspielman/snp/snptools_ws/install/tesseract_environment:/home/D10.US.SWRI.ORG/dspielman/snp/snptools_ws/install/tesseract_urdf:/home/D10.US.SWRI.ORG/dspielman/snp/snptools_ws/install/tesseract_time_parameterization:/home/D10.US.SWRI.ORG/dspielman/snp/snptools_ws/install/tesseract_collision:/home/D10.US.SWRI.ORG/dspielman/snp/snptools_ws/install/tesseract_support:/home/D10.US.SWRI.ORG/dspielman/snp/snptools_ws/install/tesseract_kinematics:/home/D10.US.SWRI.ORG/dspielman/snp/snptools_ws/install/tesseract_state_solver:/home/D10.US.SWRI.ORG/dspielman/snp/snptools_ws/install/tesseract_srdf:/home/D10.US.SWRI.ORG/dspielman/snp/snptools_ws/install/tesseract_scene_graph:/home/D10.US.SWRI.ORG/dspielman/snp/snptools_ws/install/tesseract_msgs:/home/D10.US.SWRI.ORG/dspielman/snp/snptools_ws/install/tesseract_geometry:/home/D10.US.SWRI.ORG/dspielman/snp/snptools_ws/install/tesseract_command_language:/home/D10.US.SWRI.ORG/dspielman/snp/snptools_ws/install/tesseract_common:/home/D10.US.SWRI.ORG/dspielman/snp/snptools_ws/install/ros_industrial_cmake_boilerplate:/home/D10.US.SWRI.ORG/dspielman/snp/snptools_ws/install/osqp_eigen:/home/D10.US.SWRI.ORG/dspielman/snp/snptools_ws/install/osqp:/home/D10.US.SWRI.ORG/dspielman/snp/snptools_ws/install/opw_kinematics:/home/D10.US.SWRI.ORG/dspielman/snp/snptools_ws/install/open3d_interface_msgs:/home/D10.US.SWRI.ORG/dspielman/snp/snptools_ws/install/noether_tpp:/home/D10.US.SWRI.ORG/dspielman/snp/snptools_ws/install/motoman_hc10_support:/home/D10.US.SWRI.ORG/dspielman/snp/snptools_ws/install/motoman_resources:/home/D10.US.SWRI.ORG/dspielman/snp/snptools_ws/install/ifopt:/home/D10.US.SWRI.ORG/dspielman/snp/snptools_ws/install/gl_depth_sim:/home/D10.US.SWRI.ORG/dspielman/snp/snptools_ws/install/fanuc_lrmate200ic_support:/home/D10.US.SWRI.ORG/dspielman/snp/snptools_ws/install/fanuc_resources:/home/D10.US.SWRI.ORG/dspielman/snp/snptools_ws/install/descartes_light:/home/D10.US.SWRI.ORG/dspielman/snp/snptools_ws/install/open3d_interface:/opt/ros/foxy LD_LIBRARY_PATH=/home/D10.US.SWRI.ORG/dspielman/snp/snp_ws/src/scan_n_plan_workshop/install/snp_msgs/lib:${LD_LIBRARY_PATH} PYTHONPATH=/home/D10.US.SWRI.ORG/dspielman/snp/snp_ws/src/scan_n_plan_workshop/install/snp_msgs/lib/python3.8/site-packages:${PYTHONPATH} /usr/bin/cmake /home/D10.US.SWRI.ORG/dspielman/snp/snp_ws/src/scan_n_plan_workshop/snp_tpp -DCMAKE_INSTALL_PREFIX=/home/D10.US.SWRI.ORG/dspielman/snp/snp_ws/src/scan_n_plan_workshop/install/snp_tpp
[0.165s] -- The C compiler identification is GNU 9.4.0
[0.256s] -- The CXX compiler identification is GNU 9.4.0
[0.262s] -- Check for working C compiler: /usr/bin/cc
[0.463s] -- Check for working C compiler: /usr/bin/cc -- works
[0.464s] -- Detecting C compiler ABI info
[0.710s] -- Detecting C compiler ABI info - done
[0.724s] -- Detecting C compile features
[0.724s] -- Detecting C compile features - done
[0.728s] -- Check for working CXX compiler: /usr/bin/c++
[0.920s] -- Check for working CXX compiler: /usr/bin/c++ -- works
[0.921s] -- Detecting CXX compiler ABI info
[1.120s] -- Detecting CXX compiler ABI info - done
[1.132s] -- Detecting CXX compile features
[1.132s] -- Detecting CXX compile features - done
[1.147s] -- Found ament_cmake: 0.9.9 (/opt/ros/foxy/share/ament_cmake/cmake)
[1.202s] -- Found PythonInterp: /usr/bin/python3 (found suitable version "3.8.10", minimum required is "3") 
[1.203s] -- Using PYTHON_EXECUTABLE: /usr/bin/python3
[1.655s] -- Found geometry_msgs: 2.0.5 (/opt/ros/foxy/share/geometry_msgs/cmake)
[1.823s] -- Using all available rosidl_typesupport_c: rosidl_typesupport_fastrtps_c;rosidl_typesupport_introspection_c
[1.875s] -- Found rosidl_adapter: 1.2.1 (/opt/ros/foxy/share/rosidl_adapter/cmake)
[2.260s] -- Found OpenSSL: /usr/lib/x86_64-linux-gnu/libcrypto.so (found version "1.1.1f")  
[2.323s] -- Found FastRTPS: /opt/ros/foxy/include  
[2.536s] -- Using all available rosidl_typesupport_cpp: rosidl_typesupport_fastrtps_cpp;rosidl_typesupport_introspection_cpp
[2.743s] -- Checking for module 'eigen3'
[2.811s] --   Found eigen3, version 3.3.7
[2.981s] -- Found Eigen: /usr/include/eigen3 (Required is at least version "3.1") 
[2.981s] -- Eigen found (include: /usr/include/eigen3, version: 3.3.7)
[3.097s] -- Found Boost: /usr/include (found suitable version "1.71.0", minimum required is "1.55.0") found components: system filesystem date_time iostreams regex 
[3.116s] -- Checking for module 'libusb-1.0'
[3.186s] --   Found libusb-1.0, version 1.0.23
[3.389s] -- Found USB_10: /usr/lib/x86_64-linux-gnu/libusb-1.0.so  
[3.707s] -- Found OpenNI: /usr/lib/libOpenNI.so  
[3.707s] -- OpenNI found (include: /usr/include/ni, lib: /usr/lib/libOpenNI.so)
[3.980s] -- Found OpenNI2: /usr/lib/libOpenNI2.so  
[3.980s] -- OpenNI2 found (include: /usr/include/openni2, lib: /usr/lib/libOpenNI2.so)
[3.980s] ** WARNING ** io features related to pcap will be disabled
[3.980s] ** WARNING ** io features related to png will be disabled
[4.042s] -- The imported target "vtkParseOGLExt" references the file
[4.043s]    "/usr/bin/vtkParseOGLExt-7.1"
[4.043s] but this file does not exist.  Possible reasons include:
[4.043s] * The file was deleted, renamed, or moved to another location.
[4.043s] * An install or uninstall procedure did not complete successfully.
[4.043s] * The installation package was faulty and contained
[4.043s]    "/usr/lib/cmake/vtk-7.1/VTKTargets.cmake"
[4.043s] but not all the files it references.
[4.043s] 
[4.043s] -- The imported target "vtkRenderingPythonTkWidgets" references the file
[4.043s]    "/usr/lib/x86_64-linux-gnu/libvtkRenderingPythonTkWidgets.so"
[4.044s] but this file does not exist.  Possible reasons include:
[4.044s] * The file was deleted, renamed, or moved to another location.
[4.044s] * An install or uninstall procedure did not complete successfully.
[4.044s] * The installation package was faulty and contained
[4.044s]    "/usr/lib/cmake/vtk-7.1/VTKTargets.cmake"
[4.044s] but not all the files it references.
[4.044s] 
[4.044s] -- The imported target "vtk" references the file
[4.044s]    "/usr/bin/vtk"
[4.044s] but this file does not exist.  Possible reasons include:
[4.045s] * The file was deleted, renamed, or moved to another location.
[4.045s] * An install or uninstall procedure did not complete successfully.
[4.045s] * The installation package was faulty and contained
[4.045s]    "/usr/lib/cmake/vtk-7.1/VTKTargets.cmake"
[4.045s] but not all the files it references.
[4.045s] 
[4.045s] -- The imported target "pvtk" references the file
[4.045s]    "/usr/bin/pvtk"
[4.045s] but this file does not exist.  Possible reasons include:
[4.045s] * The file was deleted, renamed, or moved to another location.
[4.045s] * An install or uninstall procedure did not complete successfully.
[4.045s] * The installation package was faulty and contained
[4.046s]    "/usr/lib/cmake/vtk-7.1/VTKTargets.cmake"
[4.046s] but not all the files it references.
[4.046s] 
[4.075s] -- Found libusb-1.0: /usr/include  
[4.075s] ** WARNING ** io features related to libusb-1.0 will be disabled
[4.075s] -- looking for PCL_COMMON
[4.076s] -- Found PCL_COMMON: /usr/lib/x86_64-linux-gnu/libpcl_common.so  
[4.076s] -- looking for PCL_OCTREE
[4.077s] -- Found PCL_OCTREE: /usr/lib/x86_64-linux-gnu/libpcl_octree.so  
[4.077s] -- looking for PCL_IO
[4.078s] -- Found PCL_IO: /usr/lib/x86_64-linux-gnu/libpcl_io.so  
[4.079s] -- Found PCL: pcl_common;pcl_octree;pcl_io;/usr/lib/x86_64-linux-gnu/libboost_system.so;/usr/lib/x86_64-linux-gnu/libboost_filesystem.so;/usr/lib/x86_64-linux-gnu/libboost_date_time.so;/usr/lib/x86_64-linux-gnu/libboost_iostreams.so;/usr/lib/x86_64-linux-gnu/libboost_regex.so;/usr/lib/libOpenNI.so;/usr/lib/libOpenNI2.so;vtkChartsCore;vtkCommonColor;vtkCommonCore;vtksys;vtkCommonDataModel;vtkCommonMath;vtkCommonMisc;vtkCommonSystem;vtkCommonTransforms;vtkCommonExecutionModel;vtkFiltersGeneral;vtkCommonComputationalGeometry;vtkFiltersCore;vtkInfovisCore;vtkFiltersExtraction;vtkFiltersStatistics;vtkImagingFourier;vtkImagingCore;vtkalglib;vtkRenderingContext2D;vtkRenderingCore;vtkFiltersGeometry;vtkFiltersSources;vtkRenderingFreeType;/usr/lib/x86_64-linux-gnu/libfreetype.so;/usr/lib/x86_64-linux-gnu/libz.so;vtkFiltersModeling;vtkImagingSources;vtkInteractionStyle;vtkInteractionWidgets;vtkFiltersHybrid;vtkImagingColor;vtkImagingGeneral;vtkImagingHybrid;vtkIOImage;vtkDICOMParser;vtkmetaio;/usr/lib/x86_64-linux-gnu/libjpeg.so;/usr/lib/x86_64-linux-gnu/libpng.so;/usr/lib/x86_64-linux-gnu/libtiff.so;vtkRenderingAnnotation;vtkRenderingVolume;vtkIOXML;vtkIOCore;vtkIOXMLParser;/usr/lib/x86_64-linux-gnu/libexpat.so;vtkIOGeometry;vtkIOLegacy;vtkIOPLY;vtkRenderingLOD;vtkViewsContext2D;vtkViewsCore;vtkRenderingContextOpenGL2;vtkRenderingOpenGL2  
[4.144s] CMake Warning (dev) at CMakeLists.txt:22 (find_package):
[4.144s]   Policy CMP0074 is not set: find_package uses <PackageName>_ROOT variables.
[4.144s]   Run "cmake --help-policy CMP0074" for policy details.  Use the cmake_policy
[4.144s]   command to set the policy and suppress this warning.
[4.144s] 
[4.144s]   CMake variable PCL_ROOT is set to:
[4.144s] 
[4.144s]     /usr
[4.144s] 
[4.144s]   For compatibility, CMake is ignoring the variable.
[4.144s] This warning is for project developers.  Use -Wno-dev to suppress it.
[4.145s] 
[4.201s] -- Checking for module 'flann'
[4.268s] --   Found flann, version 1.9.1
[4.485s] -- Found FLANN: /usr/lib/x86_64-linux-gnu/libflann_cpp.so  
[4.513s] -- OpenNI found (include: /usr/include/ni, lib: /usr/lib/libOpenNI.so)
[4.528s] -- OpenNI2 found (include: /usr/include/openni2, lib: /usr/lib/libOpenNI2.so)
[4.584s] -- Found Qhull: optimized;/usr/lib/x86_64-linux-gnu/libqhull.so;debug;/usr/lib/x86_64-linux-gnu/libqhull.so  
[4.585s] -- QHULL found (include: /usr/include, lib: optimized;/usr/lib/x86_64-linux-gnu/libqhull.so;debug;/usr/lib/x86_64-linux-gnu/libqhull.so)
[4.600s] -- OpenNI found (include: /usr/include/ni, lib: /usr/lib/libOpenNI.so)
[4.613s] -- looking for PCL_KDTREE
[4.614s] -- Found PCL_KDTREE: /usr/lib/x86_64-linux-gnu/libpcl_kdtree.so  
[4.615s] -- looking for PCL_SEARCH
[4.616s] -- Found PCL_SEARCH: /usr/lib/x86_64-linux-gnu/libpcl_search.so  
[4.616s] -- looking for PCL_SAMPLE_CONSENSUS
[4.617s] -- Found PCL_SAMPLE_CONSENSUS: /usr/lib/x86_64-linux-gnu/libpcl_sample_consensus.so  
[4.618s] -- looking for PCL_FILTERS
[4.619s] -- Found PCL_FILTERS: /usr/lib/x86_64-linux-gnu/libpcl_filters.so  
[4.619s] -- looking for PCL_2D
[4.619s] -- Found PCL_2D: /usr/include/pcl-1.10  
[4.620s] -- looking for PCL_GEOMETRY
[4.620s] -- Found PCL_GEOMETRY: /usr/include/pcl-1.10  
[4.620s] -- looking for PCL_FEATURES
[4.621s] -- Found PCL_FEATURES: /usr/lib/x86_64-linux-gnu/libpcl_features.so  
[4.621s] -- looking for PCL_ML
[4.622s] -- Found PCL_ML: /usr/lib/x86_64-linux-gnu/libpcl_ml.so  
[4.623s] -- looking for PCL_SEGMENTATION
[4.623s] -- Found PCL_SEGMENTATION: /usr/lib/x86_64-linux-gnu/libpcl_segmentation.so  
[4.624s] -- looking for PCL_VISUALIZATION
[4.625s] -- Found PCL_VISUALIZATION: /usr/lib/x86_64-linux-gnu/libpcl_visualization.so  
[4.625s] -- looking for PCL_SURFACE
[4.626s] -- Found PCL_SURFACE: /usr/lib/x86_64-linux-gnu/libpcl_surface.so  
[4.626s] -- looking for PCL_REGISTRATION
[4.627s] -- Found PCL_REGISTRATION: /usr/lib/x86_64-linux-gnu/libpcl_registration.so  
[4.627s] -- looking for PCL_KEYPOINTS
[4.628s] -- Found PCL_KEYPOINTS: /usr/lib/x86_64-linux-gnu/libpcl_keypoints.so  
[4.628s] -- looking for PCL_TRACKING
[4.629s] -- Found PCL_TRACKING: /usr/lib/x86_64-linux-gnu/libpcl_tracking.so  
[4.630s] -- looking for PCL_RECOGNITION
[4.630s] -- Found PCL_RECOGNITION: /usr/lib/x86_64-linux-gnu/libpcl_recognition.so  
[4.631s] -- looking for PCL_STEREO
[4.632s] -- Found PCL_STEREO: /usr/lib/x86_64-linux-gnu/libpcl_stereo.so  
[4.632s] -- looking for PCL_APPS
[4.633s] -- Found PCL_APPS: /usr/lib/x86_64-linux-gnu/libpcl_apps.so  
[4.633s] -- looking for PCL_IN_HAND_SCANNER
[4.634s] -- Found PCL_IN_HAND_SCANNER: /usr/include/pcl-1.10  
[4.634s] -- looking for PCL_POINT_CLOUD_EDITOR
[4.634s] -- Found PCL_POINT_CLOUD_EDITOR: /usr/include/pcl-1.10  
[4.634s] -- looking for PCL_OUTOFCORE
[4.635s] -- Found PCL_OUTOFCORE: /usr/lib/x86_64-linux-gnu/libpcl_outofcore.so  
[4.636s] -- looking for PCL_PEOPLE
[4.636s] -- Found PCL_PEOPLE: /usr/lib/x86_64-linux-gnu/libpcl_people.so  
[4.638s] -- Found PCL: pcl_common;pcl_octree;pcl_io;pcl_kdtree;pcl_search;pcl_sample_consensus;pcl_filters;pcl_features;pcl_ml;pcl_segmentation;pcl_visualization;pcl_surface;pcl_registration;pcl_keypoints;pcl_tracking;pcl_recognition;pcl_stereo;pcl_apps;pcl_outofcore;pcl_people;/usr/lib/x86_64-linux-gnu/libboost_system.so;/usr/lib/x86_64-linux-gnu/libboost_filesystem.so;/usr/lib/x86_64-linux-gnu/libboost_date_time.so;/usr/lib/x86_64-linux-gnu/libboost_iostreams.so;/usr/lib/x86_64-linux-gnu/libboost_regex.so;optimized;/usr/lib/x86_64-linux-gnu/libqhull.so;debug;/usr/lib/x86_64-linux-gnu/libqhull.so;/usr/lib/libOpenNI.so;/usr/lib/libOpenNI2.so;vtkChartsCore;vtkCommonColor;vtkCommonCore;vtksys;vtkCommonDataModel;vtkCommonMath;vtkCommonMisc;vtkCommonSystem;vtkCommonTransforms;vtkCommonExecutionModel;vtkFiltersGeneral;vtkCommonComputationalGeometry;vtkFiltersCore;vtkInfovisCore;vtkFiltersExtraction;vtkFiltersStatistics;vtkImagingFourier;vtkImagingCore;vtkalglib;vtkRenderingContext2D;vtkRenderingCore;vtkFiltersGeometry;vtkFiltersSources;vtkRenderingFreeType;/usr/lib/x86_64-linux-gnu/libfreetype.so;/usr/lib/x86_64-linux-gnu/libz.so;vtkFiltersModeling;vtkImagingSources;vtkInteractionStyle;vtkInteractionWidgets;vtkFiltersHybrid;vtkImagingColor;vtkImagingGeneral;vtkImagingHybrid;vtkIOImage;vtkDICOMParser;vtkmetaio;/usr/lib/x86_64-linux-gnu/libjpeg.so;/usr/lib/x86_64-linux-gnu/libpng.so;/usr/lib/x86_64-linux-gnu/libtiff.so;vtkRenderingAnnotation;vtkRenderingVolume;vtkIOXML;vtkIOCore;vtkIOXMLParser;/usr/lib/x86_64-linux-gnu/libexpat.so;vtkIOGeometry;vtkIOLegacy;vtkIOPLY;vtkRenderingLOD;vtkViewsContext2D;vtkViewsCore;vtkRenderingContextOpenGL2;vtkRenderingOpenGL2;FLANN::FLANN  
[4.654s] -- Found rclcpp: 2.4.1 (/opt/ros/foxy/share/rclcpp/cmake)
[4.814s] -- Found rmw_implementation_cmake: 1.0.3 (/opt/ros/foxy/share/rmw_implementation_cmake/cmake)
[4.818s] -- Using RMW implementation 'rmw_fastrtps_cpp' as default
[4.820s] -- Looking for pthread.h
[5.075s] -- Looking for pthread.h - found
[5.075s] -- Performing Test CMAKE_HAVE_LIBC_PTHREAD
[5.327s] -- Performing Test CMAKE_HAVE_LIBC_PTHREAD - Failed
[5.327s] -- Looking for pthread_create in pthreads
[5.577s] -- Looking for pthread_create in pthreads - not found
[5.577s] -- Looking for pthread_create in pthread
[5.843s] -- Looking for pthread_create in pthread - found
[5.844s] -- Found Threads: TRUE  
[6.124s] -- Found snp_msgs: 0.0.0 (/home/D10.US.SWRI.ORG/dspielman/snp/snp_ws/src/scan_n_plan_workshop/install/snp_msgs/share/snp_msgs/cmake)
[6.421s] -- Found tf2_eigen: 0.13.13 (/opt/ros/foxy/share/tf2_eigen/cmake)
[7.056s] -- Found ament_lint_auto: 0.9.6 (/opt/ros/foxy/share/ament_lint_auto/cmake)
[7.151s] -- Configuring done
[7.317s] -- Generating done
[7.324s] -- Build files have been written to: /home/D10.US.SWRI.ORG/dspielman/snp/snp_ws/src/scan_n_plan_workshop/build/snp_tpp
[7.349s] Invoked command in '/home/D10.US.SWRI.ORG/dspielman/snp/snp_ws/src/scan_n_plan_workshop/build/snp_tpp' returned '0': AMENT_PREFIX_PATH=/home/D10.US.SWRI.ORG/dspielman/snp/snp_ws/src/scan_n_plan_workshop/install/snp_msgs:${AMENT_PREFIX_PATH} CMAKE_PREFIX_PATH=/home/D10.US.SWRI.ORG/dspielman/snp/snp_ws/src/scan_n_plan_workshop/install/snp_msgs:/home/D10.US.SWRI.ORG/dspielman/snp/snp_ws/install/snp_bringup_ros2:/home/D10.US.SWRI.ORG/dspielman/snp/snp_ws/install/snp_tpp:/home/D10.US.SWRI.ORG/dspielman/snp/snp_ws/install/snp_support:/home/D10.US.SWRI.ORG/dspielman/snp/snp_ws/install/snp_scanning:/home/D10.US.SWRI.ORG/dspielman/snp/snp_ws/install/snp_motion_planning:/home/D10.US.SWRI.ORG/dspielman/snp/snp_ws/install/snp_motion_execution:/home/D10.US.SWRI.ORG/dspielman/snp/snp_ws/install/snp_application:/home/D10.US.SWRI.ORG/dspielman/snp/snp_ws/install/snp_msgs:/home/D10.US.SWRI.ORG/dspielman/snp/snptools_ws/install/vhacd:/home/D10.US.SWRI.ORG/dspielman/snp/snptools_ws/install/tesseract_ros_examples:/home/D10.US.SWRI.ORG/dspielman/snp/snptools_ws/install/tesseract_rviz:/home/D10.US.SWRI.ORG/dspielman/snp/snptools_ws/install/tesseract_planning_server:/home/D10.US.SWRI.ORG/dspielman/snp/snptools_ws/install/tesseract_monitoring:/home/D10.US.SWRI.ORG/dspielman/snp/snptools_ws/install/tesseract_rosutils:/home/D10.US.SWRI.ORG/dspielman/snp/snptools_ws/install/tesseract_process_managers:/home/D10.US.SWRI.ORG/dspielman/snp/snptools_ws/install/tesseract_motion_planners:/home/D10.US.SWRI.ORG/dspielman/snp/snptools_ws/install/trajopt_sqp:/home/D10.US.SWRI.ORG/dspielman/snp/snptools_ws/install/trajopt:/home/D10.US.SWRI.ORG/dspielman/snp/snptools_ws/install/trajopt_sco:/home/D10.US.SWRI.ORG/dspielman/snp/snptools_ws/install/trajopt_ifopt:/home/D10.US.SWRI.ORG/dspielman/snp/snptools_ws/install/trajopt_utils:/home/D10.US.SWRI.ORG/dspielman/snp/snptools_ws/install/tesseract_visualization:/home/D10.US.SWRI.ORG/dspielman/snp/snptools_ws/install/tesseract_environment:/home/D10.US.SWRI.ORG/dspielman/snp/snptools_ws/install/tesseract_urdf:/home/D10.US.SWRI.ORG/dspielman/snp/snptools_ws/install/tesseract_time_parameterization:/home/D10.US.SWRI.ORG/dspielman/snp/snptools_ws/install/tesseract_collision:/home/D10.US.SWRI.ORG/dspielman/snp/snptools_ws/install/tesseract_support:/home/D10.US.SWRI.ORG/dspielman/snp/snptools_ws/install/tesseract_kinematics:/home/D10.US.SWRI.ORG/dspielman/snp/snptools_ws/install/tesseract_state_solver:/home/D10.US.SWRI.ORG/dspielman/snp/snptools_ws/install/tesseract_srdf:/home/D10.US.SWRI.ORG/dspielman/snp/snptools_ws/install/tesseract_scene_graph:/home/D10.US.SWRI.ORG/dspielman/snp/snptools_ws/install/tesseract_msgs:/home/D10.US.SWRI.ORG/dspielman/snp/snptools_ws/install/tesseract_geometry:/home/D10.US.SWRI.ORG/dspielman/snp/snptools_ws/install/tesseract_command_language:/home/D10.US.SWRI.ORG/dspielman/snp/snptools_ws/install/tesseract_common:/home/D10.US.SWRI.ORG/dspielman/snp/snptools_ws/install/ros_industrial_cmake_boilerplate:/home/D10.US.SWRI.ORG/dspielman/snp/snptools_ws/install/osqp_eigen:/home/D10.US.SWRI.ORG/dspielman/snp/snptools_ws/install/osqp:/home/D10.US.SWRI.ORG/dspielman/snp/snptools_ws/install/opw_kinematics:/home/D10.US.SWRI.ORG/dspielman/snp/snptools_ws/install/open3d_interface_msgs:/home/D10.US.SWRI.ORG/dspielman/snp/snptools_ws/install/noether_tpp:/home/D10.US.SWRI.ORG/dspielman/snp/snptools_ws/install/motoman_hc10_support:/home/D10.US.SWRI.ORG/dspielman/snp/snptools_ws/install/motoman_resources:/home/D10.US.SWRI.ORG/dspielman/snp/snptools_ws/install/ifopt:/home/D10.US.SWRI.ORG/dspielman/snp/snptools_ws/install/gl_depth_sim:/home/D10.US.SWRI.ORG/dspielman/snp/snptools_ws/install/fanuc_lrmate200ic_support:/home/D10.US.SWRI.ORG/dspielman/snp/snptools_ws/install/fanuc_resources:/home/D10.US.SWRI.ORG/dspielman/snp/snptools_ws/install/descartes_light:/home/D10.US.SWRI.ORG/dspielman/snp/snptools_ws/install/open3d_interface:/opt/ros/foxy LD_LIBRARY_PATH=/home/D10.US.SWRI.ORG/dspielman/snp/snp_ws/src/scan_n_plan_workshop/install/snp_msgs/lib:${LD_LIBRARY_PATH} PYTHONPATH=/home/D10.US.SWRI.ORG/dspielman/snp/snp_ws/src/scan_n_plan_workshop/install/snp_msgs/lib/python3.8/site-packages:${PYTHONPATH} /usr/bin/cmake /home/D10.US.SWRI.ORG/dspielman/snp/snp_ws/src/scan_n_plan_workshop/snp_tpp -DCMAKE_INSTALL_PREFIX=/home/D10.US.SWRI.ORG/dspielman/snp/snp_ws/src/scan_n_plan_workshop/install/snp_tpp
[7.351s] Invoking command in '/home/D10.US.SWRI.ORG/dspielman/snp/snp_ws/src/scan_n_plan_workshop/build/snp_tpp': AMENT_PREFIX_PATH=/home/D10.US.SWRI.ORG/dspielman/snp/snp_ws/src/scan_n_plan_workshop/install/snp_msgs:${AMENT_PREFIX_PATH} CMAKE_PREFIX_PATH=/home/D10.US.SWRI.ORG/dspielman/snp/snp_ws/src/scan_n_plan_workshop/install/snp_msgs:/home/D10.US.SWRI.ORG/dspielman/snp/snp_ws/install/snp_bringup_ros2:/home/D10.US.SWRI.ORG/dspielman/snp/snp_ws/install/snp_tpp:/home/D10.US.SWRI.ORG/dspielman/snp/snp_ws/install/snp_support:/home/D10.US.SWRI.ORG/dspielman/snp/snp_ws/install/snp_scanning:/home/D10.US.SWRI.ORG/dspielman/snp/snp_ws/install/snp_motion_planning:/home/D10.US.SWRI.ORG/dspielman/snp/snp_ws/install/snp_motion_execution:/home/D10.US.SWRI.ORG/dspielman/snp/snp_ws/install/snp_application:/home/D10.US.SWRI.ORG/dspielman/snp/snp_ws/install/snp_msgs:/home/D10.US.SWRI.ORG/dspielman/snp/snptools_ws/install/vhacd:/home/D10.US.SWRI.ORG/dspielman/snp/snptools_ws/install/tesseract_ros_examples:/home/D10.US.SWRI.ORG/dspielman/snp/snptools_ws/install/tesseract_rviz:/home/D10.US.SWRI.ORG/dspielman/snp/snptools_ws/install/tesseract_planning_server:/home/D10.US.SWRI.ORG/dspielman/snp/snptools_ws/install/tesseract_monitoring:/home/D10.US.SWRI.ORG/dspielman/snp/snptools_ws/install/tesseract_rosutils:/home/D10.US.SWRI.ORG/dspielman/snp/snptools_ws/install/tesseract_process_managers:/home/D10.US.SWRI.ORG/dspielman/snp/snptools_ws/install/tesseract_motion_planners:/home/D10.US.SWRI.ORG/dspielman/snp/snptools_ws/install/trajopt_sqp:/home/D10.US.SWRI.ORG/dspielman/snp/snptools_ws/install/trajopt:/home/D10.US.SWRI.ORG/dspielman/snp/snptools_ws/install/trajopt_sco:/home/D10.US.SWRI.ORG/dspielman/snp/snptools_ws/install/trajopt_ifopt:/home/D10.US.SWRI.ORG/dspielman/snp/snptools_ws/install/trajopt_utils:/home/D10.US.SWRI.ORG/dspielman/snp/snptools_ws/install/tesseract_visualization:/home/D10.US.SWRI.ORG/dspielman/snp/snptools_ws/install/tesseract_environment:/home/D10.US.SWRI.ORG/dspielman/snp/snptools_ws/install/tesseract_urdf:/home/D10.US.SWRI.ORG/dspielman/snp/snptools_ws/install/tesseract_time_parameterization:/home/D10.US.SWRI.ORG/dspielman/snp/snptools_ws/install/tesseract_collision:/home/D10.US.SWRI.ORG/dspielman/snp/snptools_ws/install/tesseract_support:/home/D10.US.SWRI.ORG/dspielman/snp/snptools_ws/install/tesseract_kinematics:/home/D10.US.SWRI.ORG/dspielman/snp/snptools_ws/install/tesseract_state_solver:/home/D10.US.SWRI.ORG/dspielman/snp/snptools_ws/install/tesseract_srdf:/home/D10.US.SWRI.ORG/dspielman/snp/snptools_ws/install/tesseract_scene_graph:/home/D10.US.SWRI.ORG/dspielman/snp/snptools_ws/install/tesseract_msgs:/home/D10.US.SWRI.ORG/dspielman/snp/snptools_ws/install/tesseract_geometry:/home/D10.US.SWRI.ORG/dspielman/snp/snptools_ws/install/tesseract_command_language:/home/D10.US.SWRI.ORG/dspielman/snp/snptools_ws/install/tesseract_common:/home/D10.US.SWRI.ORG/dspielman/snp/snptools_ws/install/ros_industrial_cmake_boilerplate:/home/D10.US.SWRI.ORG/dspielman/snp/snptools_ws/install/osqp_eigen:/home/D10.US.SWRI.ORG/dspielman/snp/snptools_ws/install/osqp:/home/D10.US.SWRI.ORG/dspielman/snp/snptools_ws/install/opw_kinematics:/home/D10.US.SWRI.ORG/dspielman/snp/snptools_ws/install/open3d_interface_msgs:/home/D10.US.SWRI.ORG/dspielman/snp/snptools_ws/install/noether_tpp:/home/D10.US.SWRI.ORG/dspielman/snp/snptools_ws/install/motoman_hc10_support:/home/D10.US.SWRI.ORG/dspielman/snp/snptools_ws/install/motoman_resources:/home/D10.US.SWRI.ORG/dspielman/snp/snptools_ws/install/ifopt:/home/D10.US.SWRI.ORG/dspielman/snp/snptools_ws/install/gl_depth_sim:/home/D10.US.SWRI.ORG/dspielman/snp/snptools_ws/install/fanuc_lrmate200ic_support:/home/D10.US.SWRI.ORG/dspielman/snp/snptools_ws/install/fanuc_resources:/home/D10.US.SWRI.ORG/dspielman/snp/snptools_ws/install/descartes_light:/home/D10.US.SWRI.ORG/dspielman/snp/snptools_ws/install/open3d_interface:/opt/ros/foxy LD_LIBRARY_PATH=/home/D10.US.SWRI.ORG/dspielman/snp/snp_ws/src/scan_n_plan_workshop/install/snp_msgs/lib:${LD_LIBRARY_PATH} PYTHONPATH=/home/D10.US.SWRI.ORG/dspielman/snp/snp_ws/src/scan_n_plan_workshop/install/snp_msgs/lib/python3.8/site-packages:${PYTHONPATH} /usr/bin/cmake --build /home/D10.US.SWRI.ORG/dspielman/snp/snp_ws/src/scan_n_plan_workshop/build/snp_tpp -- -j8 -l8
[7.575s] [35m[1mScanning dependencies of target snp_tpp_test[0m
[7.655s] [35m[1mScanning dependencies of target snp_tpp_node[0m
[7.713s] [ 25%] [32mBuilding CXX object CMakeFiles/snp_tpp_test.dir/src/snp_tpp_test_node.cpp.o[0m
[8.141s] [ 50%] [32mBuilding CXX object CMakeFiles/snp_tpp_node.dir/src/snp_tpp_node.cpp.o[0m
[13.149s] [ 75%] [32m[1mLinking CXX executable snp_tpp_test[0m
[13.604s] [ 75%] Built target snp_tpp_test
[24.436s] [100%] [32m[1mLinking CXX executable snp_tpp_node[0m
[27.992s] [100%] Built target snp_tpp_node
[28.024s] Invoked command in '/home/D10.US.SWRI.ORG/dspielman/snp/snp_ws/src/scan_n_plan_workshop/build/snp_tpp' returned '0': AMENT_PREFIX_PATH=/home/D10.US.SWRI.ORG/dspielman/snp/snp_ws/src/scan_n_plan_workshop/install/snp_msgs:${AMENT_PREFIX_PATH} CMAKE_PREFIX_PATH=/home/D10.US.SWRI.ORG/dspielman/snp/snp_ws/src/scan_n_plan_workshop/install/snp_msgs:/home/D10.US.SWRI.ORG/dspielman/snp/snp_ws/install/snp_bringup_ros2:/home/D10.US.SWRI.ORG/dspielman/snp/snp_ws/install/snp_tpp:/home/D10.US.SWRI.ORG/dspielman/snp/snp_ws/install/snp_support:/home/D10.US.SWRI.ORG/dspielman/snp/snp_ws/install/snp_scanning:/home/D10.US.SWRI.ORG/dspielman/snp/snp_ws/install/snp_motion_planning:/home/D10.US.SWRI.ORG/dspielman/snp/snp_ws/install/snp_motion_execution:/home/D10.US.SWRI.ORG/dspielman/snp/snp_ws/install/snp_application:/home/D10.US.SWRI.ORG/dspielman/snp/snp_ws/install/snp_msgs:/home/D10.US.SWRI.ORG/dspielman/snp/snptools_ws/install/vhacd:/home/D10.US.SWRI.ORG/dspielman/snp/snptools_ws/install/tesseract_ros_examples:/home/D10.US.SWRI.ORG/dspielman/snp/snptools_ws/install/tesseract_rviz:/home/D10.US.SWRI.ORG/dspielman/snp/snptools_ws/install/tesseract_planning_server:/home/D10.US.SWRI.ORG/dspielman/snp/snptools_ws/install/tesseract_monitoring:/home/D10.US.SWRI.ORG/dspielman/snp/snptools_ws/install/tesseract_rosutils:/home/D10.US.SWRI.ORG/dspielman/snp/snptools_ws/install/tesseract_process_managers:/home/D10.US.SWRI.ORG/dspielman/snp/snptools_ws/install/tesseract_motion_planners:/home/D10.US.SWRI.ORG/dspielman/snp/snptools_ws/install/trajopt_sqp:/home/D10.US.SWRI.ORG/dspielman/snp/snptools_ws/install/trajopt:/home/D10.US.SWRI.ORG/dspielman/snp/snptools_ws/install/trajopt_sco:/home/D10.US.SWRI.ORG/dspielman/snp/snptools_ws/install/trajopt_ifopt:/home/D10.US.SWRI.ORG/dspielman/snp/snptools_ws/install/trajopt_utils:/home/D10.US.SWRI.ORG/dspielman/snp/snptools_ws/install/tesseract_visualization:/home/D10.US.SWRI.ORG/dspielman/snp/snptools_ws/install/tesseract_environment:/home/D10.US.SWRI.ORG/dspielman/snp/snptools_ws/install/tesseract_urdf:/home/D10.US.SWRI.ORG/dspielman/snp/snptools_ws/install/tesseract_time_parameterization:/home/D10.US.SWRI.ORG/dspielman/snp/snptools_ws/install/tesseract_collision:/home/D10.US.SWRI.ORG/dspielman/snp/snptools_ws/install/tesseract_support:/home/D10.US.SWRI.ORG/dspielman/snp/snptools_ws/install/tesseract_kinematics:/home/D10.US.SWRI.ORG/dspielman/snp/snptools_ws/install/tesseract_state_solver:/home/D10.US.SWRI.ORG/dspielman/snp/snptools_ws/install/tesseract_srdf:/home/D10.US.SWRI.ORG/dspielman/snp/snptools_ws/install/tesseract_scene_graph:/home/D10.US.SWRI.ORG/dspielman/snp/snptools_ws/install/tesseract_msgs:/home/D10.US.SWRI.ORG/dspielman/snp/snptools_ws/install/tesseract_geometry:/home/D10.US.SWRI.ORG/dspielman/snp/snptools_ws/install/tesseract_command_language:/home/D10.US.SWRI.ORG/dspielman/snp/snptools_ws/install/tesseract_common:/home/D10.US.SWRI.ORG/dspielman/snp/snptools_ws/install/ros_industrial_cmake_boilerplate:/home/D10.US.SWRI.ORG/dspielman/snp/snptools_ws/install/osqp_eigen:/home/D10.US.SWRI.ORG/dspielman/snp/snptools_ws/install/osqp:/home/D10.US.SWRI.ORG/dspielman/snp/snptools_ws/install/opw_kinematics:/home/D10.US.SWRI.ORG/dspielman/snp/snptools_ws/install/open3d_interface_msgs:/home/D10.US.SWRI.ORG/dspielman/snp/snptools_ws/install/noether_tpp:/home/D10.US.SWRI.ORG/dspielman/snp/snptools_ws/install/motoman_hc10_support:/home/D10.US.SWRI.ORG/dspielman/snp/snptools_ws/install/motoman_resources:/home/D10.US.SWRI.ORG/dspielman/snp/snptools_ws/install/ifopt:/home/D10.US.SWRI.ORG/dspielman/snp/snptools_ws/install/gl_depth_sim:/home/D10.US.SWRI.ORG/dspielman/snp/snptools_ws/install/fanuc_lrmate200ic_support:/home/D10.US.SWRI.ORG/dspielman/snp/snptools_ws/install/fanuc_resources:/home/D10.US.SWRI.ORG/dspielman/snp/snptools_ws/install/descartes_light:/home/D10.US.SWRI.ORG/dspielman/snp/snptools_ws/install/open3d_interface:/opt/ros/foxy LD_LIBRARY_PATH=/home/D10.US.SWRI.ORG/dspielman/snp/snp_ws/src/scan_n_plan_workshop/install/snp_msgs/lib:${LD_LIBRARY_PATH} PYTHONPATH=/home/D10.US.SWRI.ORG/dspielman/snp/snp_ws/src/scan_n_plan_workshop/install/snp_msgs/lib/python3.8/site-packages:${PYTHONPATH} /usr/bin/cmake --build /home/D10.US.SWRI.ORG/dspielman/snp/snp_ws/src/scan_n_plan_workshop/build/snp_tpp -- -j8 -l8
[28.181s] Invoking command in '/home/D10.US.SWRI.ORG/dspielman/snp/snp_ws/src/scan_n_plan_workshop/build/snp_tpp': AMENT_PREFIX_PATH=/home/D10.US.SWRI.ORG/dspielman/snp/snp_ws/src/scan_n_plan_workshop/install/snp_msgs:${AMENT_PREFIX_PATH} CMAKE_PREFIX_PATH=/home/D10.US.SWRI.ORG/dspielman/snp/snp_ws/src/scan_n_plan_workshop/install/snp_msgs:/home/D10.US.SWRI.ORG/dspielman/snp/snp_ws/install/snp_bringup_ros2:/home/D10.US.SWRI.ORG/dspielman/snp/snp_ws/install/snp_tpp:/home/D10.US.SWRI.ORG/dspielman/snp/snp_ws/install/snp_support:/home/D10.US.SWRI.ORG/dspielman/snp/snp_ws/install/snp_scanning:/home/D10.US.SWRI.ORG/dspielman/snp/snp_ws/install/snp_motion_planning:/home/D10.US.SWRI.ORG/dspielman/snp/snp_ws/install/snp_motion_execution:/home/D10.US.SWRI.ORG/dspielman/snp/snp_ws/install/snp_application:/home/D10.US.SWRI.ORG/dspielman/snp/snp_ws/install/snp_msgs:/home/D10.US.SWRI.ORG/dspielman/snp/snptools_ws/install/vhacd:/home/D10.US.SWRI.ORG/dspielman/snp/snptools_ws/install/tesseract_ros_examples:/home/D10.US.SWRI.ORG/dspielman/snp/snptools_ws/install/tesseract_rviz:/home/D10.US.SWRI.ORG/dspielman/snp/snptools_ws/install/tesseract_planning_server:/home/D10.US.SWRI.ORG/dspielman/snp/snptools_ws/install/tesseract_monitoring:/home/D10.US.SWRI.ORG/dspielman/snp/snptools_ws/install/tesseract_rosutils:/home/D10.US.SWRI.ORG/dspielman/snp/snptools_ws/install/tesseract_process_managers:/home/D10.US.SWRI.ORG/dspielman/snp/snptools_ws/install/tesseract_motion_planners:/home/D10.US.SWRI.ORG/dspielman/snp/snptools_ws/install/trajopt_sqp:/home/D10.US.SWRI.ORG/dspielman/snp/snptools_ws/install/trajopt:/home/D10.US.SWRI.ORG/dspielman/snp/snptools_ws/install/trajopt_sco:/home/D10.US.SWRI.ORG/dspielman/snp/snptools_ws/install/trajopt_ifopt:/home/D10.US.SWRI.ORG/dspielman/snp/snptools_ws/install/trajopt_utils:/home/D10.US.SWRI.ORG/dspielman/snp/snptools_ws/install/tesseract_visualization:/home/D10.US.SWRI.ORG/dspielman/snp/snptools_ws/install/tesseract_environment:/home/D10.US.SWRI.ORG/dspielman/snp/snptools_ws/install/tesseract_urdf:/home/D10.US.SWRI.ORG/dspielman/snp/snptools_ws/install/tesseract_time_parameterization:/home/D10.US.SWRI.ORG/dspielman/snp/snptools_ws/install/tesseract_collision:/home/D10.US.SWRI.ORG/dspielman/snp/snptools_ws/install/tesseract_support:/home/D10.US.SWRI.ORG/dspielman/snp/snptools_ws/install/tesseract_kinematics:/home/D10.US.SWRI.ORG/dspielman/snp/snptools_ws/install/tesseract_state_solver:/home/D10.US.SWRI.ORG/dspielman/snp/snptools_ws/install/tesseract_srdf:/home/D10.US.SWRI.ORG/dspielman/snp/snptools_ws/install/tesseract_scene_graph:/home/D10.US.SWRI.ORG/dspielman/snp/snptools_ws/install/tesseract_msgs:/home/D10.US.SWRI.ORG/dspielman/snp/snptools_ws/install/tesseract_geometry:/home/D10.US.SWRI.ORG/dspielman/snp/snptools_ws/install/tesseract_command_language:/home/D10.US.SWRI.ORG/dspielman/snp/snptools_ws/install/tesseract_common:/home/D10.US.SWRI.ORG/dspielman/snp/snptools_ws/install/ros_industrial_cmake_boilerplate:/home/D10.US.SWRI.ORG/dspielman/snp/snptools_ws/install/osqp_eigen:/home/D10.US.SWRI.ORG/dspielman/snp/snptools_ws/install/osqp:/home/D10.US.SWRI.ORG/dspielman/snp/snptools_ws/install/opw_kinematics:/home/D10.US.SWRI.ORG/dspielman/snp/snptools_ws/install/open3d_interface_msgs:/home/D10.US.SWRI.ORG/dspielman/snp/snptools_ws/install/noether_tpp:/home/D10.US.SWRI.ORG/dspielman/snp/snptools_ws/install/motoman_hc10_support:/home/D10.US.SWRI.ORG/dspielman/snp/snptools_ws/install/motoman_resources:/home/D10.US.SWRI.ORG/dspielman/snp/snptools_ws/install/ifopt:/home/D10.US.SWRI.ORG/dspielman/snp/snptools_ws/install/gl_depth_sim:/home/D10.US.SWRI.ORG/dspielman/snp/snptools_ws/install/fanuc_lrmate200ic_support:/home/D10.US.SWRI.ORG/dspielman/snp/snptools_ws/install/fanuc_resources:/home/D10.US.SWRI.ORG/dspielman/snp/snptools_ws/install/descartes_light:/home/D10.US.SWRI.ORG/dspielman/snp/snptools_ws/install/open3d_interface:/opt/ros/foxy LD_LIBRARY_PATH=/home/D10.US.SWRI.ORG/dspielman/snp/snp_ws/src/scan_n_plan_workshop/install/snp_msgs/lib:${LD_LIBRARY_PATH} PYTHONPATH=/home/D10.US.SWRI.ORG/dspielman/snp/snp_ws/src/scan_n_plan_workshop/install/snp_msgs/lib/python3.8/site-packages:${PYTHONPATH} /usr/bin/cmake --install /home/D10.US.SWRI.ORG/dspielman/snp/snp_ws/src/scan_n_plan_workshop/build/snp_tpp
[28.213s] -- Install configuration: ""
[28.213s] -- Installing: /home/D10.US.SWRI.ORG/dspielman/snp/snp_ws/src/scan_n_plan_workshop/install/snp_tpp/lib/snp_tpp/snp_tpp_node
[28.215s] -- Set runtime path of "/home/D10.US.SWRI.ORG/dspielman/snp/snp_ws/src/scan_n_plan_workshop/install/snp_tpp/lib/snp_tpp/snp_tpp_node" to ""
[28.215s] -- Installing: /home/D10.US.SWRI.ORG/dspielman/snp/snp_ws/src/scan_n_plan_workshop/install/snp_tpp/lib/snp_tpp/snp_tpp_test
[28.216s] -- Set runtime path of "/home/D10.US.SWRI.ORG/dspielman/snp/snp_ws/src/scan_n_plan_workshop/install/snp_tpp/lib/snp_tpp/snp_tpp_test" to ""
[28.217s] -- Installing: /home/D10.US.SWRI.ORG/dspielman/snp/snp_ws/src/scan_n_plan_workshop/install/snp_tpp/share/ament_index/resource_index/package_run_dependencies/snp_tpp
[28.217s] -- Installing: /home/D10.US.SWRI.ORG/dspielman/snp/snp_ws/src/scan_n_plan_workshop/install/snp_tpp/share/ament_index/resource_index/parent_prefix_path/snp_tpp
[28.217s] -- Installing: /home/D10.US.SWRI.ORG/dspielman/snp/snp_ws/src/scan_n_plan_workshop/install/snp_tpp/share/snp_tpp/environment/ament_prefix_path.sh
[28.217s] -- Installing: /home/D10.US.SWRI.ORG/dspielman/snp/snp_ws/src/scan_n_plan_workshop/install/snp_tpp/share/snp_tpp/environment/ament_prefix_path.dsv
[28.218s] -- Installing: /home/D10.US.SWRI.ORG/dspielman/snp/snp_ws/src/scan_n_plan_workshop/install/snp_tpp/share/snp_tpp/environment/path.sh
[28.218s] -- Installing: /home/D10.US.SWRI.ORG/dspielman/snp/snp_ws/src/scan_n_plan_workshop/install/snp_tpp/share/snp_tpp/environment/path.dsv
[28.218s] -- Installing: /home/D10.US.SWRI.ORG/dspielman/snp/snp_ws/src/scan_n_plan_workshop/install/snp_tpp/share/snp_tpp/local_setup.bash
[28.218s] -- Installing: /home/D10.US.SWRI.ORG/dspielman/snp/snp_ws/src/scan_n_plan_workshop/install/snp_tpp/share/snp_tpp/local_setup.sh
[28.218s] -- Installing: /home/D10.US.SWRI.ORG/dspielman/snp/snp_ws/src/scan_n_plan_workshop/install/snp_tpp/share/snp_tpp/local_setup.zsh
[28.219s] -- Installing: /home/D10.US.SWRI.ORG/dspielman/snp/snp_ws/src/scan_n_plan_workshop/install/snp_tpp/share/snp_tpp/local_setup.dsv
[28.219s] -- Installing: /home/D10.US.SWRI.ORG/dspielman/snp/snp_ws/src/scan_n_plan_workshop/install/snp_tpp/share/snp_tpp/package.dsv
[28.219s] -- Installing: /home/D10.US.SWRI.ORG/dspielman/snp/snp_ws/src/scan_n_plan_workshop/install/snp_tpp/share/ament_index/resource_index/packages/snp_tpp
[28.219s] -- Installing: /home/D10.US.SWRI.ORG/dspielman/snp/snp_ws/src/scan_n_plan_workshop/install/snp_tpp/share/snp_tpp/cmake/snp_tppConfig.cmake
[28.219s] -- Installing: /home/D10.US.SWRI.ORG/dspielman/snp/snp_ws/src/scan_n_plan_workshop/install/snp_tpp/share/snp_tpp/cmake/snp_tppConfig-version.cmake
[28.220s] -- Installing: /home/D10.US.SWRI.ORG/dspielman/snp/snp_ws/src/scan_n_plan_workshop/install/snp_tpp/share/snp_tpp/package.xml
[28.223s] Invoked command in '/home/D10.US.SWRI.ORG/dspielman/snp/snp_ws/src/scan_n_plan_workshop/build/snp_tpp' returned '0': AMENT_PREFIX_PATH=/home/D10.US.SWRI.ORG/dspielman/snp/snp_ws/src/scan_n_plan_workshop/install/snp_msgs:${AMENT_PREFIX_PATH} CMAKE_PREFIX_PATH=/home/D10.US.SWRI.ORG/dspielman/snp/snp_ws/src/scan_n_plan_workshop/install/snp_msgs:/home/D10.US.SWRI.ORG/dspielman/snp/snp_ws/install/snp_bringup_ros2:/home/D10.US.SWRI.ORG/dspielman/snp/snp_ws/install/snp_tpp:/home/D10.US.SWRI.ORG/dspielman/snp/snp_ws/install/snp_support:/home/D10.US.SWRI.ORG/dspielman/snp/snp_ws/install/snp_scanning:/home/D10.US.SWRI.ORG/dspielman/snp/snp_ws/install/snp_motion_planning:/home/D10.US.SWRI.ORG/dspielman/snp/snp_ws/install/snp_motion_execution:/home/D10.US.SWRI.ORG/dspielman/snp/snp_ws/install/snp_application:/home/D10.US.SWRI.ORG/dspielman/snp/snp_ws/install/snp_msgs:/home/D10.US.SWRI.ORG/dspielman/snp/snptools_ws/install/vhacd:/home/D10.US.SWRI.ORG/dspielman/snp/snptools_ws/install/tesseract_ros_examples:/home/D10.US.SWRI.ORG/dspielman/snp/snptools_ws/install/tesseract_rviz:/home/D10.US.SWRI.ORG/dspielman/snp/snptools_ws/install/tesseract_planning_server:/home/D10.US.SWRI.ORG/dspielman/snp/snptools_ws/install/tesseract_monitoring:/home/D10.US.SWRI.ORG/dspielman/snp/snptools_ws/install/tesseract_rosutils:/home/D10.US.SWRI.ORG/dspielman/snp/snptools_ws/install/tesseract_process_managers:/home/D10.US.SWRI.ORG/dspielman/snp/snptools_ws/install/tesseract_motion_planners:/home/D10.US.SWRI.ORG/dspielman/snp/snptools_ws/install/trajopt_sqp:/home/D10.US.SWRI.ORG/dspielman/snp/snptools_ws/install/trajopt:/home/D10.US.SWRI.ORG/dspielman/snp/snptools_ws/install/trajopt_sco:/home/D10.US.SWRI.ORG/dspielman/snp/snptools_ws/install/trajopt_ifopt:/home/D10.US.SWRI.ORG/dspielman/snp/snptools_ws/install/trajopt_utils:/home/D10.US.SWRI.ORG/dspielman/snp/snptools_ws/install/tesseract_visualization:/home/D10.US.SWRI.ORG/dspielman/snp/snptools_ws/install/tesseract_environment:/home/D10.US.SWRI.ORG/dspielman/snp/snptools_ws/install/tesseract_urdf:/home/D10.US.SWRI.ORG/dspielman/snp/snptools_ws/install/tesseract_time_parameterization:/home/D10.US.SWRI.ORG/dspielman/snp/snptools_ws/install/tesseract_collision:/home/D10.US.SWRI.ORG/dspielman/snp/snptools_ws/install/tesseract_support:/home/D10.US.SWRI.ORG/dspielman/snp/snptools_ws/install/tesseract_kinematics:/home/D10.US.SWRI.ORG/dspielman/snp/snptools_ws/install/tesseract_state_solver:/home/D10.US.SWRI.ORG/dspielman/snp/snptools_ws/install/tesseract_srdf:/home/D10.US.SWRI.ORG/dspielman/snp/snptools_ws/install/tesseract_scene_graph:/home/D10.US.SWRI.ORG/dspielman/snp/snptools_ws/install/tesseract_msgs:/home/D10.US.SWRI.ORG/dspielman/snp/snptools_ws/install/tesseract_geometry:/home/D10.US.SWRI.ORG/dspielman/snp/snptools_ws/install/tesseract_command_language:/home/D10.US.SWRI.ORG/dspielman/snp/snptools_ws/install/tesseract_common:/home/D10.US.SWRI.ORG/dspielman/snp/snptools_ws/install/ros_industrial_cmake_boilerplate:/home/D10.US.SWRI.ORG/dspielman/snp/snptools_ws/install/osqp_eigen:/home/D10.US.SWRI.ORG/dspielman/snp/snptools_ws/install/osqp:/home/D10.US.SWRI.ORG/dspielman/snp/snptools_ws/install/opw_kinematics:/home/D10.US.SWRI.ORG/dspielman/snp/snptools_ws/install/open3d_interface_msgs:/home/D10.US.SWRI.ORG/dspielman/snp/snptools_ws/install/noether_tpp:/home/D10.US.SWRI.ORG/dspielman/snp/snptools_ws/install/motoman_hc10_support:/home/D10.US.SWRI.ORG/dspielman/snp/snptools_ws/install/motoman_resources:/home/D10.US.SWRI.ORG/dspielman/snp/snptools_ws/install/ifopt:/home/D10.US.SWRI.ORG/dspielman/snp/snptools_ws/install/gl_depth_sim:/home/D10.US.SWRI.ORG/dspielman/snp/snptools_ws/install/fanuc_lrmate200ic_support:/home/D10.US.SWRI.ORG/dspielman/snp/snptools_ws/install/fanuc_resources:/home/D10.US.SWRI.ORG/dspielman/snp/snptools_ws/install/descartes_light:/home/D10.US.SWRI.ORG/dspielman/snp/snptools_ws/install/open3d_interface:/opt/ros/foxy LD_LIBRARY_PATH=/home/D10.US.SWRI.ORG/dspielman/snp/snp_ws/src/scan_n_plan_workshop/install/snp_msgs/lib:${LD_LIBRARY_PATH} PYTHONPATH=/home/D10.US.SWRI.ORG/dspielman/snp/snp_ws/src/scan_n_plan_workshop/install/snp_msgs/lib/python3.8/site-packages:${PYTHONPATH} /usr/bin/cmake --install /home/D10.US.SWRI.ORG/dspielman/snp/snp_ws/src/scan_n_plan_workshop/build/snp_tpp
