-- The C compiler identification is GNU 9.4.0
-- The CXX compiler identification is GNU 9.4.0
-- Check for working C compiler: /usr/bin/cc
-- Check for working C compiler: /usr/bin/cc -- works
-- Detecting C compiler ABI info
-- Detecting C compiler ABI info - done
-- Detecting C compile features
-- Detecting C compile features - done
-- Check for working CXX compiler: /usr/bin/c++
-- Check for working CXX compiler: /usr/bin/c++ -- works
-- Detecting CXX compiler ABI info
-- Detecting CXX compiler ABI info - done
-- Detecting CXX compile features
-- Detecting CXX compile features - done
-- Found ament_cmake: 0.9.9 (/opt/ros/foxy/share/ament_cmake/cmake)
-- Found PythonInterp: /usr/bin/python3 (found suitable version "3.8.10", minimum required is "3") 
-- Using PYTHON_EXECUTABLE: /usr/bin/python3
-- Found open3d_interface_msgs: 0.0.0 (/home/D10.US.SWRI.ORG/dspielman/snp/snptools_ws/install/open3d_interface_msgs/share/open3d_interface_msgs/cmake)
-- Using all available rosidl_typesupport_c: rosidl_typesupport_fastrtps_c;rosidl_typesupport_introspection_c
-- Found rosidl_adapter: 1.2.1 (/opt/ros/foxy/share/rosidl_adapter/cmake)
-- Found OpenSSL: /usr/lib/x86_64-linux-gnu/libcrypto.so (found version "1.1.1f")  
-- Found FastRTPS: /opt/ros/foxy/include  
-- Using all available rosidl_typesupport_cpp: rosidl_typesupport_fastrtps_cpp;rosidl_typesupport_introspection_cpp
-- Found rclcpp: 2.4.1 (/opt/ros/foxy/share/rclcpp/cmake)
-- Found rmw_implementation_cmake: 1.0.3 (/opt/ros/foxy/share/rmw_implementation_cmake/cmake)
-- Using RMW implementation 'rmw_fastrtps_cpp' as default
-- Looking for pthread.h
-- Looking for pthread.h - found
-- Performing Test CMAKE_HAVE_LIBC_PTHREAD
-- Performing Test CMAKE_HAVE_LIBC_PTHREAD - Failed
-- Looking for pthread_create in pthreads
-- Looking for pthread_create in pthreads - not found
-- Looking for pthread_create in pthread
-- Looking for pthread_create in pthread - found
-- Found Threads: TRUE  
-- Found rclcpp_action: 2.4.1 (/opt/ros/foxy/share/rclcpp_action/cmake)
-- Found rclcpp_components: 2.4.1 (/opt/ros/foxy/share/rclcpp_components/cmake)
-- Found sensor_msgs: 2.0.5 (/opt/ros/foxy/share/sensor_msgs/cmake)
-- Found control_msgs: 2.5.1 (/opt/ros/foxy/share/control_msgs/cmake)
-- Found visualization_msgs: 2.0.5 (/opt/ros/foxy/share/visualization_msgs/cmake)
-- Found snp_msgs: 0.0.0 (/home/D10.US.SWRI.ORG/dspielman/snp/snp_ws/src/scan_n_plan_workshop/install/snp_msgs/share/snp_msgs/cmake)
-- Found std_srvs: 2.0.5 (/opt/ros/foxy/share/std_srvs/cmake)
-- Found tf2_eigen: 0.13.13 (/opt/ros/foxy/share/tf2_eigen/cmake)
-- Configuring done
-- Generating done
-- Build files have been written to: /home/D10.US.SWRI.ORG/dspielman/snp/snp_ws/src/scan_n_plan_workshop/build/snp_application
[35m[1mScanning dependencies of target roscon_app_autogen[0m
[ 20%] [34m[1mAutomatic MOC and UIC for target roscon_app[0m
[ 20%] Built target roscon_app_autogen
[35m[1mScanning dependencies of target roscon_app[0m
[ 40%] [32mBuilding CXX object CMakeFiles/roscon_app.dir/roscon_app_autogen/mocs_compilation.cpp.o[0m
[ 60%] [32mBuilding CXX object CMakeFiles/roscon_app.dir/src/rosconwindow.cpp.o[0m
[ 80%] [32mBuilding CXX object CMakeFiles/roscon_app.dir/src/main.cpp.o[0m
[100%] [32m[1mLinking CXX executable roscon_app[0m
[100%] Built target roscon_app
-- Install configuration: ""
-- Installing: /home/D10.US.SWRI.ORG/dspielman/snp/snp_ws/src/scan_n_plan_workshop/install/snp_application/lib/snp_application/roscon_app
-- Set runtime path of "/home/D10.US.SWRI.ORG/dspielman/snp/snp_ws/src/scan_n_plan_workshop/install/snp_application/lib/snp_application/roscon_app" to ""
-- Installing: /home/D10.US.SWRI.ORG/dspielman/snp/snp_ws/src/scan_n_plan_workshop/install/snp_application/share/ament_index/resource_index/package_run_dependencies/snp_application
-- Installing: /home/D10.US.SWRI.ORG/dspielman/snp/snp_ws/src/scan_n_plan_workshop/install/snp_application/share/ament_index/resource_index/parent_prefix_path/snp_application
-- Installing: /home/D10.US.SWRI.ORG/dspielman/snp/snp_ws/src/scan_n_plan_workshop/install/snp_application/share/snp_application/environment/ament_prefix_path.sh
-- Installing: /home/D10.US.SWRI.ORG/dspielman/snp/snp_ws/src/scan_n_plan_workshop/install/snp_application/share/snp_application/environment/ament_prefix_path.dsv
-- Installing: /home/D10.US.SWRI.ORG/dspielman/snp/snp_ws/src/scan_n_plan_workshop/install/snp_application/share/snp_application/environment/path.sh
-- Installing: /home/D10.US.SWRI.ORG/dspielman/snp/snp_ws/src/scan_n_plan_workshop/install/snp_application/share/snp_application/environment/path.dsv
-- Installing: /home/D10.US.SWRI.ORG/dspielman/snp/snp_ws/src/scan_n_plan_workshop/install/snp_application/share/snp_application/local_setup.bash
-- Installing: /home/D10.US.SWRI.ORG/dspielman/snp/snp_ws/src/scan_n_plan_workshop/install/snp_application/share/snp_application/local_setup.sh
-- Installing: /home/D10.US.SWRI.ORG/dspielman/snp/snp_ws/src/scan_n_plan_workshop/install/snp_application/share/snp_application/local_setup.zsh
-- Installing: /home/D10.US.SWRI.ORG/dspielman/snp/snp_ws/src/scan_n_plan_workshop/install/snp_application/share/snp_application/local_setup.dsv
-- Installing: /home/D10.US.SWRI.ORG/dspielman/snp/snp_ws/src/scan_n_plan_workshop/install/snp_application/share/snp_application/package.dsv
-- Installing: /home/D10.US.SWRI.ORG/dspielman/snp/snp_ws/src/scan_n_plan_workshop/install/snp_application/share/ament_index/resource_index/packages/snp_application
-- Installing: /home/D10.US.SWRI.ORG/dspielman/snp/snp_ws/src/scan_n_plan_workshop/install/snp_application/share/snp_application/cmake/snp_applicationConfig.cmake
-- Installing: /home/D10.US.SWRI.ORG/dspielman/snp/snp_ws/src/scan_n_plan_workshop/install/snp_application/share/snp_application/cmake/snp_applicationConfig-version.cmake
-- Installing: /home/D10.US.SWRI.ORG/dspielman/snp/snp_ws/src/scan_n_plan_workshop/install/snp_application/share/snp_application/package.xml
