Performing C SOURCE FILE Test CMAKE_HAVE_LIBC_PTHREAD failed with the following output:
Change Dir: /home/D10.US.SWRI.ORG/dspielman/snp/snp_ws/src/scan_n_plan_workshop/build/snp_motion_planning/CMakeFiles/CMakeTmp

Run Build Command(s):/usr/bin/make cmTC_02a0b/fast && /usr/bin/make -f CMakeFiles/cmTC_02a0b.dir/build.make CMakeFiles/cmTC_02a0b.dir/build
make[1]: Entering directory '/home/D10.US.SWRI.ORG/dspielman/snp/snp_ws/src/scan_n_plan_workshop/build/snp_motion_planning/CMakeFiles/CMakeTmp'
Building C object CMakeFiles/cmTC_02a0b.dir/src.c.o
/usr/bin/cc   -DCMAKE_HAVE_LIBC_PTHREAD   -o CMakeFiles/cmTC_02a0b.dir/src.c.o   -c /home/D10.US.SWRI.ORG/dspielman/snp/snp_ws/src/scan_n_plan_workshop/build/snp_motion_planning/CMakeFiles/CMakeTmp/src.c
Linking C executable cmTC_02a0b
/usr/bin/cmake -E cmake_link_script CMakeFiles/cmTC_02a0b.dir/link.txt --verbose=1
/usr/bin/cc  -DCMAKE_HAVE_LIBC_PTHREAD    CMakeFiles/cmTC_02a0b.dir/src.c.o  -o cmTC_02a0b 
/usr/bin/ld: CMakeFiles/cmTC_02a0b.dir/src.c.o: in function `main':
src.c:(.text+0x46): undefined reference to `pthread_create'
/usr/bin/ld: src.c:(.text+0x52): undefined reference to `pthread_detach'
/usr/bin/ld: src.c:(.text+0x63): undefined reference to `pthread_join'
collect2: error: ld returned 1 exit status
make[1]: *** [CMakeFiles/cmTC_02a0b.dir/build.make:87: cmTC_02a0b] Error 1
make[1]: Leaving directory '/home/D10.US.SWRI.ORG/dspielman/snp/snp_ws/src/scan_n_plan_workshop/build/snp_motion_planning/CMakeFiles/CMakeTmp'
make: *** [Makefile:121: cmTC_02a0b/fast] Error 2


Source file was:
#include <pthread.h>

void* test_func(void* data)
{
  return data;
}

int main(void)
{
  pthread_t thread;
  pthread_create(&thread, NULL, test_func, NULL);
  pthread_detach(thread);
  pthread_join(thread, NULL);
  pthread_atfork(NULL, NULL, NULL);
  pthread_exit(NULL);

  return 0;
}

Determining if the function pthread_create exists in the pthreads failed with the following output:
Change Dir: /home/D10.US.SWRI.ORG/dspielman/snp/snp_ws/src/scan_n_plan_workshop/build/snp_motion_planning/CMakeFiles/CMakeTmp

Run Build Command(s):/usr/bin/make cmTC_67d64/fast && /usr/bin/make -f CMakeFiles/cmTC_67d64.dir/build.make CMakeFiles/cmTC_67d64.dir/build
make[1]: Entering directory '/home/D10.US.SWRI.ORG/dspielman/snp/snp_ws/src/scan_n_plan_workshop/build/snp_motion_planning/CMakeFiles/CMakeTmp'
Building C object CMakeFiles/cmTC_67d64.dir/CheckFunctionExists.c.o
/usr/bin/cc   -DCHECK_FUNCTION_EXISTS=pthread_create   -o CMakeFiles/cmTC_67d64.dir/CheckFunctionExists.c.o   -c /usr/share/cmake-3.16/Modules/CheckFunctionExists.c
Linking C executable cmTC_67d64
/usr/bin/cmake -E cmake_link_script CMakeFiles/cmTC_67d64.dir/link.txt --verbose=1
/usr/bin/cc  -DCHECK_FUNCTION_EXISTS=pthread_create    CMakeFiles/cmTC_67d64.dir/CheckFunctionExists.c.o  -o cmTC_67d64  -lpthreads 
/usr/bin/ld: cannot find -lpthreads
collect2: error: ld returned 1 exit status
make[1]: *** [CMakeFiles/cmTC_67d64.dir/build.make:87: cmTC_67d64] Error 1
make[1]: Leaving directory '/home/D10.US.SWRI.ORG/dspielman/snp/snp_ws/src/scan_n_plan_workshop/build/snp_motion_planning/CMakeFiles/CMakeTmp'
make: *** [Makefile:121: cmTC_67d64/fast] Error 2



Determining if the function sgemm_ exists failed with the following output:
Change Dir: /home/D10.US.SWRI.ORG/dspielman/snp/snp_ws/src/scan_n_plan_workshop/build/snp_motion_planning/CMakeFiles/CMakeTmp

Run Build Command(s):/usr/bin/make cmTC_0f4cd/fast && /usr/bin/make -f CMakeFiles/cmTC_0f4cd.dir/build.make CMakeFiles/cmTC_0f4cd.dir/build
make[1]: Entering directory '/home/D10.US.SWRI.ORG/dspielman/snp/snp_ws/src/scan_n_plan_workshop/build/snp_motion_planning/CMakeFiles/CMakeTmp'
Building C object CMakeFiles/cmTC_0f4cd.dir/CheckFunctionExists.c.o
/usr/bin/cc   -DCHECK_FUNCTION_EXISTS=sgemm_   -o CMakeFiles/cmTC_0f4cd.dir/CheckFunctionExists.c.o   -c /usr/share/cmake-3.16/Modules/CheckFunctionExists.c
Linking C executable cmTC_0f4cd
/usr/bin/cmake -E cmake_link_script CMakeFiles/cmTC_0f4cd.dir/link.txt --verbose=1
/usr/bin/cc   -DCHECK_FUNCTION_EXISTS=sgemm_     CMakeFiles/cmTC_0f4cd.dir/CheckFunctionExists.c.o  -o cmTC_0f4cd 
/usr/bin/ld: CMakeFiles/cmTC_0f4cd.dir/CheckFunctionExists.c.o: in function `main':
CheckFunctionExists.c:(.text+0x14): undefined reference to `sgemm_'
collect2: error: ld returned 1 exit status
make[1]: *** [CMakeFiles/cmTC_0f4cd.dir/build.make:87: cmTC_0f4cd] Error 1
make[1]: Leaving directory '/home/D10.US.SWRI.ORG/dspielman/snp/snp_ws/src/scan_n_plan_workshop/build/snp_motion_planning/CMakeFiles/CMakeTmp'
make: *** [Makefile:121: cmTC_0f4cd/fast] Error 2



Determining if the function cheev_ exists failed with the following output:
Change Dir: /home/D10.US.SWRI.ORG/dspielman/snp/snp_ws/src/scan_n_plan_workshop/build/snp_motion_planning/CMakeFiles/CMakeTmp

Run Build Command(s):/usr/bin/make cmTC_4148c/fast && /usr/bin/make -f CMakeFiles/cmTC_4148c.dir/build.make CMakeFiles/cmTC_4148c.dir/build
make[1]: Entering directory '/home/D10.US.SWRI.ORG/dspielman/snp/snp_ws/src/scan_n_plan_workshop/build/snp_motion_planning/CMakeFiles/CMakeTmp'
Building C object CMakeFiles/cmTC_4148c.dir/CheckFunctionExists.c.o
/usr/bin/cc   -DCHECK_FUNCTION_EXISTS=cheev_   -o CMakeFiles/cmTC_4148c.dir/CheckFunctionExists.c.o   -c /usr/share/cmake-3.16/Modules/CheckFunctionExists.c
Linking C executable cmTC_4148c
/usr/bin/cmake -E cmake_link_script CMakeFiles/cmTC_4148c.dir/link.txt --verbose=1
/usr/bin/cc   -DCHECK_FUNCTION_EXISTS=cheev_     CMakeFiles/cmTC_4148c.dir/CheckFunctionExists.c.o  -o cmTC_4148c  /usr/lib/x86_64-linux-gnu/libblas.so 
/usr/bin/ld: CMakeFiles/cmTC_4148c.dir/CheckFunctionExists.c.o: in function `main':
CheckFunctionExists.c:(.text+0x14): undefined reference to `cheev_'
collect2: error: ld returned 1 exit status
make[1]: *** [CMakeFiles/cmTC_4148c.dir/build.make:88: cmTC_4148c] Error 1
make[1]: Leaving directory '/home/D10.US.SWRI.ORG/dspielman/snp/snp_ws/src/scan_n_plan_workshop/build/snp_motion_planning/CMakeFiles/CMakeTmp'
make: *** [Makefile:121: cmTC_4148c/fast] Error 2



