-- clang-tidy found: /usr/bin/clang-tidy-10
-- include-what-you-use found: /usr/bin/include-what-you-use
-- cppcheck found: /usr/bin/cppcheck
-- The CXX compiler identification is GNU 9.4.0
-- Check for working CXX compiler: /usr/bin/c++
-- Check for working CXX compiler: /usr/bin/c++ -- works
-- Detecting CXX compiler ABI info
-- Detecting CXX compiler ABI info - done
-- Detecting CXX compile features
-- Detecting CXX compile features - done
-- Found Boost: /usr/lib/x86_64-linux-gnu/cmake/Boost-1.71.0/BoostConfig.cmake (found version "1.71.0") found components: filesystem 
-- Found ament_cmake: 0.9.9 (/opt/ros/foxy/share/ament_cmake/cmake)
-- Found PythonInterp: /usr/bin/python3 (found suitable version "3.8.10", minimum required is "3") 
-- Using PYTHON_EXECUTABLE: /usr/bin/python3
-- Found open3d_interface_msgs: 0.0.0 (/home/D10.US.SWRI.ORG/dspielman/snp/snptools_ws/install/open3d_interface_msgs/share/open3d_interface_msgs/cmake)
-- Using all available rosidl_typesupport_c: rosidl_typesupport_fastrtps_c;rosidl_typesupport_introspection_c
-- Found rosidl_adapter: 1.2.1 (/opt/ros/foxy/share/rosidl_adapter/cmake)
-- Found OpenSSL: /usr/lib/x86_64-linux-gnu/libcrypto.so (found version "1.1.1f")  
-- Found FastRTPS: /opt/ros/foxy/include  
-- Using all available rosidl_typesupport_cpp: rosidl_typesupport_fastrtps_cpp;rosidl_typesupport_introspection_cpp
-- Found rclcpp: 2.4.1 (/opt/ros/foxy/share/rclcpp/cmake)
-- Found rmw_implementation_cmake: 1.0.3 (/opt/ros/foxy/share/rmw_implementation_cmake/cmake)
-- Using RMW implementation 'rmw_fastrtps_cpp' as default
-- Looking for C++ include pthread.h
-- Looking for C++ include pthread.h - found
-- Performing Test CMAKE_HAVE_LIBC_PTHREAD
-- Performing Test CMAKE_HAVE_LIBC_PTHREAD - Failed
-- Looking for pthread_create in pthreads
-- Looking for pthread_create in pthreads - not found
-- Looking for pthread_create in pthread
-- Looking for pthread_create in pthread - found
-- Found Threads: TRUE  
-- clang-tidy found: /usr/bin/clang-tidy-10
-- include-what-you-use found: /usr/bin/include-what-you-use
-- cppcheck found: /usr/bin/cppcheck
-- Found ament_lint_auto: 0.9.6 (/opt/ros/foxy/share/ament_lint_auto/cmake)
-- Configuring done
-- Generating done
-- Build files have been written to: /home/D10.US.SWRI.ORG/dspielman/snp/snp_ws/src/scan_n_plan_workshop/build/snp_scanning
[35m[1mScanning dependencies of target open3d_sim_node[0m
[ 50%] [32mBuilding CXX object CMakeFiles/open3d_sim_node.dir/src/open3d_sim_node.cpp.o[0m
[100%] [32m[1mLinking CXX executable open3d_sim_node[0m
[100%] Built target open3d_sim_node
-- Install configuration: ""
-- Installing: /home/D10.US.SWRI.ORG/dspielman/snp/snp_ws/src/scan_n_plan_workshop/install/snp_scanning/lib/snp_scanning/open3d_sim_node
-- Set runtime path of "/home/D10.US.SWRI.ORG/dspielman/snp/snp_ws/src/scan_n_plan_workshop/install/snp_scanning/lib/snp_scanning/open3d_sim_node" to ""
-- Installing: /home/D10.US.SWRI.ORG/dspielman/snp/snp_ws/src/scan_n_plan_workshop/install/snp_scanning/share/ament_index/resource_index/package_run_dependencies/snp_scanning
-- Installing: /home/D10.US.SWRI.ORG/dspielman/snp/snp_ws/src/scan_n_plan_workshop/install/snp_scanning/share/ament_index/resource_index/parent_prefix_path/snp_scanning
-- Installing: /home/D10.US.SWRI.ORG/dspielman/snp/snp_ws/src/scan_n_plan_workshop/install/snp_scanning/share/snp_scanning/environment/ament_prefix_path.sh
-- Installing: /home/D10.US.SWRI.ORG/dspielman/snp/snp_ws/src/scan_n_plan_workshop/install/snp_scanning/share/snp_scanning/environment/ament_prefix_path.dsv
-- Installing: /home/D10.US.SWRI.ORG/dspielman/snp/snp_ws/src/scan_n_plan_workshop/install/snp_scanning/share/snp_scanning/environment/path.sh
-- Installing: /home/D10.US.SWRI.ORG/dspielman/snp/snp_ws/src/scan_n_plan_workshop/install/snp_scanning/share/snp_scanning/environment/path.dsv
-- Installing: /home/D10.US.SWRI.ORG/dspielman/snp/snp_ws/src/scan_n_plan_workshop/install/snp_scanning/share/snp_scanning/local_setup.bash
-- Installing: /home/D10.US.SWRI.ORG/dspielman/snp/snp_ws/src/scan_n_plan_workshop/install/snp_scanning/share/snp_scanning/local_setup.sh
-- Installing: /home/D10.US.SWRI.ORG/dspielman/snp/snp_ws/src/scan_n_plan_workshop/install/snp_scanning/share/snp_scanning/local_setup.zsh
-- Installing: /home/D10.US.SWRI.ORG/dspielman/snp/snp_ws/src/scan_n_plan_workshop/install/snp_scanning/share/snp_scanning/local_setup.dsv
-- Installing: /home/D10.US.SWRI.ORG/dspielman/snp/snp_ws/src/scan_n_plan_workshop/install/snp_scanning/share/snp_scanning/package.dsv
-- Installing: /home/D10.US.SWRI.ORG/dspielman/snp/snp_ws/src/scan_n_plan_workshop/install/snp_scanning/share/ament_index/resource_index/packages/snp_scanning
-- Installing: /home/D10.US.SWRI.ORG/dspielman/snp/snp_ws/src/scan_n_plan_workshop/install/snp_scanning/share/snp_scanning/cmake/snp_scanningConfig.cmake
-- Installing: /home/D10.US.SWRI.ORG/dspielman/snp/snp_ws/src/scan_n_plan_workshop/install/snp_scanning/share/snp_scanning/cmake/snp_scanningConfig-version.cmake
-- Installing: /home/D10.US.SWRI.ORG/dspielman/snp/snp_ws/src/scan_n_plan_workshop/install/snp_scanning/share/snp_scanning/package.xml
