[0.023s] Invoking command in '/home/D10.US.SWRI.ORG/dspielman/snp/snp_ws/src/scan_n_plan_workshop/build/snp_scanning': CMAKE_PREFIX_PATH=${CMAKE_PREFIX_PATH}:/home/D10.US.SWRI.ORG/dspielman/snp/snptools_ws/install/open3d_interface:/opt/ros/foxy /usr/bin/cmake /home/D10.US.SWRI.ORG/dspielman/snp/snp_ws/src/scan_n_plan_workshop/snp_scanning -DCMAKE_INSTALL_PREFIX=/home/D10.US.SWRI.ORG/dspielman/snp/snp_ws/src/scan_n_plan_workshop/install/snp_scanning
[0.057s] -- clang-tidy found: /usr/bin/clang-tidy-10
[0.057s] -- include-what-you-use found: /usr/bin/include-what-you-use
[0.058s] -- cppcheck found: /usr/bin/cppcheck
[0.161s] -- The CXX compiler identification is GNU 9.4.0
[0.171s] -- Check for working CXX compiler: /usr/bin/c++
[0.355s] -- Check for working CXX compiler: /usr/bin/c++ -- works
[0.356s] -- Detecting CXX compiler ABI info
[0.535s] -- Detecting CXX compiler ABI info - done
[0.543s] -- Detecting CXX compile features
[0.543s] -- Detecting CXX compile features - done
[0.588s] -- Found Boost: /usr/lib/x86_64-linux-gnu/cmake/Boost-1.71.0/BoostConfig.cmake (found version "1.71.0") found components: filesystem 
[0.602s] -- Found ament_cmake: 0.9.9 (/opt/ros/foxy/share/ament_cmake/cmake)
[0.656s] -- Found PythonInterp: /usr/bin/python3 (found suitable version "3.8.10", minimum required is "3") 
[0.656s] -- Using PYTHON_EXECUTABLE: /usr/bin/python3
[1.050s] -- Found open3d_interface_msgs: 0.0.0 (/home/D10.US.SWRI.ORG/dspielman/snp/snptools_ws/install/open3d_interface_msgs/share/open3d_interface_msgs/cmake)
[1.172s] -- Using all available rosidl_typesupport_c: rosidl_typesupport_fastrtps_c;rosidl_typesupport_introspection_c
[1.210s] -- Found rosidl_adapter: 1.2.1 (/opt/ros/foxy/share/rosidl_adapter/cmake)
[1.488s] -- Found OpenSSL: /usr/lib/x86_64-linux-gnu/libcrypto.so (found version "1.1.1f")  
[1.531s] -- Found FastRTPS: /opt/ros/foxy/include  
[1.694s] -- Using all available rosidl_typesupport_cpp: rosidl_typesupport_fastrtps_cpp;rosidl_typesupport_introspection_cpp
[1.893s] -- Found rclcpp: 2.4.1 (/opt/ros/foxy/share/rclcpp/cmake)
[2.023s] -- Found rmw_implementation_cmake: 1.0.3 (/opt/ros/foxy/share/rmw_implementation_cmake/cmake)
[2.027s] -- Using RMW implementation 'rmw_fastrtps_cpp' as default
[2.029s] -- Looking for C++ include pthread.h
[2.220s] -- Looking for C++ include pthread.h - found
[2.220s] -- Performing Test CMAKE_HAVE_LIBC_PTHREAD
[2.427s] -- Performing Test CMAKE_HAVE_LIBC_PTHREAD - Failed
[2.427s] -- Looking for pthread_create in pthreads
[2.606s] -- Looking for pthread_create in pthreads - not found
[2.606s] -- Looking for pthread_create in pthread
[2.813s] -- Looking for pthread_create in pthread - found
[2.815s] -- Found Threads: TRUE  
[3.036s] -- clang-tidy found: /usr/bin/clang-tidy-10
[3.036s] -- include-what-you-use found: /usr/bin/include-what-you-use
[3.036s] -- cppcheck found: /usr/bin/cppcheck
[3.055s] -- Found ament_lint_auto: 0.9.6 (/opt/ros/foxy/share/ament_lint_auto/cmake)
[3.124s] -- Configuring done
[3.133s] -- Generating done
[3.135s] -- Build files have been written to: /home/D10.US.SWRI.ORG/dspielman/snp/snp_ws/src/scan_n_plan_workshop/build/snp_scanning
[3.142s] Invoked command in '/home/D10.US.SWRI.ORG/dspielman/snp/snp_ws/src/scan_n_plan_workshop/build/snp_scanning' returned '0': CMAKE_PREFIX_PATH=${CMAKE_PREFIX_PATH}:/home/D10.US.SWRI.ORG/dspielman/snp/snptools_ws/install/open3d_interface:/opt/ros/foxy /usr/bin/cmake /home/D10.US.SWRI.ORG/dspielman/snp/snp_ws/src/scan_n_plan_workshop/snp_scanning -DCMAKE_INSTALL_PREFIX=/home/D10.US.SWRI.ORG/dspielman/snp/snp_ws/src/scan_n_plan_workshop/install/snp_scanning
[3.145s] Invoking command in '/home/D10.US.SWRI.ORG/dspielman/snp/snp_ws/src/scan_n_plan_workshop/build/snp_scanning': CMAKE_PREFIX_PATH=${CMAKE_PREFIX_PATH}:/home/D10.US.SWRI.ORG/dspielman/snp/snptools_ws/install/open3d_interface:/opt/ros/foxy /usr/bin/cmake --build /home/D10.US.SWRI.ORG/dspielman/snp/snp_ws/src/scan_n_plan_workshop/build/snp_scanning -- -j8 -l8
[3.310s] [35m[1mScanning dependencies of target open3d_sim_node[0m
[3.425s] [ 50%] [32mBuilding CXX object CMakeFiles/open3d_sim_node.dir/src/open3d_sim_node.cpp.o[0m
[6.889s] [100%] [32m[1mLinking CXX executable open3d_sim_node[0m
[7.150s] [100%] Built target open3d_sim_node
[7.186s] Invoked command in '/home/D10.US.SWRI.ORG/dspielman/snp/snp_ws/src/scan_n_plan_workshop/build/snp_scanning' returned '0': CMAKE_PREFIX_PATH=${CMAKE_PREFIX_PATH}:/home/D10.US.SWRI.ORG/dspielman/snp/snptools_ws/install/open3d_interface:/opt/ros/foxy /usr/bin/cmake --build /home/D10.US.SWRI.ORG/dspielman/snp/snp_ws/src/scan_n_plan_workshop/build/snp_scanning -- -j8 -l8
[7.317s] Invoking command in '/home/D10.US.SWRI.ORG/dspielman/snp/snp_ws/src/scan_n_plan_workshop/build/snp_scanning': CMAKE_PREFIX_PATH=${CMAKE_PREFIX_PATH}:/home/D10.US.SWRI.ORG/dspielman/snp/snptools_ws/install/open3d_interface:/opt/ros/foxy /usr/bin/cmake --install /home/D10.US.SWRI.ORG/dspielman/snp/snp_ws/src/scan_n_plan_workshop/build/snp_scanning
[7.344s] -- Install configuration: ""
[7.344s] -- Installing: /home/D10.US.SWRI.ORG/dspielman/snp/snp_ws/src/scan_n_plan_workshop/install/snp_scanning/lib/snp_scanning/open3d_sim_node
[7.345s] -- Set runtime path of "/home/D10.US.SWRI.ORG/dspielman/snp/snp_ws/src/scan_n_plan_workshop/install/snp_scanning/lib/snp_scanning/open3d_sim_node" to ""
[7.345s] -- Installing: /home/D10.US.SWRI.ORG/dspielman/snp/snp_ws/src/scan_n_plan_workshop/install/snp_scanning/share/ament_index/resource_index/package_run_dependencies/snp_scanning
[7.345s] -- Installing: /home/D10.US.SWRI.ORG/dspielman/snp/snp_ws/src/scan_n_plan_workshop/install/snp_scanning/share/ament_index/resource_index/parent_prefix_path/snp_scanning
[7.346s] -- Installing: /home/D10.US.SWRI.ORG/dspielman/snp/snp_ws/src/scan_n_plan_workshop/install/snp_scanning/share/snp_scanning/environment/ament_prefix_path.sh
[7.346s] -- Installing: /home/D10.US.SWRI.ORG/dspielman/snp/snp_ws/src/scan_n_plan_workshop/install/snp_scanning/share/snp_scanning/environment/ament_prefix_path.dsv
[7.346s] -- Installing: /home/D10.US.SWRI.ORG/dspielman/snp/snp_ws/src/scan_n_plan_workshop/install/snp_scanning/share/snp_scanning/environment/path.sh
[7.346s] -- Installing: /home/D10.US.SWRI.ORG/dspielman/snp/snp_ws/src/scan_n_plan_workshop/install/snp_scanning/share/snp_scanning/environment/path.dsv
[7.346s] -- Installing: /home/D10.US.SWRI.ORG/dspielman/snp/snp_ws/src/scan_n_plan_workshop/install/snp_scanning/share/snp_scanning/local_setup.bash
[7.347s] -- Installing: /home/D10.US.SWRI.ORG/dspielman/snp/snp_ws/src/scan_n_plan_workshop/install/snp_scanning/share/snp_scanning/local_setup.sh
[7.347s] -- Installing: /home/D10.US.SWRI.ORG/dspielman/snp/snp_ws/src/scan_n_plan_workshop/install/snp_scanning/share/snp_scanning/local_setup.zsh
[7.347s] -- Installing: /home/D10.US.SWRI.ORG/dspielman/snp/snp_ws/src/scan_n_plan_workshop/install/snp_scanning/share/snp_scanning/local_setup.dsv
[7.347s] -- Installing: /home/D10.US.SWRI.ORG/dspielman/snp/snp_ws/src/scan_n_plan_workshop/install/snp_scanning/share/snp_scanning/package.dsv
[7.347s] -- Installing: /home/D10.US.SWRI.ORG/dspielman/snp/snp_ws/src/scan_n_plan_workshop/install/snp_scanning/share/ament_index/resource_index/packages/snp_scanning
[7.348s] -- Installing: /home/D10.US.SWRI.ORG/dspielman/snp/snp_ws/src/scan_n_plan_workshop/install/snp_scanning/share/snp_scanning/cmake/snp_scanningConfig.cmake
[7.348s] -- Installing: /home/D10.US.SWRI.ORG/dspielman/snp/snp_ws/src/scan_n_plan_workshop/install/snp_scanning/share/snp_scanning/cmake/snp_scanningConfig-version.cmake
[7.348s] -- Installing: /home/D10.US.SWRI.ORG/dspielman/snp/snp_ws/src/scan_n_plan_workshop/install/snp_scanning/share/snp_scanning/package.xml
[7.351s] Invoked command in '/home/D10.US.SWRI.ORG/dspielman/snp/snp_ws/src/scan_n_plan_workshop/build/snp_scanning' returned '0': CMAKE_PREFIX_PATH=${CMAKE_PREFIX_PATH}:/home/D10.US.SWRI.ORG/dspielman/snp/snptools_ws/install/open3d_interface:/opt/ros/foxy /usr/bin/cmake --install /home/D10.US.SWRI.ORG/dspielman/snp/snp_ws/src/scan_n_plan_workshop/build/snp_scanning
