[0.027s] Invoking command in '/home/D10.US.SWRI.ORG/dspielman/snp/snp_ws/src/scan_n_plan_workshop/build/snp_support': CMAKE_PREFIX_PATH=${CMAKE_PREFIX_PATH}:/home/D10.US.SWRI.ORG/dspielman/snp/snptools_ws/install/open3d_interface:/opt/ros/foxy /usr/bin/cmake /home/D10.US.SWRI.ORG/dspielman/snp/snp_ws/src/scan_n_plan_workshop/snp_support -DCMAKE_INSTALL_PREFIX=/home/D10.US.SWRI.ORG/dspielman/snp/snp_ws/src/scan_n_plan_workshop/install/snp_support
[0.063s] -- clang-tidy found: /usr/bin/clang-tidy-10
[0.064s] -- include-what-you-use found: /usr/bin/include-what-you-use
[0.064s] -- cppcheck found: /usr/bin/cppcheck
[0.170s] -- The CXX compiler identification is GNU 9.4.0
[0.181s] -- Check for working CXX compiler: /usr/bin/c++
[0.366s] -- Check for working CXX compiler: /usr/bin/c++ -- works
[0.366s] -- Detecting CXX compiler ABI info
[0.539s] -- Detecting CXX compiler ABI info - done
[0.550s] -- Detecting CXX compile features
[0.550s] -- Detecting CXX compile features - done
[0.551s] -- Found package config template: /home/D10.US.SWRI.ORG/dspielman/snp/snp_ws/src/scan_n_plan_workshop/snp_support/cmake/snp_support-config.cmake.in
[0.553s] -- Configuring done
[0.553s] -- Generating done
[0.554s] -- Build files have been written to: /home/D10.US.SWRI.ORG/dspielman/snp/snp_ws/src/scan_n_plan_workshop/build/snp_support
[0.556s] Invoked command in '/home/D10.US.SWRI.ORG/dspielman/snp/snp_ws/src/scan_n_plan_workshop/build/snp_support' returned '0': CMAKE_PREFIX_PATH=${CMAKE_PREFIX_PATH}:/home/D10.US.SWRI.ORG/dspielman/snp/snptools_ws/install/open3d_interface:/opt/ros/foxy /usr/bin/cmake /home/D10.US.SWRI.ORG/dspielman/snp/snp_ws/src/scan_n_plan_workshop/snp_support -DCMAKE_INSTALL_PREFIX=/home/D10.US.SWRI.ORG/dspielman/snp/snp_ws/src/scan_n_plan_workshop/install/snp_support
[0.559s] Invoking command in '/home/D10.US.SWRI.ORG/dspielman/snp/snp_ws/src/scan_n_plan_workshop/build/snp_support': CMAKE_PREFIX_PATH=${CMAKE_PREFIX_PATH}:/home/D10.US.SWRI.ORG/dspielman/snp/snptools_ws/install/open3d_interface:/opt/ros/foxy /usr/bin/cmake --build /home/D10.US.SWRI.ORG/dspielman/snp/snp_ws/src/scan_n_plan_workshop/build/snp_support -- -j8 -l8
[0.682s] Invoked command in '/home/D10.US.SWRI.ORG/dspielman/snp/snp_ws/src/scan_n_plan_workshop/build/snp_support' returned '0': CMAKE_PREFIX_PATH=${CMAKE_PREFIX_PATH}:/home/D10.US.SWRI.ORG/dspielman/snp/snptools_ws/install/open3d_interface:/opt/ros/foxy /usr/bin/cmake --build /home/D10.US.SWRI.ORG/dspielman/snp/snp_ws/src/scan_n_plan_workshop/build/snp_support -- -j8 -l8
[0.819s] Invoking command in '/home/D10.US.SWRI.ORG/dspielman/snp/snp_ws/src/scan_n_plan_workshop/build/snp_support': CMAKE_PREFIX_PATH=${CMAKE_PREFIX_PATH}:/home/D10.US.SWRI.ORG/dspielman/snp/snptools_ws/install/open3d_interface:/opt/ros/foxy /usr/bin/cmake --install /home/D10.US.SWRI.ORG/dspielman/snp/snp_ws/src/scan_n_plan_workshop/build/snp_support
[0.858s] -- Install configuration: ""
[0.858s] -- Installing: /home/D10.US.SWRI.ORG/dspielman/snp/snp_ws/src/scan_n_plan_workshop/install/snp_support/share/snp_support/package.xml
[0.858s] -- Installing: /home/D10.US.SWRI.ORG/dspielman/snp/snp_ws/src/scan_n_plan_workshop/install/snp_support/lib/cmake/snp_support/snp_support-config.cmake
[0.858s] -- Installing: /home/D10.US.SWRI.ORG/dspielman/snp/snp_ws/src/scan_n_plan_workshop/install/snp_support/lib/cmake/snp_support/snp_support-config-version.cmake
[0.859s] -- Installing: /home/D10.US.SWRI.ORG/dspielman/snp/snp_ws/src/scan_n_plan_workshop/install/snp_support/share/ament_index/resource_index/packages/snp_support
[0.859s] -- Installing: /home/D10.US.SWRI.ORG/dspielman/snp/snp_ws/src/scan_n_plan_workshop/install/snp_support/share/snp_support/hook/ament_prefix_path.dsv
[0.859s] -- Installing: /home/D10.US.SWRI.ORG/dspielman/snp/snp_ws/src/scan_n_plan_workshop/install/snp_support/share/snp_support/hook/ros_package_path.dsv
[0.860s] -- Installing: /home/D10.US.SWRI.ORG/dspielman/snp/snp_ws/src/scan_n_plan_workshop/install/snp_support/share/snp_support//config
[0.860s] -- Installing: /home/D10.US.SWRI.ORG/dspielman/snp/snp_ws/src/scan_n_plan_workshop/install/snp_support/share/snp_support//config/workcell_plugins.yaml
[0.860s] -- Installing: /home/D10.US.SWRI.ORG/dspielman/snp/snp_ws/src/scan_n_plan_workshop/install/snp_support/share/snp_support//config/scan_traj.yaml
[0.860s] -- Installing: /home/D10.US.SWRI.ORG/dspielman/snp/snp_ws/src/scan_n_plan_workshop/install/snp_support/share/snp_support//config/camera_calibration.yaml
[0.860s] -- Installing: /home/D10.US.SWRI.ORG/dspielman/snp/snp_ws/src/scan_n_plan_workshop/install/snp_support/share/snp_support//config/rviz_base_config.rviz
[0.860s] -- Installing: /home/D10.US.SWRI.ORG/dspielman/snp/snp_ws/src/scan_n_plan_workshop/install/snp_support/share/snp_support//config/workcell.srdf
[0.860s] -- Installing: /home/D10.US.SWRI.ORG/dspielman/snp/snp_ws/src/scan_n_plan_workshop/install/snp_support/share/snp_support//launch
[0.861s] -- Installing: /home/D10.US.SWRI.ORG/dspielman/snp/snp_ws/src/scan_n_plan_workshop/install/snp_support/share/snp_support//launch/test.launch.xml
[0.861s] -- Installing: /home/D10.US.SWRI.ORG/dspielman/snp/snp_ws/src/scan_n_plan_workshop/install/snp_support/share/snp_support//urdf
[0.861s] -- Installing: /home/D10.US.SWRI.ORG/dspielman/snp/snp_ws/src/scan_n_plan_workshop/install/snp_support/share/snp_support//urdf/workcell.xacro
[0.861s] -- Installing: /home/D10.US.SWRI.ORG/dspielman/snp/snp_ws/src/scan_n_plan_workshop/install/snp_support/share/snp_support//meshes
[0.861s] -- Installing: /home/D10.US.SWRI.ORG/dspielman/snp/snp_ws/src/scan_n_plan_workshop/install/snp_support/share/snp_support//meshes/phone_ch.ply
[0.861s] -- Installing: /home/D10.US.SWRI.ORG/dspielman/snp/snp_ws/src/scan_n_plan_workshop/install/snp_support/share/snp_support//meshes/phone_ch_scaled.ply
[0.861s] -- Installing: /home/D10.US.SWRI.ORG/dspielman/snp/snp_ws/src/scan_n_plan_workshop/install/snp_support/share/snp_support//meshes/simple_phone_mm.PLY
[0.861s] -- Installing: /home/D10.US.SWRI.ORG/dspielman/snp/snp_ws/src/scan_n_plan_workshop/install/snp_support/share/snp_support//meshes/part_scan.ply
[0.862s] -- Installing: /home/D10.US.SWRI.ORG/dspielman/snp/snp_ws/src/scan_n_plan_workshop/install/snp_support/share/snp_support//meshes/simple_phone_m.STL
[0.862s] -- Installing: /home/D10.US.SWRI.ORG/dspielman/snp/snp_ws/src/scan_n_plan_workshop/install/snp_support/share/snp_support//meshes/visual
[0.862s] -- Installing: /home/D10.US.SWRI.ORG/dspielman/snp/snp_ws/src/scan_n_plan_workshop/install/snp_support/share/snp_support//meshes/visual/steel_table.ply
[0.862s] -- Installing: /home/D10.US.SWRI.ORG/dspielman/snp/snp_ws/src/scan_n_plan_workshop/install/snp_support/share/snp_support//meshes/visual/end_effector.stl
[0.865s] -- Installing: /home/D10.US.SWRI.ORG/dspielman/snp/snp_ws/src/scan_n_plan_workshop/install/snp_support/share/snp_support//meshes/collision
[0.865s] -- Installing: /home/D10.US.SWRI.ORG/dspielman/snp/snp_ws/src/scan_n_plan_workshop/install/snp_support/share/snp_support//meshes/collision/backplate.ply
[0.865s] -- Installing: /home/D10.US.SWRI.ORG/dspielman/snp/snp_ws/src/scan_n_plan_workshop/install/snp_support/share/snp_support//meshes/collision/camera2.ply
[0.866s] -- Installing: /home/D10.US.SWRI.ORG/dspielman/snp/snp_ws/src/scan_n_plan_workshop/install/snp_support/share/snp_support//meshes/collision/steel_table.ply
[0.866s] -- Installing: /home/D10.US.SWRI.ORG/dspielman/snp/snp_ws/src/scan_n_plan_workshop/install/snp_support/share/snp_support//meshes/collision/bracket1.ply
[0.866s] -- Installing: /home/D10.US.SWRI.ORG/dspielman/snp/snp_ws/src/scan_n_plan_workshop/install/snp_support/share/snp_support//meshes/collision/front.ply
[0.866s] -- Installing: /home/D10.US.SWRI.ORG/dspielman/snp/snp_ws/src/scan_n_plan_workshop/install/snp_support/share/snp_support//meshes/collision/afd310.ply
[0.866s] -- Installing: /home/D10.US.SWRI.ORG/dspielman/snp/snp_ws/src/scan_n_plan_workshop/install/snp_support/share/snp_support//meshes/collision/camera1.ply
[0.866s] -- Installing: /home/D10.US.SWRI.ORG/dspielman/snp/snp_ws/src/scan_n_plan_workshop/install/snp_support/share/snp_support//meshes/collision/bracket2.ply
[0.867s] -- Installing: /home/D10.US.SWRI.ORG/dspielman/snp/snp_ws/src/scan_n_plan_workshop/install/snp_support/share/snp_support//meshes/collision/rps100.ply
[0.867s] -- Installing: /home/D10.US.SWRI.ORG/dspielman/snp/snp_ws/src/scan_n_plan_workshop/install/snp_support/share/snp_support//meshes/simple_phone_m.PLY
[0.867s] -- Installing: /home/D10.US.SWRI.ORG/dspielman/snp/snp_ws/src/scan_n_plan_workshop/install/snp_support/share/snp_support//meshes/simple_phone_mm.STL
[0.867s] -- Installing: /home/D10.US.SWRI.ORG/dspielman/snp/snp_ws/src/scan_n_plan_workshop/install/snp_support/share/snp_support//meshes/simple_phone_m_z_translation.ply
[0.867s] -- Installing: /home/D10.US.SWRI.ORG/dspielman/snp/snp_ws/src/scan_n_plan_workshop/install/snp_support/share/snp_support//meshes/origin_translation_test.mlp
[0.867s] -- Installing: /home/D10.US.SWRI.ORG/dspielman/snp/snp_ws/src/scan_n_plan_workshop/install/snp_support/share/snp_support//meshes/simple_phone.ply
[0.868s] -- Installing: /home/D10.US.SWRI.ORG/dspielman/snp/snp_ws/src/scan_n_plan_workshop/install/snp_support/share/snp_support//meshes/simple_phone_m.ply
[0.870s] Invoked command in '/home/D10.US.SWRI.ORG/dspielman/snp/snp_ws/src/scan_n_plan_workshop/build/snp_support' returned '0': CMAKE_PREFIX_PATH=${CMAKE_PREFIX_PATH}:/home/D10.US.SWRI.ORG/dspielman/snp/snptools_ws/install/open3d_interface:/opt/ros/foxy /usr/bin/cmake --install /home/D10.US.SWRI.ORG/dspielman/snp/snp_ws/src/scan_n_plan_workshop/build/snp_support
